<?xml version="1.0" encoding="UTF-8"?>
<testsuites name="jest tests" tests="2265" failures="0" errors="0" time="223.164">
  <testsuite name="Troubleshoot Guided Workflow Tool" errors="0" failures="0" skipped="0" timestamp="2025-11-20T20:17:24" time="101.39" tests="40">
    <testcase classname="Troubleshoot Guided Workflow Tool Schema Validation should validate analyze_failure operation input" name="Troubleshoot Guided Workflow Tool Schema Validation should validate analyze_failure operation input" time="3.195">
    </testcase>
    <testcase classname="Troubleshoot Guided Workflow Tool Schema Validation should validate generate_test_plan operation input" name="Troubleshoot Guided Workflow Tool Schema Validation should validate generate_test_plan operation input" time="0.003">
    </testcase>
    <testcase classname="Troubleshoot Guided Workflow Tool Schema Validation should validate full_workflow operation input" name="Troubleshoot Guided Workflow Tool Schema Validation should validate full_workflow operation input" time="0.004">
    </testcase>
    <testcase classname="Troubleshoot Guided Workflow Tool Schema Validation should reject invalid operation" name="Troubleshoot Guided Workflow Tool Schema Validation should reject invalid operation" time="0.046">
    </testcase>
    <testcase classname="Troubleshoot Guided Workflow Tool Schema Validation should reject analyze_failure without failure info" name="Troubleshoot Guided Workflow Tool Schema Validation should reject analyze_failure without failure info" time="0.001">
    </testcase>
    <testcase classname="Troubleshoot Guided Workflow Tool Schema Validation should reject generate_test_plan without failure info" name="Troubleshoot Guided Workflow Tool Schema Validation should reject generate_test_plan without failure info" time="0.001">
    </testcase>
    <testcase classname="Troubleshoot Guided Workflow Tool Schema Validation should use default values for optional parameters" name="Troubleshoot Guided Workflow Tool Schema Validation should use default values for optional parameters" time="0.068">
    </testcase>
    <testcase classname="Troubleshoot Guided Workflow Tool Schema Validation should handle invalid failure type" name="Troubleshoot Guided Workflow Tool Schema Validation should handle invalid failure type" time="0.003">
    </testcase>
    <testcase classname="Troubleshoot Guided Workflow Tool Failure Analysis Operation should analyze test failure correctly" name="Troubleshoot Guided Workflow Tool Failure Analysis Operation should analyze test failure correctly" time="3.033">
    </testcase>
    <testcase classname="Troubleshoot Guided Workflow Tool Failure Analysis Operation should analyze deployment failure correctly" name="Troubleshoot Guided Workflow Tool Failure Analysis Operation should analyze deployment failure correctly" time="2.97">
    </testcase>
    <testcase classname="Troubleshoot Guided Workflow Tool Failure Analysis Operation should analyze build failure correctly" name="Troubleshoot Guided Workflow Tool Failure Analysis Operation should analyze build failure correctly" time="2.982">
    </testcase>
    <testcase classname="Troubleshoot Guided Workflow Tool Failure Analysis Operation should analyze runtime error correctly" name="Troubleshoot Guided Workflow Tool Failure Analysis Operation should analyze runtime error correctly" time="2.983">
    </testcase>
    <testcase classname="Troubleshoot Guided Workflow Tool Failure Analysis Operation should analyze performance issue correctly" name="Troubleshoot Guided Workflow Tool Failure Analysis Operation should analyze performance issue correctly" time="2.89">
    </testcase>
    <testcase classname="Troubleshoot Guided Workflow Tool Failure Analysis Operation should analyze security issue correctly" name="Troubleshoot Guided Workflow Tool Failure Analysis Operation should analyze security issue correctly" time="2.953">
    </testcase>
    <testcase classname="Troubleshoot Guided Workflow Tool Failure Analysis Operation should handle minimal failure information" name="Troubleshoot Guided Workflow Tool Failure Analysis Operation should handle minimal failure information" time="2.997">
    </testcase>
    <testcase classname="Troubleshoot Guided Workflow Tool Failure Analysis Operation should handle failure without context" name="Troubleshoot Guided Workflow Tool Failure Analysis Operation should handle failure without context" time="2.955">
    </testcase>
    <testcase classname="Troubleshoot Guided Workflow Tool Test Plan Generation Operation should generate AI-powered test plan successfully" name="Troubleshoot Guided Workflow Tool Test Plan Generation Operation should generate AI-powered test plan successfully" time="7.024">
    </testcase>
    <testcase classname="Troubleshoot Guided Workflow Tool Test Plan Generation Operation should handle AI API errors and fallback to template" name="Troubleshoot Guided Workflow Tool Test Plan Generation Operation should handle AI API errors and fallback to template" time="19.443">
    </testcase>
    <testcase classname="Troubleshoot Guided Workflow Tool Test Plan Generation Operation should use fallback when AI is disabled" name="Troubleshoot Guided Workflow Tool Test Plan Generation Operation should use fallback when AI is disabled" time="0.002">
    </testcase>
    <testcase classname="Troubleshoot Guided Workflow Tool Test Plan Generation Operation should handle invalid AI response" name="Troubleshoot Guided Workflow Tool Test Plan Generation Operation should handle invalid AI response" time="7.078">
    </testcase>
    <testcase classname="Troubleshoot Guided Workflow Tool Test Plan Generation Operation should handle AI API HTTP errors" name="Troubleshoot Guided Workflow Tool Test Plan Generation Operation should handle AI API HTTP errors" time="7.109">
    </testcase>
    <testcase classname="Troubleshoot Guided Workflow Tool Test Plan Generation Operation should handle empty AI response" name="Troubleshoot Guided Workflow Tool Test Plan Generation Operation should handle empty AI response" time="7.082">
    </testcase>
    <testcase classname="Troubleshoot Guided Workflow Tool Fallback Test Plan Generation should generate fallback plan for test failure" name="Troubleshoot Guided Workflow Tool Fallback Test Plan Generation should generate fallback plan for test failure" time="0.002">
    </testcase>
    <testcase classname="Troubleshoot Guided Workflow Tool Fallback Test Plan Generation should generate fallback plan for deployment failure" name="Troubleshoot Guided Workflow Tool Fallback Test Plan Generation should generate fallback plan for deployment failure" time="0.001">
    </testcase>
    <testcase classname="Troubleshoot Guided Workflow Tool Fallback Test Plan Generation should generate fallback plan for build failure" name="Troubleshoot Guided Workflow Tool Fallback Test Plan Generation should generate fallback plan for build failure" time="0.001">
    </testcase>
    <testcase classname="Troubleshoot Guided Workflow Tool Fallback Test Plan Generation should generate fallback plan for runtime error" name="Troubleshoot Guided Workflow Tool Fallback Test Plan Generation should generate fallback plan for runtime error" time="0.001">
    </testcase>
    <testcase classname="Troubleshoot Guided Workflow Tool Fallback Test Plan Generation should generate fallback plan for unknown failure type" name="Troubleshoot Guided Workflow Tool Fallback Test Plan Generation should generate fallback plan for unknown failure type" time="0.002">
    </testcase>
    <testcase classname="Troubleshoot Guided Workflow Tool Full Workflow Operation should execute full troubleshooting workflow" name="Troubleshoot Guided Workflow Tool Full Workflow Operation should execute full troubleshooting workflow" time="0.011">
    </testcase>
    <testcase classname="Troubleshoot Guided Workflow Tool Full Workflow Operation should handle full workflow with minimal input" name="Troubleshoot Guided Workflow Tool Full Workflow Operation should handle full workflow with minimal input" time="0.081">
    </testcase>
    <testcase classname="Troubleshoot Guided Workflow Tool Error Handling should handle Zod validation errors" name="Troubleshoot Guided Workflow Tool Error Handling should handle Zod validation errors" time="0.002">
    </testcase>
    <testcase classname="Troubleshoot Guided Workflow Tool Error Handling should handle unknown operation gracefully" name="Troubleshoot Guided Workflow Tool Error Handling should handle unknown operation gracefully" time="0.002">
    </testcase>
    <testcase classname="Troubleshoot Guided Workflow Tool Error Handling should handle missing required failure info" name="Troubleshoot Guided Workflow Tool Error Handling should handle missing required failure info" time="0.001">
    </testcase>
    <testcase classname="Troubleshoot Guided Workflow Tool Error Handling should handle general errors in analysis" name="Troubleshoot Guided Workflow Tool Error Handling should handle general errors in analysis" time="0.001">
    </testcase>
    <testcase classname="Troubleshoot Guided Workflow Tool AI Test Plan Formatting should format complex AI test plan correctly" name="Troubleshoot Guided Workflow Tool AI Test Plan Formatting should format complex AI test plan correctly" time="7.023">
    </testcase>
    <testcase classname="Troubleshoot Guided Workflow Tool AI Test Plan Formatting should handle AI test plan with missing sections" name="Troubleshoot Guided Workflow Tool AI Test Plan Formatting should handle AI test plan with missing sections" time="7.08">
    </testcase>
    <testcase classname="Troubleshoot Guided Workflow Tool Integration and Edge Cases should handle failure with all optional fields populated" name="Troubleshoot Guided Workflow Tool Integration and Edge Cases should handle failure with all optional fields populated" time="3.13">
    </testcase>
    <testcase classname="Troubleshoot Guided Workflow Tool Integration and Edge Cases should handle non-reproducible failure correctly" name="Troubleshoot Guided Workflow Tool Integration and Edge Cases should handle non-reproducible failure correctly" time="2.891">
    </testcase>
    <testcase classname="Troubleshoot Guided Workflow Tool Integration and Edge Cases should handle custom project paths correctly" name="Troubleshoot Guided Workflow Tool Integration and Edge Cases should handle custom project paths correctly" time="0.001">
    </testcase>
    <testcase classname="Troubleshoot Guided Workflow Tool Integration and Edge Cases should handle very long error messages" name="Troubleshoot Guided Workflow Tool Integration and Edge Cases should handle very long error messages" time="2.986">
    </testcase>
    <testcase classname="Troubleshoot Guided Workflow Tool Integration and Edge Cases should handle empty arrays gracefully" name="Troubleshoot Guided Workflow Tool Integration and Edge Cases should handle empty arrays gracefully" time="2.965">
    </testcase>
  </testsuite>
  <testsuite name="ResearchOrchestrator" errors="0" failures="0" skipped="0" timestamp="2025-11-20T20:19:05" time="66.897" tests="25">
    <testcase classname="ResearchOrchestrator answerResearchQuestion should return answer with sources and confidence" name="ResearchOrchestrator answerResearchQuestion should return answer with sources and confidence" time="2.913">
    </testcase>
    <testcase classname="ResearchOrchestrator answerResearchQuestion should have high confidence when project files are found" name="ResearchOrchestrator answerResearchQuestion should have high confidence when project files are found" time="2.973">
    </testcase>
    <testcase classname="ResearchOrchestrator answerResearchQuestion should recommend web search when confidence is low" name="ResearchOrchestrator answerResearchQuestion should recommend web search when confidence is low" time="2.935">
    </testcase>
    <testcase classname="ResearchOrchestrator answerResearchQuestion should include metadata about search duration" name="ResearchOrchestrator answerResearchQuestion should include metadata about search duration" time="3.033">
    </testcase>
    <testcase classname="ResearchOrchestrator searchProjectFiles should search for Docker-related files when question mentions Docker" name="ResearchOrchestrator searchProjectFiles should search for Docker-related files when question mentions Docker" time="3.004">
    </testcase>
    <testcase classname="ResearchOrchestrator searchProjectFiles should search for TypeScript files when question mentions TypeScript" name="ResearchOrchestrator searchProjectFiles should search for TypeScript files when question mentions TypeScript" time="2.975">
    </testcase>
    <testcase classname="ResearchOrchestrator searchProjectFiles should always check ADR directory" name="ResearchOrchestrator searchProjectFiles should always check ADR directory" time="3.008">
    </testcase>
    <testcase classname="ResearchOrchestrator searchProjectFiles should calculate relevance scores for files" name="ResearchOrchestrator searchProjectFiles should calculate relevance scores for files" time="2.924">
    </testcase>
    <testcase classname="ResearchOrchestrator calculateConfidence should return valid confidence for any topic" name="ResearchOrchestrator calculateConfidence should return valid confidence for any topic" time="2.982">
    </testcase>
    <testcase classname="ResearchOrchestrator calculateConfidence should increase confidence with multiple sources" name="ResearchOrchestrator calculateConfidence should increase confidence with multiple sources" time="2.938">
    </testcase>
    <testcase classname="ResearchOrchestrator setConfidenceThreshold should update confidence threshold" name="ResearchOrchestrator setConfidenceThreshold should update confidence threshold" time="2.91">
    </testcase>
    <testcase classname="ResearchOrchestrator setConfidenceThreshold should clamp threshold between 0 and 1" name="ResearchOrchestrator setConfidenceThreshold should clamp threshold between 0 and 1" time="0.001">
    </testcase>
    <testcase classname="ResearchOrchestrator extractKeywords should extract meaningful keywords from questions" name="ResearchOrchestrator extractKeywords should extract meaningful keywords from questions" time="2.972">
    </testcase>
    <testcase classname="ResearchOrchestrator synthesizeAnswer should synthesize answer from multiple sources" name="ResearchOrchestrator synthesizeAnswer should synthesize answer from multiple sources" time="2.999">
    </testcase>
    <testcase classname="ResearchOrchestrator synthesizeAnswer should mention web search in answer when needed" name="ResearchOrchestrator synthesizeAnswer should mention web search in answer when needed" time="3.01">
    </testcase>
    <testcase classname="ResearchOrchestrator file pattern matching should match package.json for dependency questions" name="ResearchOrchestrator file pattern matching should match package.json for dependency questions" time="2.995">
    </testcase>
    <testcase classname="ResearchOrchestrator file pattern matching should match test files for testing questions" name="ResearchOrchestrator file pattern matching should match test files for testing questions" time="3.046">
    </testcase>
    <testcase classname="ResearchOrchestrator file pattern matching should skip node_modules directory" name="ResearchOrchestrator file pattern matching should skip node_modules directory" time="2.97">
    </testcase>
    <testcase classname="ResearchOrchestrator error handling should handle file read errors gracefully" name="ResearchOrchestrator error handling should handle file read errors gracefully" time="0.584">
    </testcase>
    <testcase classname="ResearchOrchestrator error handling should handle directory access errors" name="ResearchOrchestrator error handling should handle directory access errors" time="0.51">
    </testcase>
    <testcase classname="ResearchOrchestrator knowledge graph integration should query knowledge graph and include results" name="ResearchOrchestrator knowledge graph integration should query knowledge graph and include results" time="2.981">
    </testcase>
    <testcase classname="ResearchOrchestrator knowledge graph integration should handle empty knowledge graph gracefully" name="ResearchOrchestrator knowledge graph integration should handle empty knowledge graph gracefully" time="3.019">
    </testcase>
    <testcase classname="ResearchOrchestrator knowledge graph integration should include knowledge graph nodes in results when relevant" name="ResearchOrchestrator knowledge graph integration should include knowledge graph nodes in results when relevant" time="2.966">
    </testcase>
    <testcase classname="ResearchOrchestrator knowledge graph integration should extract keywords for knowledge graph query" name="ResearchOrchestrator knowledge graph integration should extract keywords for knowledge graph query" time="3.127">
    </testcase>
    <testcase classname="ResearchOrchestrator knowledge graph integration should boost confidence when knowledge graph data is found" name="ResearchOrchestrator knowledge graph integration should boost confidence when knowledge graph data is found" time="2.973">
    </testcase>
  </testsuite>
  <testsuite name="environment-analysis-tool" errors="0" failures="0" skipped="0" timestamp="2025-11-20T20:17:24" time="193.092" tests="30">
    <testcase classname="environment-analysis-tool analyzeEnvironment specs analysis should perform environment specs analysis with default parameters" name="environment-analysis-tool analyzeEnvironment specs analysis should perform environment specs analysis with default parameters" time="7.79">
    </testcase>
    <testcase classname="environment-analysis-tool analyzeEnvironment specs analysis should handle specs analysis with knowledge enhancement enabled" name="environment-analysis-tool analyzeEnvironment specs analysis should handle specs analysis with knowledge enhancement enabled" time="7.597">
    </testcase>
    <testcase classname="environment-analysis-tool analyzeEnvironment specs analysis should handle specs analysis with knowledge enhancement disabled" name="environment-analysis-tool analyzeEnvironment specs analysis should handle specs analysis with knowledge enhancement disabled" time="7.566">
    </testcase>
    <testcase classname="environment-analysis-tool analyzeEnvironment specs analysis should handle custom project path and ADR directory" name="environment-analysis-tool analyzeEnvironment specs analysis should handle custom project path and ADR directory" time="0.661">
    </testcase>
    <testcase classname="environment-analysis-tool analyzeEnvironment containerization analysis should perform containerization detection analysis" name="environment-analysis-tool analyzeEnvironment containerization analysis should perform containerization detection analysis" time="4.947">
    </testcase>
    <testcase classname="environment-analysis-tool analyzeEnvironment containerization analysis should include containerization knowledge enhancement when enabled" name="environment-analysis-tool analyzeEnvironment containerization analysis should include containerization knowledge enhancement when enabled" time="4.395">
    </testcase>
    <testcase classname="environment-analysis-tool analyzeEnvironment containerization analysis should provide expected containerization output information" name="environment-analysis-tool analyzeEnvironment containerization analysis should provide expected containerization output information" time="4.288">
    </testcase>
    <testcase classname="environment-analysis-tool analyzeEnvironment requirements analysis should perform requirements analysis from ADRs" name="environment-analysis-tool analyzeEnvironment requirements analysis should perform requirements analysis from ADRs" time="2.496">
    </testcase>
    <testcase classname="environment-analysis-tool analyzeEnvironment requirements analysis should include requirements knowledge enhancement" name="environment-analysis-tool analyzeEnvironment requirements analysis should include requirements knowledge enhancement" time="2.402">
    </testcase>
    <testcase classname="environment-analysis-tool analyzeEnvironment requirements analysis should provide expected requirements output information" name="environment-analysis-tool analyzeEnvironment requirements analysis should provide expected requirements output information" time="2.535">
    </testcase>
    <testcase classname="environment-analysis-tool analyzeEnvironment compliance analysis should perform compliance assessment with required parameters" name="environment-analysis-tool analyzeEnvironment compliance analysis should perform compliance assessment with required parameters" time="2.566">
    </testcase>
    <testcase classname="environment-analysis-tool analyzeEnvironment compliance analysis should include compliance knowledge enhancement" name="environment-analysis-tool analyzeEnvironment compliance analysis should include compliance knowledge enhancement" time="2.46">
    </testcase>
    <testcase classname="environment-analysis-tool analyzeEnvironment compliance analysis should provide expected compliance output information" name="environment-analysis-tool analyzeEnvironment compliance analysis should provide expected compliance output information" time="2.378">
    </testcase>
    <testcase classname="environment-analysis-tool analyzeEnvironment compliance analysis should throw error when currentEnvironment is missing" name="environment-analysis-tool analyzeEnvironment compliance analysis should throw error when currentEnvironment is missing" time="2.525">
    </testcase>
    <testcase classname="environment-analysis-tool analyzeEnvironment compliance analysis should throw error when requirements is missing" name="environment-analysis-tool analyzeEnvironment compliance analysis should throw error when requirements is missing" time="2.361">
    </testcase>
    <testcase classname="environment-analysis-tool analyzeEnvironment comprehensive analysis should perform comprehensive environment analysis" name="environment-analysis-tool analyzeEnvironment comprehensive analysis should perform comprehensive environment analysis" time="8.237">
    </testcase>
    <testcase classname="environment-analysis-tool analyzeEnvironment comprehensive analysis should include all analysis types in comprehensive mode" name="environment-analysis-tool analyzeEnvironment comprehensive analysis should include all analysis types in comprehensive mode" time="8.165">
    </testcase>
    <testcase classname="environment-analysis-tool analyzeEnvironment comprehensive analysis should include comprehensive knowledge enhancement" name="environment-analysis-tool analyzeEnvironment comprehensive analysis should include comprehensive knowledge enhancement" time="8.269">
    </testcase>
    <testcase classname="environment-analysis-tool analyzeEnvironment comprehensive analysis should provide comprehensive workflow guidance" name="environment-analysis-tool analyzeEnvironment comprehensive analysis should provide comprehensive workflow guidance" time="8.378">
    </testcase>
    <testcase classname="environment-analysis-tool analyzeEnvironment comprehensive analysis should provide expected comprehensive outcomes" name="environment-analysis-tool analyzeEnvironment comprehensive analysis should provide expected comprehensive outcomes" time="9.945">
    </testcase>
    <testcase classname="environment-analysis-tool analyzeEnvironment error handling should throw error for unknown analysis type" name="environment-analysis-tool analyzeEnvironment error handling should throw error for unknown analysis type" time="2.947">
    </testcase>
    <testcase classname="environment-analysis-tool analyzeEnvironment error handling should handle analysis errors gracefully" name="environment-analysis-tool analyzeEnvironment error handling should handle analysis errors gracefully" time="0.678">
    </testcase>
    <testcase classname="environment-analysis-tool analyzeEnvironment default parameters should use default parameters when not specified" name="environment-analysis-tool analyzeEnvironment default parameters should use default parameters when not specified" time="10.097">
    </testcase>
    <testcase classname="environment-analysis-tool analyzeEnvironment default parameters should use default project path and ADR directory" name="environment-analysis-tool analyzeEnvironment default parameters should use default project path and ADR directory" time="7.779">
    </testcase>
    <testcase classname="environment-analysis-tool analyzeEnvironment default parameters should enable knowledge enhancement and enhanced mode by default" name="environment-analysis-tool analyzeEnvironment default parameters should enable knowledge enhancement and enhanced mode by default" time="7.731">
    </testcase>
    <testcase classname="environment-analysis-tool analyzeEnvironment knowledge enhancement scenarios should handle knowledge generation success" name="environment-analysis-tool analyzeEnvironment knowledge enhancement scenarios should handle knowledge generation success" time="7.711">
    </testcase>
    <testcase classname="environment-analysis-tool analyzeEnvironment knowledge enhancement scenarios should handle knowledge generation disabled" name="environment-analysis-tool analyzeEnvironment knowledge enhancement scenarios should handle knowledge generation disabled" time="7.777">
    </testcase>
    <testcase classname="environment-analysis-tool analyzeEnvironment knowledge enhancement scenarios should handle mixed enhancement settings" name="environment-analysis-tool analyzeEnvironment knowledge enhancement scenarios should handle mixed enhancement settings" time="5.415">
    </testcase>
    <testcase classname="environment-analysis-tool analyzeEnvironment analysis type variations should handle all valid analysis types" name="environment-analysis-tool analyzeEnvironment analysis type variations should handle all valid analysis types" time="26.576">
    </testcase>
    <testcase classname="environment-analysis-tool analyzeEnvironment analysis type variations should provide different content for different analysis types" name="environment-analysis-tool analyzeEnvironment analysis type variations should provide different content for different analysis types" time="16.035">
    </testcase>
  </testsuite>
  <testsuite name="deployment-guidance-tool" errors="0" failures="0" skipped="0" timestamp="2025-11-20T20:20:12" time="31.334" tests="17">
    <testcase classname="deployment-guidance-tool generateDeploymentGuidance basic functionality should generate deployment guidance with default parameters" name="deployment-guidance-tool generateDeploymentGuidance basic functionality should generate deployment guidance with default parameters" time="3.105">
    </testcase>
    <testcase classname="deployment-guidance-tool generateDeploymentGuidance basic functionality should handle custom ADR directory and project path" name="deployment-guidance-tool generateDeploymentGuidance basic functionality should handle custom ADR directory and project path" time="0.644">
    </testcase>
    <testcase classname="deployment-guidance-tool generateDeploymentGuidance basic functionality should handle different environments" name="deployment-guidance-tool generateDeploymentGuidance basic functionality should handle different environments" time="2.983">
    </testcase>
    <testcase classname="deployment-guidance-tool generateDeploymentGuidance basic functionality should handle development environment specifics" name="deployment-guidance-tool generateDeploymentGuidance basic functionality should handle development environment specifics" time="2.911">
    </testcase>
    <testcase classname="deployment-guidance-tool generateDeploymentGuidance configuration options should handle all configuration flags enabled" name="deployment-guidance-tool generateDeploymentGuidance configuration options should handle all configuration flags enabled" time="2.976">
    </testcase>
    <testcase classname="deployment-guidance-tool generateDeploymentGuidance configuration options should handle configuration flags disabled" name="deployment-guidance-tool generateDeploymentGuidance configuration options should handle configuration flags disabled" time="3.028">
    </testcase>
    <testcase classname="deployment-guidance-tool generateDeploymentGuidance configuration options should handle technology filter" name="deployment-guidance-tool generateDeploymentGuidance configuration options should handle technology filter" time="3.023">
    </testcase>
    <testcase classname="deployment-guidance-tool generateDeploymentGuidance configuration options should handle custom requirements" name="deployment-guidance-tool generateDeploymentGuidance configuration options should handle custom requirements" time="3.002">
    </testcase>
    <testcase classname="deployment-guidance-tool generateDeploymentGuidance no ADRs found scenario should provide helpful guidance when no ADRs are found" name="deployment-guidance-tool generateDeploymentGuidance no ADRs found scenario should provide helpful guidance when no ADRs are found" time="0.003">
    </testcase>
    <testcase classname="deployment-guidance-tool generateDeploymentGuidance no ADRs found scenario should use default paths when no ADRs found" name="deployment-guidance-tool generateDeploymentGuidance no ADRs found scenario should use default paths when no ADRs found" time="0.001">
    </testcase>
    <testcase classname="deployment-guidance-tool generateDeploymentGuidance error handling should throw McpAdrError when ADR discovery fails" name="deployment-guidance-tool generateDeploymentGuidance error handling should throw McpAdrError when ADR discovery fails" time="0.021">
    </testcase>
    <testcase classname="deployment-guidance-tool generateDeploymentGuidance error handling should handle non-Error exceptions" name="deployment-guidance-tool generateDeploymentGuidance error handling should handle non-Error exceptions" time="0.002">
    </testcase>
    <testcase classname="deployment-guidance-tool generateDeploymentGuidance error handling should handle undefined error" name="deployment-guidance-tool generateDeploymentGuidance error handling should handle undefined error" time="0.001">
    </testcase>
    <testcase classname="deployment-guidance-tool generateDeploymentGuidance comprehensive scenarios should generate comprehensive production deployment guidance" name="deployment-guidance-tool generateDeploymentGuidance comprehensive scenarios should generate comprehensive production deployment guidance" time="2.909">
    </testcase>
    <testcase classname="deployment-guidance-tool generateDeploymentGuidance comprehensive scenarios should handle complex project structure" name="deployment-guidance-tool generateDeploymentGuidance comprehensive scenarios should handle complex project structure" time="0.614">
    </testcase>
    <testcase classname="deployment-guidance-tool generateDeploymentGuidance output structure validation should always return proper content structure" name="deployment-guidance-tool generateDeploymentGuidance output structure validation should always return proper content structure" time="3.114">
    </testcase>
    <testcase classname="deployment-guidance-tool generateDeploymentGuidance output structure validation should include all required sections in guidance" name="deployment-guidance-tool generateDeploymentGuidance output structure validation should include all required sections in guidance" time="2.862">
    </testcase>
  </testsuite>
  <testsuite name="ADR Suggestion Tool" errors="0" failures="0" skipped="0" timestamp="2025-11-20T20:20:37" time="9.126" tests="26">
    <testcase classname="ADR Suggestion Tool suggestAdrs function basic functionality handles implicit_decisions analysis type" name="ADR Suggestion Tool suggestAdrs function basic functionality handles implicit_decisions analysis type" time="0.007">
    </testcase>
    <testcase classname="ADR Suggestion Tool suggestAdrs function basic functionality handles code_changes analysis type with required parameters" name="ADR Suggestion Tool suggestAdrs function basic functionality handles code_changes analysis type with required parameters" time="0.005">
    </testcase>
    <testcase classname="ADR Suggestion Tool suggestAdrs function basic functionality handles comprehensive analysis type" name="ADR Suggestion Tool suggestAdrs function basic functionality handles comprehensive analysis type" time="3.264">
    </testcase>
    <testcase classname="ADR Suggestion Tool suggestAdrs function parameter validation throws error when code_changes missing required parameters" name="ADR Suggestion Tool suggestAdrs function parameter validation throws error when code_changes missing required parameters" time="0.027">
    </testcase>
    <testcase classname="ADR Suggestion Tool suggestAdrs function parameter validation throws error for unknown analysis type" name="ADR Suggestion Tool suggestAdrs function parameter validation throws error for unknown analysis type" time="0.001">
    </testcase>
    <testcase classname="ADR Suggestion Tool suggestAdrs function enhancement modes works with enhanced mode disabled" name="ADR Suggestion Tool suggestAdrs function enhancement modes works with enhanced mode disabled" time="0.001">
    </testcase>
    <testcase classname="ADR Suggestion Tool suggestAdrs function enhancement modes works with enhanced mode enabled" name="ADR Suggestion Tool suggestAdrs function enhancement modes works with enhanced mode enabled" time="0.001">
    </testcase>
    <testcase classname="ADR Suggestion Tool suggestAdrs function optional parameters accepts all optional parameters" name="ADR Suggestion Tool suggestAdrs function optional parameters accepts all optional parameters" time="0.083">
    </testcase>
    <testcase classname="ADR Suggestion Tool suggestAdrs function optional parameters works with commit messages for code changes" name="ADR Suggestion Tool suggestAdrs function optional parameters works with commit messages for code changes" time="0.003">
    </testcase>
    <testcase classname="ADR Suggestion Tool generateAdrFromDecision function parameter validation validates required decision data fields" name="ADR Suggestion Tool generateAdrFromDecision function parameter validation validates required decision data fields" time="0.001">
    </testcase>
    <testcase classname="ADR Suggestion Tool generateAdrFromDecision function parameter validation validates all required fields are present" name="ADR Suggestion Tool generateAdrFromDecision function parameter validation validates all required fields are present" time="0.001">
    </testcase>
    <testcase classname="ADR Suggestion Tool generateAdrFromDecision function successful generation generates ADR with valid decision data" name="ADR Suggestion Tool generateAdrFromDecision function successful generation generates ADR with valid decision data" time="0.003">
    </testcase>
    <testcase classname="ADR Suggestion Tool generateAdrFromDecision function successful generation uses default template format when not specified" name="ADR Suggestion Tool generateAdrFromDecision function successful generation uses default template format when not specified" time="0.002">
    </testcase>
    <testcase classname="ADR Suggestion Tool generateAdrFromDecision function successful generation uses custom template format" name="ADR Suggestion Tool generateAdrFromDecision function successful generation uses custom template format" time="0.002">
    </testcase>
    <testcase classname="ADR Suggestion Tool generateAdrFromDecision function optional parameters accepts optional decision data fields" name="ADR Suggestion Tool generateAdrFromDecision function optional parameters accepts optional decision data fields" time="0.003">
    </testcase>
    <testcase classname="ADR Suggestion Tool discoverExistingAdrs function basic functionality discovers ADRs with default parameters" name="ADR Suggestion Tool discoverExistingAdrs function basic functionality discovers ADRs with default parameters" time="0.031">
    </testcase>
    <testcase classname="ADR Suggestion Tool discoverExistingAdrs function basic functionality uses custom ADR directory" name="ADR Suggestion Tool discoverExistingAdrs function basic functionality uses custom ADR directory" time="0.014">
    </testcase>
    <testcase classname="ADR Suggestion Tool discoverExistingAdrs function basic functionality includes content when requested" name="ADR Suggestion Tool discoverExistingAdrs function basic functionality includes content when requested" time="0.016">
    </testcase>
    <testcase classname="ADR Suggestion Tool discoverExistingAdrs function cache infrastructure initializes cache infrastructure" name="ADR Suggestion Tool discoverExistingAdrs function cache infrastructure initializes cache infrastructure" time="0.019">
    </testcase>
    <testcase classname="ADR Suggestion Tool discoverExistingAdrs function optional parameters accepts custom project path" name="ADR Suggestion Tool discoverExistingAdrs function optional parameters accepts custom project path" time="0.017">
    </testcase>
    <testcase classname="ADR Suggestion Tool discoverExistingAdrs function optional parameters works with all parameters" name="ADR Suggestion Tool discoverExistingAdrs function optional parameters works with all parameters" time="0.008">
    </testcase>
    <testcase classname="ADR Suggestion Tool Error Handling and Edge Cases McpAdrError handling suggestAdrs wraps errors in McpAdrError" name="ADR Suggestion Tool Error Handling and Edge Cases McpAdrError handling suggestAdrs wraps errors in McpAdrError" time="0">
    </testcase>
    <testcase classname="ADR Suggestion Tool Error Handling and Edge Cases McpAdrError handling generateAdrFromDecision wraps errors in McpAdrError" name="ADR Suggestion Tool Error Handling and Edge Cases McpAdrError handling generateAdrFromDecision wraps errors in McpAdrError" time="0">
    </testcase>
    <testcase classname="ADR Suggestion Tool Error Handling and Edge Cases default parameter handling suggestAdrs uses default parameters" name="ADR Suggestion Tool Error Handling and Edge Cases default parameter handling suggestAdrs uses default parameters" time="2.956">
    </testcase>
    <testcase classname="ADR Suggestion Tool Error Handling and Edge Cases default parameter handling generateAdrFromDecision uses default parameters" name="ADR Suggestion Tool Error Handling and Edge Cases default parameter handling generateAdrFromDecision uses default parameters" time="0.003">
    </testcase>
    <testcase classname="ADR Suggestion Tool Integration Tests full workflow simulation" name="ADR Suggestion Tool Integration Tests full workflow simulation" time="2.488">
    </testcase>
  </testsuite>
  <testsuite name="TestInfrastructure" errors="0" failures="0" skipped="0" timestamp="2025-11-20T20:20:44" time="6.471" tests="21">
    <testcase classname="TestInfrastructure Configuration Management should provide default configuration" name="TestInfrastructure Configuration Management should provide default configuration" time="0.003">
    </testcase>
    <testcase classname="TestInfrastructure Configuration Management should allow configuration updates" name="TestInfrastructure Configuration Management should allow configuration updates" time="0.001">
    </testcase>
    <testcase classname="TestInfrastructure Configuration Management should provide appropriate timeouts for different test types" name="TestInfrastructure Configuration Management should provide appropriate timeouts for different test types" time="0.002">
    </testcase>
    <testcase classname="TestInfrastructure Resource Tracking should track temporary directories" name="TestInfrastructure Resource Tracking should track temporary directories" time="0.003">
    </testcase>
    <testcase classname="TestInfrastructure Resource Tracking should track timers and intervals" name="TestInfrastructure Resource Tracking should track timers and intervals" time="0.002">
    </testcase>
    <testcase classname="TestInfrastructure Resource Tracking should enforce resource limits" name="TestInfrastructure Resource Tracking should enforce resource limits" time="0.02">
    </testcase>
    <testcase classname="TestInfrastructure Resource Tracking should record memory usage" name="TestInfrastructure Resource Tracking should record memory usage" time="0.002">
    </testcase>
    <testcase classname="TestInfrastructure Cleanup Operations should clean up temporary directories" name="TestInfrastructure Cleanup Operations should clean up temporary directories" time="0.014">
    </testcase>
    <testcase classname="TestInfrastructure Cleanup Operations should handle cleanup callbacks" name="TestInfrastructure Cleanup Operations should handle cleanup callbacks" time="0.001">
    </testcase>
    <testcase classname="TestInfrastructure Cleanup Operations should handle cleanup timeout gracefully" name="TestInfrastructure Cleanup Operations should handle cleanup timeout gracefully" time="5.001">
    </testcase>
    <testcase classname="TestInfrastructure Cleanup Operations should provide resource status information" name="TestInfrastructure Cleanup Operations should provide resource status information" time="0.002">
    </testcase>
    <testcase classname="TestInfrastructure Helper Functions should work with withTestInfrastructure helper" name="TestInfrastructure Helper Functions should work with withTestInfrastructure helper" time="0.001">
    </testcase>
    <testcase classname="TestInfrastructure Helper Functions should work with withTimeout helper" name="TestInfrastructure Helper Functions should work with withTimeout helper" time="0.101">
    </testcase>
    <testcase classname="TestInfrastructure Helper Functions should timeout slow operations with withTimeout helper" name="TestInfrastructure Helper Functions should timeout slow operations with withTimeout helper" time="0.201">
    </testcase>
    <testcase classname="TestInfrastructure Helper Functions should work with withResourceTracking helper" name="TestInfrastructure Helper Functions should work with withResourceTracking helper" time="0.001">
    </testcase>
    <testcase classname="TestInfrastructure Error Handling should handle cleanup errors gracefully" name="TestInfrastructure Error Handling should handle cleanup errors gracefully" time="0.001">
    </testcase>
    <testcase classname="TestInfrastructure Error Handling should handle force cleanup" name="TestInfrastructure Error Handling should handle force cleanup" time="1.001">
    </testcase>
    <testcase classname="TestInfrastructure Singleton Behavior should return the same instance" name="TestInfrastructure Singleton Behavior should return the same instance" time="0.004">
    </testcase>
    <testcase classname="TestInfrastructure Singleton Behavior should maintain state across getInstance calls" name="TestInfrastructure Singleton Behavior should maintain state across getInstance calls" time="0.001">
    </testcase>
    <testcase classname="Integration with Jest should work within Jest test environment" name="Integration with Jest should work within Jest test environment" time="0.001">
    </testcase>
    <testcase classname="Integration with Jest should handle Jest mocks and cleanup" name="Integration with Jest should handle Jest mocks and cleanup" time="0.001">
    </testcase>
  </testsuite>
  <testsuite name="Review Existing ADRs Tool" errors="0" failures="0" skipped="0" timestamp="2025-11-20T20:20:46" time="5.652" tests="10">
    <testcase classname="Review Existing ADRs Tool reviewExistingAdrs should review ADRs and analyze code compliance" name="Review Existing ADRs Tool reviewExistingAdrs should review ADRs and analyze code compliance" time="0.587">
    </testcase>
    <testcase classname="Review Existing ADRs Tool reviewExistingAdrs should handle no ADRs found scenario" name="Review Existing ADRs Tool reviewExistingAdrs should handle no ADRs found scenario" time="0.005">
    </testcase>
    <testcase classname="Review Existing ADRs Tool reviewExistingAdrs should analyze specific ADR when provided" name="Review Existing ADRs Tool reviewExistingAdrs should analyze specific ADR when provided" time="0.497">
    </testcase>
    <testcase classname="Review Existing ADRs Tool reviewExistingAdrs should support different analysis depths" name="Review Existing ADRs Tool reviewExistingAdrs should support different analysis depths" time="1.529">
    </testcase>
    <testcase classname="Review Existing ADRs Tool reviewExistingAdrs should include compliance analysis" name="Review Existing ADRs Tool reviewExistingAdrs should include compliance analysis" time="0.523">
    </testcase>
    <testcase classname="Review Existing ADRs Tool reviewExistingAdrs should generate recommendations" name="Review Existing ADRs Tool reviewExistingAdrs should generate recommendations" time="0.513">
    </testcase>
    <testcase classname="Review Existing ADRs Tool reviewExistingAdrs should handle project path not found" name="Review Existing ADRs Tool reviewExistingAdrs should handle project path not found" time="0.004">
    </testcase>
    <testcase classname="Review Existing ADRs Tool reviewExistingAdrs should include implementation tracking" name="Review Existing ADRs Tool reviewExistingAdrs should include implementation tracking" time="0.587">
    </testcase>
    <testcase classname="Review Existing ADRs Tool reviewExistingAdrs should analyze code patterns against ADRs" name="Review Existing ADRs Tool reviewExistingAdrs should analyze code patterns against ADRs" time="0.675">
    </testcase>
    <testcase classname="Review Existing ADRs Tool reviewExistingAdrs should provide gap analysis between ADRs and code" name="Review Existing ADRs Tool reviewExistingAdrs should provide gap analysis between ADRs and code" time="0.614">
    </testcase>
  </testsuite>
  <testsuite name="Research Questions Utilities" errors="0" failures="0" skipped="0" timestamp="2025-11-20T20:20:50" time="4.938" tests="36">
    <testcase classname="Research Questions Utilities correlateProblemKnowledge should successfully correlate problems with knowledge graph" name="Research Questions Utilities correlateProblemKnowledge should successfully correlate problems with knowledge graph" time="0.004">
    </testcase>
    <testcase classname="Research Questions Utilities correlateProblemKnowledge should include problem and knowledge graph statistics in instructions" name="Research Questions Utilities correlateProblemKnowledge should include problem and knowledge graph statistics in instructions" time="0.002">
    </testcase>
    <testcase classname="Research Questions Utilities correlateProblemKnowledge should handle empty problems array" name="Research Questions Utilities correlateProblemKnowledge should handle empty problems array" time="0.005">
    </testcase>
    <testcase classname="Research Questions Utilities correlateProblemKnowledge should handle empty knowledge graph" name="Research Questions Utilities correlateProblemKnowledge should handle empty knowledge graph" time="0.001">
    </testcase>
    <testcase classname="Research Questions Utilities correlateProblemKnowledge should include usage instructions" name="Research Questions Utilities correlateProblemKnowledge should include usage instructions" time="0.001">
    </testcase>
    <testcase classname="Research Questions Utilities correlateProblemKnowledge should include expected response format" name="Research Questions Utilities correlateProblemKnowledge should include expected response format" time="0.003">
    </testcase>
    <testcase classname="Research Questions Utilities correlateProblemKnowledge should handle import failure gracefully" name="Research Questions Utilities correlateProblemKnowledge should handle import failure gracefully" time="0.002">
    </testcase>
    <testcase classname="Research Questions Utilities findRelevantAdrPatterns should successfully find relevant ADR patterns" name="Research Questions Utilities findRelevantAdrPatterns should successfully find relevant ADR patterns" time="0.002">
    </testcase>
    <testcase classname="Research Questions Utilities findRelevantAdrPatterns should include research context in analysis" name="Research Questions Utilities findRelevantAdrPatterns should include research context in analysis" time="0.002">
    </testcase>
    <testcase classname="Research Questions Utilities findRelevantAdrPatterns should include discovered ADRs in prompt" name="Research Questions Utilities findRelevantAdrPatterns should include discovered ADRs in prompt" time="0.002">
    </testcase>
    <testcase classname="Research Questions Utilities findRelevantAdrPatterns should handle custom ADR directory" name="Research Questions Utilities findRelevantAdrPatterns should handle custom ADR directory" time="0.001">
    </testcase>
    <testcase classname="Research Questions Utilities findRelevantAdrPatterns should include architectural patterns" name="Research Questions Utilities findRelevantAdrPatterns should include architectural patterns" time="0.001">
    </testcase>
    <testcase classname="Research Questions Utilities findRelevantAdrPatterns should provide analysis instructions" name="Research Questions Utilities findRelevantAdrPatterns should provide analysis instructions" time="0.002">
    </testcase>
    <testcase classname="Research Questions Utilities generateContextAwareQuestions should correlate problems with knowledge graph" name="Research Questions Utilities generateContextAwareQuestions should correlate problems with knowledge graph" time="0.002">
    </testcase>
    <testcase classname="Research Questions Utilities generateContextAwareQuestions should handle empty knowledge graph" name="Research Questions Utilities generateContextAwareQuestions should handle empty knowledge graph" time="0.002">
    </testcase>
    <testcase classname="Research Questions Utilities generateContextAwareQuestions should handle empty problems array" name="Research Questions Utilities generateContextAwareQuestions should handle empty problems array" time="0.001">
    </testcase>
    <testcase classname="Research Questions Utilities generateContextAwareQuestions should handle multiple problems" name="Research Questions Utilities generateContextAwareQuestions should handle multiple problems" time="0.002">
    </testcase>
    <testcase classname="Research Questions Utilities findRelevantAdrPatterns should find relevant ADR patterns" name="Research Questions Utilities findRelevantAdrPatterns should find relevant ADR patterns" time="0.002">
    </testcase>
    <testcase classname="Research Questions Utilities findRelevantAdrPatterns should handle custom ADR directory" name="Research Questions Utilities findRelevantAdrPatterns should handle custom ADR directory" time="0.001">
    </testcase>
    <testcase classname="Research Questions Utilities findRelevantAdrPatterns should handle minimal context" name="Research Questions Utilities findRelevantAdrPatterns should handle minimal context" time="0.002">
    </testcase>
    <testcase classname="Research Questions Utilities findRelevantAdrPatterns should handle context with all optional fields" name="Research Questions Utilities findRelevantAdrPatterns should handle context with all optional fields" time="0.001">
    </testcase>
    <testcase classname="Research Questions Utilities generateContextAwareQuestions should generate context-aware questions" name="Research Questions Utilities generateContextAwareQuestions should generate context-aware questions" time="2.452">
    </testcase>
    <testcase classname="Research Questions Utilities generateContextAwareQuestions should handle custom project path" name="Research Questions Utilities generateContextAwareQuestions should handle custom project path" time="0.005">
    </testcase>
    <testcase classname="Research Questions Utilities generateContextAwareQuestions should handle empty relevant knowledge" name="Research Questions Utilities generateContextAwareQuestions should handle empty relevant knowledge" time="2.303">
    </testcase>
    <testcase classname="Research Questions Utilities createResearchTaskTracking should create research task tracking" name="Research Questions Utilities createResearchTaskTracking should create research task tracking" time="0.002">
    </testcase>
    <testcase classname="Research Questions Utilities createResearchTaskTracking should handle empty progress array" name="Research Questions Utilities createResearchTaskTracking should handle empty progress array" time="0">
    </testcase>
    <testcase classname="Research Questions Utilities createResearchTaskTracking should handle progress with multiple statuses" name="Research Questions Utilities createResearchTaskTracking should handle progress with multiple statuses" time="0.001">
    </testcase>
    <testcase classname="Research Questions Utilities Interface Validation should validate ResearchProblem interface" name="Research Questions Utilities Interface Validation should validate ResearchProblem interface" time="0.001">
    </testcase>
    <testcase classname="Research Questions Utilities Interface Validation should validate KnowledgeGraph interface" name="Research Questions Utilities Interface Validation should validate KnowledgeGraph interface" time="0.001">
    </testcase>
    <testcase classname="Research Questions Utilities Interface Validation should validate ResearchContext interface" name="Research Questions Utilities Interface Validation should validate ResearchContext interface" time="0.001">
    </testcase>
    <testcase classname="Research Questions Utilities Interface Validation should validate ResearchQuestion interface" name="Research Questions Utilities Interface Validation should validate ResearchQuestion interface" time="0.001">
    </testcase>
    <testcase classname="Research Questions Utilities Error Handling should handle null inputs gracefully" name="Research Questions Utilities Error Handling should handle null inputs gracefully" time="0.024">
    </testcase>
    <testcase classname="Research Questions Utilities Error Handling should handle undefined inputs gracefully" name="Research Questions Utilities Error Handling should handle undefined inputs gracefully" time="0.001">
    </testcase>
    <testcase classname="Research Questions Utilities Error Handling should handle invalid context gracefully" name="Research Questions Utilities Error Handling should handle invalid context gracefully" time="0.001">
    </testcase>
    <testcase classname="Research Questions Utilities Edge Cases should handle very large knowledge graphs" name="Research Questions Utilities Edge Cases should handle very large knowledge graphs" time="0.001">
    </testcase>
    <testcase classname="Research Questions Utilities Edge Cases should handle special characters in inputs" name="Research Questions Utilities Edge Cases should handle special characters in inputs" time="0">
    </testcase>
  </testsuite>
  <testsuite name="ADR Validation Tool" errors="0" failures="0" skipped="0" timestamp="2025-11-20T20:20:52" time="4.033" tests="7">
    <testcase classname="ADR Validation Tool validateAdr should validate a valid ADR successfully" name="ADR Validation Tool validateAdr should validate a valid ADR successfully" time="0.656">
    </testcase>
    <testcase classname="ADR Validation Tool validateAdr should detect ADR drift when infrastructure differs" name="ADR Validation Tool validateAdr should detect ADR drift when infrastructure differs" time="0.596">
    </testcase>
    <testcase classname="ADR Validation Tool validateAdr should handle missing evidence gracefully" name="ADR Validation Tool validateAdr should handle missing evidence gracefully" time="0.515">
    </testcase>
    <testcase classname="ADR Validation Tool validateAdr should work without AI executor (rule-based fallback)" name="ADR Validation Tool validateAdr should work without AI executor (rule-based fallback)" time="0.493">
    </testcase>
    <testcase classname="ADR Validation Tool validateAdr should handle file read errors" name="ADR Validation Tool validateAdr should handle file read errors" time="0.023">
    </testcase>
    <testcase classname="ADR Validation Tool validateAllAdrs should validate multiple ADRs" name="ADR Validation Tool validateAllAdrs should validate multiple ADRs" time="1.066">
    </testcase>
    <testcase classname="ADR Validation Tool validateAllAdrs should generate validation summary" name="ADR Validation Tool validateAllAdrs should generate validation summary" time="0.51">
    </testcase>
  </testsuite>
  <testsuite name="toolChainOrchestrator" errors="0" failures="0" skipped="0" timestamp="2025-11-20T20:20:55" time="0.914" tests="36">
    <testcase classname="toolChainOrchestrator generate_plan operation should handle AI execution disabled for generate_plan" name="toolChainOrchestrator generate_plan operation should handle AI execution disabled for generate_plan" time="0.139">
    </testcase>
    <testcase classname="toolChainOrchestrator generate_plan operation should handle AI execution disabled for plan generation" name="toolChainOrchestrator generate_plan operation should handle AI execution disabled for plan generation" time="0.035">
    </testcase>
    <testcase classname="toolChainOrchestrator generate_plan operation should handle AI execution disabled" name="toolChainOrchestrator generate_plan operation should handle AI execution disabled" time="0.038">
    </testcase>
    <testcase classname="toolChainOrchestrator generate_plan operation should handle API errors" name="toolChainOrchestrator generate_plan operation should handle API errors" time="0.036">
    </testcase>
    <testcase classname="toolChainOrchestrator generate_plan operation should handle empty AI response" name="toolChainOrchestrator generate_plan operation should handle empty AI response" time="0.036">
    </testcase>
    <testcase classname="toolChainOrchestrator generate_plan operation should validate plan safety - max steps constraint" name="toolChainOrchestrator generate_plan operation should validate plan safety - max steps constraint" time="0.039">
    </testcase>
    <testcase classname="toolChainOrchestrator generate_plan operation should validate plan safety - excluded tools" name="toolChainOrchestrator generate_plan operation should validate plan safety - excluded tools" time="0.052">
    </testcase>
    <testcase classname="toolChainOrchestrator generate_plan operation should validate plan safety - unknown tools" name="toolChainOrchestrator generate_plan operation should validate plan safety - unknown tools" time="0.035">
    </testcase>
    <testcase classname="toolChainOrchestrator generate_plan operation should validate plan safety - invalid dependencies" name="toolChainOrchestrator generate_plan operation should validate plan safety - invalid dependencies" time="0.045">
    </testcase>
    <testcase classname="toolChainOrchestrator generate_plan operation should validate plan safety - low confidence" name="toolChainOrchestrator generate_plan operation should validate plan safety - low confidence" time="0.032">
    </testcase>
    <testcase classname="toolChainOrchestrator analyze_intent operation should analyze user intent with AI enabled" name="toolChainOrchestrator analyze_intent operation should analyze user intent with AI enabled" time="0.002">
    </testcase>
    <testcase classname="toolChainOrchestrator analyze_intent operation should fallback to keyword analysis when AI disabled" name="toolChainOrchestrator analyze_intent operation should fallback to keyword analysis when AI disabled" time="0.001">
    </testcase>
    <testcase classname="toolChainOrchestrator analyze_intent operation should handle AI API failure gracefully" name="toolChainOrchestrator analyze_intent operation should handle AI API failure gracefully" time="0.001">
    </testcase>
    <testcase classname="toolChainOrchestrator suggest_tools operation should suggest relevant tools" name="toolChainOrchestrator suggest_tools operation should suggest relevant tools" time="0.001">
    </testcase>
    <testcase classname="toolChainOrchestrator validate_plan operation should return plan validation placeholder" name="toolChainOrchestrator validate_plan operation should return plan validation placeholder" time="0">
    </testcase>
    <testcase classname="toolChainOrchestrator reality_check operation should perform reality check with low risk" name="toolChainOrchestrator reality_check operation should perform reality check with low risk" time="0.001">
    </testcase>
    <testcase classname="toolChainOrchestrator reality_check operation should detect high hallucination risk" name="toolChainOrchestrator reality_check operation should detect high hallucination risk" time="0.001">
    </testcase>
    <testcase classname="toolChainOrchestrator reality_check operation should detect medium hallucination risk" name="toolChainOrchestrator reality_check operation should detect medium hallucination risk" time="0">
    </testcase>
    <testcase classname="toolChainOrchestrator session_guidance operation should provide healthy session guidance" name="toolChainOrchestrator session_guidance operation should provide healthy session guidance" time="0.001">
    </testcase>
    <testcase classname="toolChainOrchestrator session_guidance operation should provide critical session guidance" name="toolChainOrchestrator session_guidance operation should provide critical session guidance" time="0.001">
    </testcase>
    <testcase classname="toolChainOrchestrator session_guidance operation should handle long sessions" name="toolChainOrchestrator session_guidance operation should handle long sessions" time="0.001">
    </testcase>
    <testcase classname="toolChainOrchestrator fallback intent analysis should analyze keywords for generation requests" name="toolChainOrchestrator fallback intent analysis should analyze keywords for generation requests" time="0.001">
    </testcase>
    <testcase classname="toolChainOrchestrator fallback intent analysis should analyze keywords for troubleshooting requests" name="toolChainOrchestrator fallback intent analysis should analyze keywords for troubleshooting requests" time="0.001">
    </testcase>
    <testcase classname="toolChainOrchestrator fallback intent analysis should analyze keywords for security requests" name="toolChainOrchestrator fallback intent analysis should analyze keywords for security requests" time="0.001">
    </testcase>
    <testcase classname="toolChainOrchestrator fallback intent analysis should handle requests with no matching keywords" name="toolChainOrchestrator fallback intent analysis should handle requests with no matching keywords" time="0">
    </testcase>
    <testcase classname="toolChainOrchestrator error handling should handle invalid operation" name="toolChainOrchestrator error handling should handle invalid operation" time="0.003">
    </testcase>
    <testcase classname="toolChainOrchestrator error handling should handle invalid input schema" name="toolChainOrchestrator error handling should handle invalid input schema" time="0.001">
    </testcase>
    <testcase classname="toolChainOrchestrator error handling should handle JSON parsing errors" name="toolChainOrchestrator error handling should handle JSON parsing errors" time="0.061">
    </testcase>
    <testcase classname="toolChainOrchestrator error handling should handle network errors" name="toolChainOrchestrator error handling should handle network errors" time="0.038">
    </testcase>
    <testcase classname="toolChainOrchestrator edge cases should handle empty user request" name="toolChainOrchestrator edge cases should handle empty user request" time="0.001">
    </testcase>
    <testcase classname="toolChainOrchestrator edge cases should handle missing session context" name="toolChainOrchestrator edge cases should handle missing session context" time="0.001">
    </testcase>
    <testcase classname="toolChainOrchestrator edge cases should handle custom instructions with AI disabled" name="toolChainOrchestrator edge cases should handle custom instructions with AI disabled" time="0.049">
    </testcase>
    <testcase classname="toolChainOrchestrator edge cases should handle complex plans with AI disabled" name="toolChainOrchestrator edge cases should handle complex plans with AI disabled" time="0.037">
    </testcase>
    <testcase classname="toolChainOrchestrator edge cases should handle plan requests with AI disabled" name="toolChainOrchestrator edge cases should handle plan requests with AI disabled" time="0.038">
    </testcase>
    <testcase classname="toolChainOrchestrator edge cases should handle plan with fallback steps and prerequisites with AI disabled" name="toolChainOrchestrator edge cases should handle plan with fallback steps and prerequisites with AI disabled" time="0.039">
    </testcase>
    <testcase classname="toolChainOrchestrator edge cases should handle AI execution disabled for plan generation" name="toolChainOrchestrator edge cases should handle AI execution disabled for plan generation" time="0.039">
    </testcase>
  </testsuite>
  <testsuite name="ADR Bootstrap Validation Tool" errors="0" failures="0" skipped="0" timestamp="2025-11-20T20:20:56" time="0.809" tests="18">
    <testcase classname="ADR Bootstrap Validation Tool generateAdrBootstrapScripts should generate both bootstrap and validation scripts by default" name="ADR Bootstrap Validation Tool generateAdrBootstrapScripts should generate both bootstrap and validation scripts by default" time="0.08">
    </testcase>
    <testcase classname="ADR Bootstrap Validation Tool generateAdrBootstrapScripts should generate only bootstrap script when specified" name="ADR Bootstrap Validation Tool generateAdrBootstrapScripts should generate only bootstrap script when specified" time="0.04">
    </testcase>
    <testcase classname="ADR Bootstrap Validation Tool generateAdrBootstrapScripts should generate only validation script when specified" name="ADR Bootstrap Validation Tool generateAdrBootstrapScripts should generate only validation script when specified" time="0.037">
    </testcase>
    <testcase classname="ADR Bootstrap Validation Tool generateAdrBootstrapScripts should include environment-specific configurations" name="ADR Bootstrap Validation Tool generateAdrBootstrapScripts should include environment-specific configurations" time="0.035">
    </testcase>
    <testcase classname="ADR Bootstrap Validation Tool generateAdrBootstrapScripts should support custom template generation" name="ADR Bootstrap Validation Tool generateAdrBootstrapScripts should support custom template generation" time="0.034">
    </testcase>
    <testcase classname="ADR Bootstrap Validation Tool generateAdrBootstrapScripts should include validation rules based on existing ADRs" name="ADR Bootstrap Validation Tool generateAdrBootstrapScripts should include validation rules based on existing ADRs" time="0.032">
    </testcase>
    <testcase classname="ADR Bootstrap Validation Tool generateAdrBootstrapScripts should handle CI/CD integration" name="ADR Bootstrap Validation Tool generateAdrBootstrapScripts should handle CI/CD integration" time="0.035">
    </testcase>
    <testcase classname="ADR Bootstrap Validation Tool generateAdrBootstrapScripts should support dependency tracking" name="ADR Bootstrap Validation Tool generateAdrBootstrapScripts should support dependency tracking" time="0.035">
    </testcase>
    <testcase classname="ADR Bootstrap Validation Tool generateAdrBootstrapScripts should generate comprehensive documentation" name="ADR Bootstrap Validation Tool generateAdrBootstrapScripts should generate comprehensive documentation" time="0.046">
    </testcase>
    <testcase classname="ADR Bootstrap Validation Tool generateAdrBootstrapScripts should handle empty ADR directory" name="ADR Bootstrap Validation Tool generateAdrBootstrapScripts should handle empty ADR directory" time="0.022">
    </testcase>
    <testcase classname="ADR Bootstrap Validation Tool generateAdrBootstrapScripts should validate project structure" name="ADR Bootstrap Validation Tool generateAdrBootstrapScripts should validate project structure" time="0.038">
    </testcase>
    <testcase classname="ADR Bootstrap Validation Tool generateAdrBootstrapScripts should handle invalid project path" name="ADR Bootstrap Validation Tool generateAdrBootstrapScripts should handle invalid project path" time="0.01">
    </testcase>
    <testcase classname="ADR Bootstrap Validation Tool generateAdrBootstrapScripts should support interactive mode configuration" name="ADR Bootstrap Validation Tool generateAdrBootstrapScripts should support interactive mode configuration" time="0.033">
    </testcase>
    <testcase classname="ADR Bootstrap Validation Tool generateAdrBootstrapScripts should generate security-focused validation scripts" name="ADR Bootstrap Validation Tool generateAdrBootstrapScripts should generate security-focused validation scripts" time="0.04">
    </testcase>
    <testcase classname="ADR Bootstrap Validation Tool generateAdrBootstrapScripts should support output format customization" name="ADR Bootstrap Validation Tool generateAdrBootstrapScripts should support output format customization" time="0.032">
    </testcase>
    <testcase classname="ADR Bootstrap Validation Tool generateAdrBootstrapScripts should include performance considerations" name="ADR Bootstrap Validation Tool generateAdrBootstrapScripts should include performance considerations" time="0.035">
    </testcase>
    <testcase classname="ADR Bootstrap Validation Tool Error Handling should handle malformed ADR files gracefully" name="ADR Bootstrap Validation Tool Error Handling should handle malformed ADR files gracefully" time="0.068">
    </testcase>
    <testcase classname="ADR Bootstrap Validation Tool Error Handling should handle permission issues gracefully" name="ADR Bootstrap Validation Tool Error Handling should handle permission issues gracefully" time="0.034">
    </testcase>
  </testsuite>
  <testsuite name="Test Helper Utilities" errors="0" failures="0" skipped="0" timestamp="2025-11-20T20:20:56" time="0.9" tests="29">
    <testcase classname="Test Helper Utilities Test Type Decorators should execute unit tests with proper timeout" name="Test Helper Utilities Test Type Decorators should execute unit tests with proper timeout" time="0.004">
    </testcase>
    <testcase classname="Test Helper Utilities Test Type Decorators should handle test timeouts appropriately" name="Test Helper Utilities Test Type Decorators should handle test timeouts appropriately" time="0.001">
    </testcase>
    <testcase classname="Test Helper Utilities File and Directory Helpers should create test files with content" name="Test Helper Utilities File and Directory Helpers should create test files with content" time="0.003">
    </testcase>
    <testcase classname="Test Helper Utilities File and Directory Helpers should create test directories with structure" name="Test Helper Utilities File and Directory Helpers should create test directories with structure" time="0.004">
    </testcase>
    <testcase classname="Test Helper Utilities File and Directory Helpers should track created files for cleanup" name="Test Helper Utilities File and Directory Helpers should track created files for cleanup" time="0.003">
    </testcase>
    <testcase classname="Test Helper Utilities Timer and Async Helpers should create and track mock timers" name="Test Helper Utilities Timer and Async Helpers should create and track mock timers" time="0.101">
    </testcase>
    <testcase classname="Test Helper Utilities Timer and Async Helpers should create and track mock intervals" name="Test Helper Utilities Timer and Async Helpers should create and track mock intervals" time="0.001">
    </testcase>
    <testcase classname="Test Helper Utilities Timer and Async Helpers should wait for conditions with timeout" name="Test Helper Utilities Timer and Async Helpers should wait for conditions with timeout" time="0.201">
    </testcase>
    <testcase classname="Test Helper Utilities Timer and Async Helpers should timeout when condition is not met" name="Test Helper Utilities Timer and Async Helpers should timeout when condition is not met" time="0.123">
    </testcase>
    <testcase classname="Test Helper Utilities Timer and Async Helpers should wait for async operations" name="Test Helper Utilities Timer and Async Helpers should wait for async operations" time="0.062">
    </testcase>
    <testcase classname="Test Helper Utilities Memory and Resource Monitoring should check memory usage expectations" name="Test Helper Utilities Memory and Resource Monitoring should check memory usage expectations" time="0.006">
    </testcase>
    <testcase classname="Test Helper Utilities Memory and Resource Monitoring should verify no resource leaks" name="Test Helper Utilities Memory and Resource Monitoring should verify no resource leaks" time="0.002">
    </testcase>
    <testcase classname="Test Helper Utilities Memory and Resource Monitoring should detect resource leaks when they occur" name="Test Helper Utilities Memory and Resource Monitoring should detect resource leaks when they occur" time="0.002">
    </testcase>
    <testcase classname="Test Helper Utilities Error Helpers should create timeout errors" name="Test Helper Utilities Error Helpers should create timeout errors" time="0.001">
    </testcase>
    <testcase classname="Test Helper Utilities Error Helpers should create resource errors" name="Test Helper Utilities Error Helpers should create resource errors" time="0.002">
    </testcase>
    <testcase classname="Test Helper Utilities Data Generation Helpers should generate large datasets" name="Test Helper Utilities Data Generation Helpers should generate large datasets" time="0.002">
    </testcase>
    <testcase classname="Test Helper Utilities Data Generation Helpers should generate concurrent operations" name="Test Helper Utilities Data Generation Helpers should generate concurrent operations" time="0.001">
    </testcase>
    <testcase classname="Test Helper Utilities Mock Helpers should create mock functions with cleanup" name="Test Helper Utilities Mock Helpers should create mock functions with cleanup" time="0.002">
    </testcase>
    <testcase classname="Test Helper Utilities Mock Helpers should mock console methods with cleanup" name="Test Helper Utilities Mock Helpers should mock console methods with cleanup" time="0.001">
    </testcase>
    <testcase classname="Test Helper Utilities Performance Benchmarking should create and use performance benchmarks" name="Test Helper Utilities Performance Benchmarking should create and use performance benchmarks" time="0.103">
    </testcase>
    <testcase classname="Test Helper Utilities Performance Benchmarking should validate performance expectations" name="Test Helper Utilities Performance Benchmarking should validate performance expectations" time="0.052">
    </testcase>
    <testcase classname="Test Helper Utilities Environment Detection should detect CI environment" name="Test Helper Utilities Environment Detection should detect CI environment" time="0.001">
    </testcase>
    <testcase classname="Test Helper Utilities Environment Detection should detect coverage runs" name="Test Helper Utilities Environment Detection should detect coverage runs" time="0.004">
    </testcase>
    <testcase classname="Test Helper Utilities Retry Operations should retry failed operations" name="Test Helper Utilities Retry Operations should retry failed operations" time="0.031">
    </testcase>
    <testcase classname="Test Helper Utilities Retry Operations should fail after max retries" name="Test Helper Utilities Retry Operations should fail after max retries" time="0.035">
    </testcase>
    <testcase classname="Test Helper Utilities Cleanup Verification should verify cleanup without throwing" name="Test Helper Utilities Cleanup Verification should verify cleanup without throwing" time="0.001">
    </testcase>
    <testcase classname="PerformanceBenchmark Class should track timing correctly" name="PerformanceBenchmark Class should track timing correctly" time="0.004">
    </testcase>
    <testcase classname="PerformanceBenchmark Class should track memory usage" name="PerformanceBenchmark Class should track memory usage" time="0.001">
    </testcase>
    <testcase classname="PerformanceBenchmark Class should generate comprehensive reports" name="PerformanceBenchmark Class should generate comprehensive reports" time="0.051">
    </testcase>
  </testsuite>
  <testsuite name="File System Utilities" errors="0" failures="0" skipped="0" timestamp="2025-11-20T20:20:57" time="0.709" tests="16">
    <testcase classname="File System Utilities should be importable without errors" name="File System Utilities should be importable without errors" time="0.036">
    </testcase>
    <testcase classname="File System Utilities findFiles function - Integration Style Tests should handle empty patterns gracefully" name="File System Utilities findFiles function - Integration Style Tests should handle empty patterns gracefully" time="0.003">
    </testcase>
    <testcase classname="File System Utilities findFiles function - Integration Style Tests should return proper structure for valid patterns" name="File System Utilities findFiles function - Integration Style Tests should return proper structure for valid patterns" time="0.013">
    </testcase>
    <testcase classname="File System Utilities findFiles function - Integration Style Tests should handle includeContent option" name="File System Utilities findFiles function - Integration Style Tests should handle includeContent option" time="0.004">
    </testcase>
    <testcase classname="File System Utilities findFiles function - Integration Style Tests should apply file limits correctly" name="File System Utilities findFiles function - Integration Style Tests should apply file limits correctly" time="0.102">
    </testcase>
    <testcase classname="File System Utilities findFiles function - Integration Style Tests should handle non-existent paths gracefully" name="File System Utilities findFiles function - Integration Style Tests should handle non-existent paths gracefully" time="0.002">
    </testcase>
    <testcase classname="File System Utilities findFiles function - Integration Style Tests should handle relative paths" name="File System Utilities findFiles function - Integration Style Tests should handle relative paths" time="0.002">
    </testcase>
    <testcase classname="File System Utilities findFiles function - Integration Style Tests should exclude ignored directories by default" name="File System Utilities findFiles function - Integration Style Tests should exclude ignored directories by default" time="0.101">
    </testcase>
    <testcase classname="File System Utilities FileInfo interface validation should create valid FileInfo objects" name="File System Utilities FileInfo interface validation should create valid FileInfo objects" time="0.005">
    </testcase>
    <testcase classname="File System Utilities Error handling and edge cases should handle invalid patterns gracefully" name="File System Utilities Error handling and edge cases should handle invalid patterns gracefully" time="0.027">
    </testcase>
    <testcase classname="File System Utilities Error handling and edge cases should handle very restrictive patterns" name="File System Utilities Error handling and edge cases should handle very restrictive patterns" time="0.062">
    </testcase>
[...]
    </testcase>
    <testcase classname="Configuration Management path helpers should get cache directory path" name="Configuration Management path helpers should get cache directory path" time="0.002">
    </testcase>
  </testsuite>
  <testsuite name="prompt-execution" errors="0" failures="0" skipped="0" timestamp="2025-11-20T20:21:05" time="0.265" tests="25">
    <testcase classname="prompt-execution executePromptWithFallback should execute with AI when enabled and not forced to prompt-only" name="prompt-execution executePromptWithFallback should execute with AI when enabled and not forced to prompt-only" time="0.007">
    </testcase>
    <testcase classname="prompt-execution executePromptWithFallback should execute structured prompt with JSON format" name="prompt-execution executePromptWithFallback should execute structured prompt with JSON format" time="0.004">
    </testcase>
    <testcase classname="prompt-execution executePromptWithFallback should handle string data from structured prompt" name="prompt-execution executePromptWithFallback should handle string data from structured prompt" time="0.004">
    </testcase>
    <testcase classname="prompt-execution executePromptWithFallback should fallback to prompt-only when AI execution fails" name="prompt-execution executePromptWithFallback should fallback to prompt-only when AI execution fails" time="0.006">
    </testcase>
    <testcase classname="prompt-execution executePromptWithFallback should use prompt-only mode when forcePromptOnly is true" name="prompt-execution executePromptWithFallback should use prompt-only mode when forcePromptOnly is true" time="0.004">
    </testcase>
    <testcase classname="prompt-execution executePromptWithFallback should use prompt-only mode when AI is disabled" name="prompt-execution executePromptWithFallback should use prompt-only mode when AI is disabled" time="0.004">
    </testcase>
    <testcase classname="prompt-execution executePromptWithFallback should format prompt with context placeholders" name="prompt-execution executePromptWithFallback should format prompt with context placeholders" time="0.004">
    </testcase>
    <testcase classname="prompt-execution executePromptWithFallback should format prompt without context placeholders" name="prompt-execution executePromptWithFallback should format prompt without context placeholders" time="0.004">
    </testcase>
    <testcase classname="prompt-execution executeADRSuggestionPrompt should execute ADR suggestion prompt with default system prompt" name="prompt-execution executeADRSuggestionPrompt should execute ADR suggestion prompt with default system prompt" time="0.006">
    </testcase>
    <testcase classname="prompt-execution executeADRSuggestionPrompt should use custom system prompt when provided" name="prompt-execution executeADRSuggestionPrompt should use custom system prompt when provided" time="0.005">
    </testcase>
    <testcase classname="prompt-execution executeADRGenerationPrompt should execute ADR generation prompt with appropriate system prompt" name="prompt-execution executeADRGenerationPrompt should execute ADR generation prompt with appropriate system prompt" time="0.009">
    </testcase>
    <testcase classname="prompt-execution executeEcosystemAnalysisPrompt should execute ecosystem analysis prompt" name="prompt-execution executeEcosystemAnalysisPrompt should execute ecosystem analysis prompt" time="0.01">
    </testcase>
    <testcase classname="prompt-execution executeResearchPrompt should execute research prompt with higher temperature" name="prompt-execution executeResearchPrompt should execute research prompt with higher temperature" time="0.011">
    </testcase>
    <testcase classname="prompt-execution isAIExecutionAvailable should return true when AI executor is available" name="prompt-execution isAIExecutionAvailable should return true when AI executor is available" time="0.01">
    </testcase>
    <testcase classname="prompt-execution isAIExecutionAvailable should return false when AI executor is not available" name="prompt-execution isAIExecutionAvailable should return false when AI executor is not available" time="0.007">
    </testcase>
    <testcase classname="prompt-execution isAIExecutionAvailable should return false when getAIExecutor throws error" name="prompt-execution isAIExecutionAvailable should return false when getAIExecutor throws error" time="0.01">
    </testcase>
    <testcase classname="prompt-execution getAIExecutionStatus should return complete status when AI is enabled" name="prompt-execution getAIExecutionStatus should return complete status when AI is enabled" time="0.01">
    </testcase>
    <testcase classname="prompt-execution getAIExecutionStatus should return status with reason when API key is missing" name="prompt-execution getAIExecutionStatus should return status with reason when API key is missing" time="0.008">
    </testcase>
    <testcase classname="prompt-execution getAIExecutionStatus should return status with reason when execution mode is not full" name="prompt-execution getAIExecutionStatus should return status with reason when execution mode is not full" time="0.03">
    </testcase>
    <testcase classname="prompt-execution getAIExecutionStatus should handle configuration errors" name="prompt-execution getAIExecutionStatus should handle configuration errors" time="0.002">
    </testcase>
    <testcase classname="prompt-execution getAIExecutionInfo should return execution info when available" name="prompt-execution getAIExecutionInfo should return execution info when available" time="0.002">
    </testcase>
    <testcase classname="prompt-execution getAIExecutionInfo should return limited info when not available" name="prompt-execution getAIExecutionInfo should return limited info when not available" time="0.002">
    </testcase>
    <testcase classname="prompt-execution formatMCPResponse should format AI-generated response with metadata" name="prompt-execution formatMCPResponse should format AI-generated response with metadata" time="0.002">
    </testcase>
    <testcase classname="prompt-execution formatMCPResponse should format AI-generated response without usage info" name="prompt-execution formatMCPResponse should format AI-generated response without usage info" time="0.001">
    </testcase>
    <testcase classname="prompt-execution formatMCPResponse should format prompt-only response without metadata" name="prompt-execution formatMCPResponse should format prompt-only response without metadata" time="0.001">
    </testcase>
  </testsuite>
  <testsuite name="Simple Memory Migration Test" errors="0" failures="0" skipped="0" timestamp="2025-11-20T20:21:06" time="0.123" tests="3">
    <testcase classname="Simple Memory Migration Test should instantiate migration manager successfully" name="Simple Memory Migration Test should instantiate migration manager successfully" time="0.004">
    </testcase>
    <testcase classname="Simple Memory Migration Test should handle missing data sources gracefully" name="Simple Memory Migration Test should handle missing data sources gracefully" time="0.006">
    </testcase>
    <testcase classname="Simple Memory Migration Test should create migration manager with correct configuration" name="Simple Memory Migration Test should create migration manager with correct configuration" time="0.002">
    </testcase>
  </testsuite>
  <testsuite name="interactive-approval" errors="0" failures="0" skipped="0" timestamp="2025-11-20T20:21:06" time="0.141" tests="14">
    <testcase classname="interactive-approval handleInteractiveApproval should return proceed true for empty items array" name="interactive-approval handleInteractiveApproval should return proceed true for empty items array" time="0.004">
    </testcase>
    <testcase classname="interactive-approval handleInteractiveApproval should handle non-interactive mode with auto-reject errors" name="interactive-approval handleInteractiveApproval should handle non-interactive mode with auto-reject errors" time="0.002">
    </testcase>
    <testcase classname="interactive-approval handleInteractiveApproval should auto-approve info items when option is set" name="interactive-approval handleInteractiveApproval should auto-approve info items when option is set" time="0.001">
    </testcase>
    <testcase classname="interactive-approval handleInteractiveApproval should proceed when no files are rejected in non-interactive mode" name="interactive-approval handleInteractiveApproval should proceed when no files are rejected in non-interactive mode" time="0.002">
    </testcase>
    <testcase classname="interactive-approval batchApproval should apply action to items with same severity" name="interactive-approval batchApproval should apply action to items with same severity" time="0.005">
    </testcase>
    <testcase classname="interactive-approval batchApproval should apply action to items with same issue type" name="interactive-approval batchApproval should apply action to items with same issue type" time="0.001">
    </testcase>
    <testcase classname="interactive-approval batchApproval should return only original action if reference item not found" name="interactive-approval batchApproval should return only original action if reference item not found" time="0.002">
    </testcase>
    <testcase classname="interactive-approval batchApproval should handle multiple criteria filters" name="interactive-approval batchApproval should handle multiple criteria filters" time="0.001">
    </testcase>
    <testcase classname="interactive-approval batchApproval should include target and reason in batch actions" name="interactive-approval batchApproval should include target and reason in batch actions" time="0.001">
    </testcase>
    <testcase classname="interactive-approval saveApprovalPreferences should save approval preferences to file" name="interactive-approval saveApprovalPreferences should save approval preferences to file" time="0.002">
    </testcase>
    <testcase classname="interactive-approval saveApprovalPreferences should use default config path when not specified" name="interactive-approval saveApprovalPreferences should use default config path when not specified" time="0.002">
    </testcase>
    <testcase classname="interactive-approval saveApprovalPreferences should handle file write errors gracefully" name="interactive-approval saveApprovalPreferences should handle file write errors gracefully" time="0.002">
    </testcase>
    <testcase classname="interactive-approval saveApprovalPreferences should handle non-Error exceptions" name="interactive-approval saveApprovalPreferences should handle non-Error exceptions" time="0.003">
    </testcase>
    <testcase classname="interactive-approval saveApprovalPreferences should create preferences with timestamp and mapped actions" name="interactive-approval saveApprovalPreferences should create preferences with timestamp and mapped actions" time="0.004">
    </testcase>
  </testsuite>
  <testsuite name="TreeSitter Jest Integration" errors="0" failures="0" skipped="0" timestamp="2025-11-20T20:21:06" time="0.11" tests="11">
    <testcase classname="TreeSitter Jest Integration should initialize without loading parsers in test environment" name="TreeSitter Jest Integration should initialize without loading parsers in test environment" time="0.003">
    </testcase>
    <testcase classname="TreeSitter Jest Integration should use fallback analysis when parsers are not available" name="TreeSitter Jest Integration should use fallback analysis when parsers are not available" time="0.006">
    </testcase>
    <testcase classname="TreeSitter Jest Integration should analyze JavaScript without tree-sitter" name="TreeSitter Jest Integration should analyze JavaScript without tree-sitter" time="0.002">
    </testcase>
    <testcase classname="TreeSitter Jest Integration should analyze Python without tree-sitter" name="TreeSitter Jest Integration should analyze Python without tree-sitter" time="0.001">
    </testcase>
    <testcase classname="TreeSitter Jest Integration should handle YAML without tree-sitter" name="TreeSitter Jest Integration should handle YAML without tree-sitter" time="0.002">
    </testcase>
    <testcase classname="TreeSitter Jest Integration should detect secrets in Dockerfile without tree-sitter" name="TreeSitter Jest Integration should detect secrets in Dockerfile without tree-sitter" time="0.001">
    </testcase>
    <testcase classname="TreeSitter Jest Integration should analyze JSON configuration without tree-sitter" name="TreeSitter Jest Integration should analyze JSON configuration without tree-sitter" time="0.001">
    </testcase>
    <testcase classname="TreeSitter Jest Integration should not emit warnings during initialization" name="TreeSitter Jest Integration should not emit warnings during initialization" time="0">
    </testcase>
    <testcase classname="TreeSitter Jest Integration should handle unsupported file types gracefully" name="TreeSitter Jest Integration should handle unsupported file types gracefully" time="0.001">
    </testcase>
    <testcase classname="TreeSitter Jest Integration should create multiple analyzer instances without issues" name="TreeSitter Jest Integration should create multiple analyzer instances without issues" time="0.001">
    </testcase>
    <testcase classname="TreeSitter Jest Integration should maintain functionality across different file types" name="TreeSitter Jest Integration should maintain functionality across different file types" time="0.008">
    </testcase>
  </testsuite>
  <testsuite name="Type Definitions" errors="0" failures="0" skipped="0" timestamp="2025-11-20T20:21:06" time="0.122" tests="9">
    <testcase classname="Type Definitions AdrSchema should validate a valid ADR object" name="Type Definitions AdrSchema should validate a valid ADR object" time="0.004">
    </testcase>
    <testcase classname="Type Definitions AdrSchema should reject an invalid ADR object" name="Type Definitions AdrSchema should reject an invalid ADR object" time="0.002">
    </testcase>
    <testcase classname="Type Definitions DetectedTechnologySchema should validate a valid technology object" name="Type Definitions DetectedTechnologySchema should validate a valid technology object" time="0.002">
    </testcase>
    <testcase classname="Type Definitions DetectedPatternSchema should validate a valid pattern object" name="Type Definitions DetectedPatternSchema should validate a valid pattern object" time="0.001">
    </testcase>
    <testcase classname="Error Classes McpAdrError should create error with code and message" name="Error Classes McpAdrError should create error with code and message" time="0.007">
    </testcase>
    <testcase classname="Error Classes McpAdrError should create error with details" name="Error Classes McpAdrError should create error with details" time="0.002">
    </testcase>
    <testcase classname="Error Classes ValidationError should extend McpAdrError with validation code" name="Error Classes ValidationError should extend McpAdrError with validation code" time="0.002">
    </testcase>
    <testcase classname="Custom Jest Matchers should have custom ADR validation matcher" name="Custom Jest Matchers should have custom ADR validation matcher" time="0.001">
    </testcase>
    <testcase classname="Custom Jest Matchers should have custom schema validation matcher" name="Custom Jest Matchers should have custom schema validation matcher" time="0.001">
    </testcase>
  </testsuite>
  <testsuite name="Monitoring Smoke Tests" errors="0" failures="0" skipped="0" timestamp="2025-11-20T20:21:06" time="0.093" tests="5">
    <testcase classname="Monitoring Smoke Tests should create monitoring manager" name="Monitoring Smoke Tests should create monitoring manager" time="0.006">
    </testcase>
    <testcase classname="Monitoring Smoke Tests should record counter metric" name="Monitoring Smoke Tests should record counter metric" time="0.002">
    </testcase>
    <testcase classname="Monitoring Smoke Tests should track request lifecycle" name="Monitoring Smoke Tests should track request lifecycle" time="0.001">
    </testcase>
    <testcase classname="Monitoring Smoke Tests should generate performance snapshot" name="Monitoring Smoke Tests should generate performance snapshot" time="0.001">
    </testcase>
    <testcase classname="Monitoring Smoke Tests should export metrics" name="Monitoring Smoke Tests should export metrics" time="0.001">
    </testcase>
  </testsuite>
  <testsuite name="Gitleaks Detector" errors="0" failures="0" skipped="0" timestamp="2025-11-20T20:21:06" time="0.114" tests="10">
    <testcase classname="Gitleaks Detector analyzeSensitiveContent should return empty result when no secrets found" name="Gitleaks Detector analyzeSensitiveContent should return empty result when no secrets found" time="0.004">
    </testcase>
    <testcase classname="Gitleaks Detector analyzeSensitiveContent should parse gitleaks output when secrets are found" name="Gitleaks Detector analyzeSensitiveContent should parse gitleaks output when secrets are found" time="0.005">
    </testcase>
    <testcase classname="Gitleaks Detector analyzeSensitiveContent should handle gitleaks execution errors gracefully" name="Gitleaks Detector analyzeSensitiveContent should handle gitleaks execution errors gracefully" time="0.002">
    </testcase>
    <testcase classname="Gitleaks Detector analyzeSensitiveContent should categorize rules correctly" name="Gitleaks Detector analyzeSensitiveContent should categorize rules correctly" time="0.002">
    </testcase>
    <testcase classname="Gitleaks Detector analyzeSensitiveContent should clean up temporary files" name="Gitleaks Detector analyzeSensitiveContent should clean up temporary files" time="0.001">
    </testcase>
    <testcase classname="Gitleaks Detector isObviouslySensitive should identify sensitive file names" name="Gitleaks Detector isObviouslySensitive should identify sensitive file names" time="0.002">
    </testcase>
    <testcase classname="Gitleaks Detector isObviouslySensitive should not flag normal file names" name="Gitleaks Detector isObviouslySensitive should not flag normal file names" time="0.001">
    </testcase>
    <testcase classname="Gitleaks Detector severity mapping should assign critical severity to important services" name="Gitleaks Detector severity mapping should assign critical severity to important services" time="0.005">
    </testcase>
    <testcase classname="Gitleaks Detector suggestions generation should provide appropriate suggestions for different secret types" name="Gitleaks Detector suggestions generation should provide appropriate suggestions for different secret types" time="0.002">
    </testcase>
    <testcase classname="Gitleaks Detector recommendations should provide critical warnings for critical issues" name="Gitleaks Detector recommendations should provide critical warnings for critical issues" time="0.001">
    </testcase>
  </testsuite>
  <testsuite name="Version Management" errors="0" failures="0" skipped="0" timestamp="2025-11-20T20:21:06" time="0.092" tests="3">
    <testcase classname="Version Management should return correct version from package.json" name="Version Management should return correct version from package.json" time="0.003">
    </testcase>
    <testcase classname="Version Management should use generic fallback version when package.json not found" name="Version Management should use generic fallback version when package.json not found" time="0.003">
    </testcase>
    <testcase classname="Version Management should be future-proof for version updates" name="Version Management should be future-proof for version updates" time="0.002">
    </testcase>
  </testsuite>
</testsuites>