<?xml version="1.0" encoding="UTF-8"?>
<testsuites name="jest tests" tests="30" failures="0" errors="0" time="0.586">
  <testsuite name="environment-analysis-tool" errors="0" failures="0" skipped="29" timestamp="2025-12-12T15:52:24" time="0.36" tests="30">
    <testcase classname="environment-analysis-tool analyzeEnvironment specs analysis should perform environment specs analysis with default parameters" name="environment-analysis-tool analyzeEnvironment specs analysis should perform environment specs analysis with default parameters" time="0.011">
    </testcase>
    <testcase classname="environment-analysis-tool analyzeEnvironment specs analysis should handle specs analysis with knowledge enhancement enabled" name="environment-analysis-tool analyzeEnvironment specs analysis should handle specs analysis with knowledge enhancement enabled" time="0">
      <skipped/>
    </testcase>
    <testcase classname="environment-analysis-tool analyzeEnvironment specs analysis should handle specs analysis with knowledge enhancement disabled" name="environment-analysis-tool analyzeEnvironment specs analysis should handle specs analysis with knowledge enhancement disabled" time="0">
      <skipped/>
    </testcase>
    <testcase classname="environment-analysis-tool analyzeEnvironment specs analysis should handle custom project path and ADR directory" name="environment-analysis-tool analyzeEnvironment specs analysis should handle custom project path and ADR directory" time="0">
      <skipped/>
    </testcase>
    <testcase classname="environment-analysis-tool analyzeEnvironment containerization analysis should perform containerization detection analysis" name="environment-analysis-tool analyzeEnvironment containerization analysis should perform containerization detection analysis" time="0">
      <skipped/>
    </testcase>
    <testcase classname="environment-analysis-tool analyzeEnvironment containerization analysis should include containerization knowledge enhancement when enabled" name="environment-analysis-tool analyzeEnvironment containerization analysis should include containerization knowledge enhancement when enabled" time="0">
      <skipped/>
    </testcase>
    <testcase classname="environment-analysis-tool analyzeEnvironment containerization analysis should provide expected containerization output information" name="environment-analysis-tool analyzeEnvironment containerization analysis should provide expected containerization output information" time="0">
      <skipped/>
    </testcase>
    <testcase classname="environment-analysis-tool analyzeEnvironment requirements analysis should perform requirements analysis from ADRs" name="environment-analysis-tool analyzeEnvironment requirements analysis should perform requirements analysis from ADRs" time="0">
      <skipped/>
    </testcase>
    <testcase classname="environment-analysis-tool analyzeEnvironment requirements analysis should include requirements knowledge enhancement" name="environment-analysis-tool analyzeEnvironment requirements analysis should include requirements knowledge enhancement" time="0">
      <skipped/>
    </testcase>
    <testcase classname="environment-analysis-tool analyzeEnvironment requirements analysis should provide expected requirements output information" name="environment-analysis-tool analyzeEnvironment requirements analysis should provide expected requirements output information" time="0">
      <skipped/>
    </testcase>
    <testcase classname="environment-analysis-tool analyzeEnvironment compliance analysis should perform compliance assessment with required parameters" name="environment-analysis-tool analyzeEnvironment compliance analysis should perform compliance assessment with required parameters" time="0">
      <skipped/>
    </testcase>
    <testcase classname="environment-analysis-tool analyzeEnvironment compliance analysis should include compliance knowledge enhancement" name="environment-analysis-tool analyzeEnvironment compliance analysis should include compliance knowledge enhancement" time="0">
      <skipped/>
    </testcase>
    <testcase classname="environment-analysis-tool analyzeEnvironment compliance analysis should provide expected compliance output information" name="environment-analysis-tool analyzeEnvironment compliance analysis should provide expected compliance output information" time="0">
      <skipped/>
    </testcase>
    <testcase classname="environment-analysis-tool analyzeEnvironment compliance analysis should throw error when currentEnvironment is missing" name="environment-analysis-tool analyzeEnvironment compliance analysis should throw error when currentEnvironment is missing" time="0">
      <skipped/>
    </testcase>
    <testcase classname="environment-analysis-tool analyzeEnvironment compliance analysis should throw error when requirements is missing" name="environment-analysis-tool analyzeEnvironment compliance analysis should throw error when requirements is missing" time="0">
      <skipped/>
    </testcase>
    <testcase classname="environment-analysis-tool analyzeEnvironment comprehensive analysis should perform comprehensive environment analysis" name="environment-analysis-tool analyzeEnvironment comprehensive analysis should perform comprehensive environment analysis" time="0">
      <skipped/>
    </testcase>
    <testcase classname="environment-analysis-tool analyzeEnvironment comprehensive analysis should include all analysis types in comprehensive mode" name="environment-analysis-tool analyzeEnvironment comprehensive analysis should include all analysis types in comprehensive mode" time="0">
      <skipped/>
    </testcase>
    <testcase classname="environment-analysis-tool analyzeEnvironment comprehensive analysis should include comprehensive knowledge enhancement" name="environment-analysis-tool analyzeEnvironment comprehensive analysis should include comprehensive knowledge enhancement" time="0">
      <skipped/>
    </testcase>
    <testcase classname="environment-analysis-tool analyzeEnvironment comprehensive analysis should provide comprehensive workflow guidance" name="environment-analysis-tool analyzeEnvironment comprehensive analysis should provide comprehensive workflow guidance" time="0">
      <skipped/>
    </testcase>
    <testcase classname="environment-analysis-tool analyzeEnvironment comprehensive analysis should provide expected comprehensive outcomes" name="environment-analysis-tool analyzeEnvironment comprehensive analysis should provide expected comprehensive outcomes" time="0">
      <skipped/>
    </testcase>
    <testcase classname="environment-analysis-tool analyzeEnvironment error handling should throw error for unknown analysis type" name="environment-analysis-tool analyzeEnvironment error handling should throw error for unknown analysis type" time="0">
      <skipped/>
    </testcase>
    <testcase classname="environment-analysis-tool analyzeEnvironment error handling should handle analysis errors gracefully" name="environment-analysis-tool analyzeEnvironment error handling should handle analysis errors gracefully" time="0">
      <skipped/>
    </testcase>
    <testcase classname="environment-analysis-tool analyzeEnvironment default parameters should use default parameters when not specified" name="environment-analysis-tool analyzeEnvironment default parameters should use default parameters when not specified" time="0">
      <skipped/>
    </testcase>
    <testcase classname="environment-analysis-tool analyzeEnvironment default parameters should use default project path and ADR directory" name="environment-analysis-tool analyzeEnvironment default parameters should use default project path and ADR directory" time="0">
      <skipped/>
    </testcase>
    <testcase classname="environment-analysis-tool analyzeEnvironment default parameters should enable knowledge enhancement and enhanced mode by default" name="environment-analysis-tool analyzeEnvironment default parameters should enable knowledge enhancement and enhanced mode by default" time="0">
      <skipped/>
    </testcase>
    <testcase classname="environment-analysis-tool analyzeEnvironment knowledge enhancement scenarios should handle knowledge generation success" name="environment-analysis-tool analyzeEnvironment knowledge enhancement scenarios should handle knowledge generation success" time="0">
      <skipped/>
    </testcase>
    <testcase classname="environment-analysis-tool analyzeEnvironment knowledge enhancement scenarios should handle knowledge generation disabled" name="environment-analysis-tool analyzeEnvironment knowledge enhancement scenarios should handle knowledge generation disabled" time="0">
      <skipped/>
    </testcase>
    <testcase classname="environment-analysis-tool analyzeEnvironment knowledge enhancement scenarios should handle mixed enhancement settings" name="environment-analysis-tool analyzeEnvironment knowledge enhancement scenarios should handle mixed enhancement settings" time="0">
      <skipped/>
    </testcase>
    <testcase classname="environment-analysis-tool analyzeEnvironment analysis type variations should handle all valid analysis types" name="environment-analysis-tool analyzeEnvironment analysis type variations should handle all valid analysis types" time="0">
      <skipped/>
    </testcase>
    <testcase classname="environment-analysis-tool analyzeEnvironment analysis type variations should provide different content for different analysis types" name="environment-analysis-tool analyzeEnvironment analysis type variations should provide different content for different analysis types" time="0">
      <skipped/>
    </testcase>
  </testsuite>
</testsuites>