<?xml version="1.0" encoding="UTF-8"?>
<testsuites name="jest tests" tests="1562" failures="24" errors="0" time="51.724">
  <testsuite name="Memory System Integration" errors="0" failures="6" skipped="0" timestamp="2025-09-16T02:10:35" time="0.583" tests="10">
    <testcase classname="Memory System Integration complete ADR-to-memory workflow should transform ADRs to memory entities and establish relationships" name="Memory System Integration complete ADR-to-memory workflow should transform ADRs to memory entities and establish relationships" time="0.02">
      <failure>Error: expect(received).toBeGreaterThan(expected)

Expected: &gt; 0
Received:   0
    at Object.&lt;anonymous&gt; (/home/runner/work/mcp-adr-analysis-server/mcp-adr-analysis-server/tests/integration/memory-system-integration.test.ts:471:36)</failure>
    </testcase>
    <testcase classname="Memory System Integration complete ADR-to-memory workflow should handle the complete workflow through memory loading tool" name="Memory System Integration complete ADR-to-memory workflow should handle the complete workflow through memory loading tool" time="0.011">
      <failure>Error: expect(received).toBe(expected) // Object.is equality

Expected: &quot;success&quot;
Received: &quot;no_adrs_found&quot;
    at Object.&lt;anonymous&gt; (/home/runner/work/mcp-adr-analysis-server/mcp-adr-analysis-server/tests/integration/memory-system-integration.test.ts:578:35)</failure>
    </testcase>
    <testcase classname="Memory System Integration memory persistence integration should persist and reload memory data correctly" name="Memory System Integration memory persistence integration should persist and reload memory data correctly" time="0.01">
      <failure>Error: expect(jest.fn()).toHaveBeenCalledWith(...expected)

Expected: &quot;/test/integration/project/.mcp-adr-memory/entities.json&quot;, StringContaining &quot;39b7d17d-5fe4-4771-a1b8-b5f50c788fec&quot;

Number of calls: 0
    at Object.&lt;anonymous&gt; (/home/runner/work/mcp-adr-analysis-server/mcp-adr-analysis-server/tests/integration/memory-system-integration.test.ts:665:32)</failure>
    </testcase>
    <testcase classname="Memory System Integration memory persistence integration should handle persistence failures gracefully" name="Memory System Integration memory persistence integration should handle persistence failures gracefully" time="0.005">
    </testcase>
    <testcase classname="Memory System Integration relationship inference integration should correctly infer and manage complex relationships" name="Memory System Integration relationship inference integration should correctly infer and manage complex relationships" time="0.01">
      <failure>Error: expect(received).toBeGreaterThan(expected)

Expected: &gt; 0
Received:   0
    at Object.&lt;anonymous&gt; (/home/runner/work/mcp-adr-analysis-server/mcp-adr-analysis-server/tests/integration/memory-system-integration.test.ts:748:50)</failure>
    </testcase>
    <testcase classname="Memory System Integration intelligence system integration should evolve intelligence based on system usage" name="Memory System Integration intelligence system integration should evolve intelligence based on system usage" time="0.005">
      <failure>Error: expect(received).toBeGreaterThan(expected)

Expected: &gt; 0
Received:   0
    at Object.&lt;anonymous&gt; (/home/runner/work/mcp-adr-analysis-server/mcp-adr-analysis-server/tests/integration/memory-system-integration.test.ts:776:80)</failure>
    </testcase>
    <testcase classname="Memory System Integration error handling and recovery should handle partial failures in batch operations" name="Memory System Integration error handling and recovery should handle partial failures in batch operations" time="0.004">
    </testcase>
    <testcase classname="Memory System Integration error handling and recovery should maintain system consistency during concurrent operations" name="Memory System Integration error handling and recovery should maintain system consistency during concurrent operations" time="0.011">
    </testcase>
    <testcase classname="Memory System Integration performance and scalability should handle large numbers of entities efficiently" name="Memory System Integration performance and scalability should handle large numbers of entities efficiently" time="0.081">
      <failure>Error: expect(received).toBe(expected) // Object.is equality

Expected: 50
Received: 51
    at Object.&lt;anonymous&gt; (/home/runner/work/mcp-adr-analysis-server/mcp-adr-analysis-server/tests/integration/memory-system-integration.test.ts:894:38)</failure>
    </testcase>
    <testcase classname="Memory System Integration performance and scalability should handle complex relationship graphs" name="Memory System Integration performance and scalability should handle complex relationship graphs" time="0.021">
    </testcase>
  </testsuite>
  <testsuite name="MemoryEntityManager" errors="0" failures="16" skipped="0" timestamp="2025-09-16T02:10:35" time="0.618" tests="44">
    <testcase classname="MemoryEntityManager initialization should initialize successfully with empty memory" name="MemoryEntityManager initialization should initialize successfully with empty memory" time="0.006">
    </testcase>
    <testcase classname="MemoryEntityManager initialization should create memory directory if it does not exist" name="MemoryEntityManager initialization should create memory directory if it does not exist" time="0.003">
      <failure>Error: expect(jest.fn()).toHaveBeenCalled()

Expected number of calls: &gt;= 1
Received number of calls:    0
    at Object.&lt;anonymous&gt; (/home/runner/work/mcp-adr-analysis-server/mcp-adr-analysis-server/tests/utils/memory-entity-manager.test.ts:226:25)</failure>
    </testcase>
    <testcase classname="MemoryEntityManager initialization should load existing entities from persistence" name="MemoryEntityManager initialization should load existing entities from persistence" time="0.003">
      <failure>Error: expect(received).toBeTruthy()

Received: null
    at Object.&lt;anonymous&gt; (/home/runner/work/mcp-adr-analysis-server/mcp-adr-analysis-server/tests/utils/memory-entity-manager.test.ts:281:22)</failure>
    </testcase>
    <testcase classname="MemoryEntityManager initialization should handle initialization errors gracefully" name="MemoryEntityManager initialization should handle initialization errors gracefully" time="0.002">
      <failure>Error: expect(received).rejects.toThrow()

Received promise resolved instead of rejected
Resolved to value: undefined
    at expect (/home/runner/work/mcp-adr-analysis-server/mcp-adr-analysis-server/node_modules/expect/build/index.js:2116:15)
    at Object.&lt;anonymous&gt; (/home/runner/work/mcp-adr-analysis-server/mcp-adr-analysis-server/tests/utils/memory-entity-manager.test.ts:291:13)
    at Promise.finally.completed (/home/runner/work/mcp-adr-analysis-server/mcp-adr-analysis-server/node_modules/jest-circus/build/jestAdapterInit.js:1556:28)
    at new Promise (&lt;anonymous&gt;)
    at callAsyncCircusFn (/home/runner/work/mcp-adr-analysis-server/mcp-adr-analysis-server/node_modules/jest-circus/build/jestAdapterInit.js:1496:10)
    at _callCircusTest (/home/runner/work/mcp-adr-analysis-server/mcp-adr-analysis-server/node_modules/jest-circus/build/jestAdapterInit.js:1006:40)
    at _runTest (/home/runner/work/mcp-adr-analysis-server/mcp-adr-analysis-server/node_modules/jest-circus/build/jestAdapterInit.js:946:3)
    at _runTestsForDescribeBlock (/home/runner/work/mcp-adr-analysis-server/mcp-adr-analysis-server/node_modules/jest-circus/build/jestAdapterInit.js:839:13)
    at _runTestsForDescribeBlock (/home/runner/work/mcp-adr-analysis-server/mcp-adr-analysis-server/node_modules/jest-circus/build/jestAdapterInit.js:829:11)
    at _runTestsForDescribeBlock (/home/runner/work/mcp-adr-analysis-server/mcp-adr-analysis-server/node_modules/jest-circus/build/jestAdapterInit.js:829:11)
    at run (/home/runner/work/mcp-adr-analysis-server/mcp-adr-analysis-server/node_modules/jest-circus/build/jestAdapterInit.js:757:3)
    at runAndTransformResultsToJestFormat (/home/runner/work/mcp-adr-analysis-server/mcp-adr-analysis-server/node_modules/jest-circus/build/jestAdapterInit.js:1917:21)
    at jestAdapter (/home/runner/work/mcp-adr-analysis-server/mcp-adr-analysis-server/node_modules/jest-circus/build/runner.js:101:19)
    at runTestInternal (/home/runner/work/mcp-adr-analysis-server/mcp-adr-analysis-server/node_modules/jest-runner/build/testWorker.js:275:16)
    at runTest (/home/runner/work/mcp-adr-analysis-server/mcp-adr-analysis-server/node_modules/jest-runner/build/testWorker.js:343:7)
    at Object.worker (/home/runner/work/mcp-adr-analysis-server/mcp-adr-analysis-server/node_modules/jest-runner/build/testWorker.js:497:12)</failure>
    </testcase>
    <testcase classname="MemoryEntityManager entity management upsertEntity should create a new entity with all required fields" name="MemoryEntityManager entity management upsertEntity should create a new entity with all required fields" time="0.007">
    </testcase>
    <testcase classname="MemoryEntityManager entity management upsertEntity should update an existing entity" name="MemoryEntityManager entity management upsertEntity should update an existing entity" time="0.005">
    </testcase>
    <testcase classname="MemoryEntityManager entity management upsertEntity should apply default values correctly" name="MemoryEntityManager entity management upsertEntity should apply default values correctly" time="0.004">
    </testcase>
    <testcase classname="MemoryEntityManager entity management upsertEntity should validate entity schema" name="MemoryEntityManager entity management upsertEntity should validate entity schema" time="0.019">
    </testcase>
    <testcase classname="MemoryEntityManager entity management upsertEntity should track evolution for new entities" name="MemoryEntityManager entity management upsertEntity should track evolution for new entities" time="0.006">
      <failure>Error: expect(received).toBe(expected) // Object.is equality

Expected: &quot;created&quot;
Received: &quot;discovered&quot;
    at Object.&lt;anonymous&gt; (/home/runner/work/mcp-adr-analysis-server/mcp-adr-analysis-server/tests/utils/memory-entity-manager.test.ts:387:41)</failure>
    </testcase>
    <testcase classname="MemoryEntityManager entity management upsertEntity should track evolution for updated entities" name="MemoryEntityManager entity management upsertEntity should track evolution for updated entities" time="0.005">
    </testcase>
    <testcase classname="MemoryEntityManager entity management getEntity should retrieve an existing entity" name="MemoryEntityManager entity management getEntity should retrieve an existing entity" time="0.004">
    </testcase>
    <testcase classname="MemoryEntityManager entity management getEntity should return null for non-existent entity" name="MemoryEntityManager entity management getEntity should return null for non-existent entity" time="0.005">
    </testcase>
    <testcase classname="MemoryEntityManager entity management getEntity should update access pattern when retrieving entity" name="MemoryEntityManager entity management getEntity should update access pattern when retrieving entity" time="0.015">
    </testcase>
    <testcase classname="MemoryEntityManager entity management deleteEntity should delete an existing entity" name="MemoryEntityManager entity management deleteEntity should delete an existing entity" time="0.009">
    </testcase>
    <testcase classname="MemoryEntityManager entity management deleteEntity should return false for non-existent entity" name="MemoryEntityManager entity management deleteEntity should return false for non-existent entity" time="0.002">
    </testcase>
    <testcase classname="MemoryEntityManager entity management deleteEntity should remove related relationships when deleting entity" name="MemoryEntityManager entity management deleteEntity should remove related relationships when deleting entity" time="0.014">
    </testcase>
    <testcase classname="MemoryEntityManager relationship management upsertRelationship should create a new relationship" name="MemoryEntityManager relationship management upsertRelationship should create a new relationship" time="0.012">
      <failure>Error: expect(received).toBe(expected) // Object.is equality

Expected: &quot;test-uuid-123&quot;
Received: &quot;da59ecdc-bdc1-46a6-92a4-9f9f2c74a63d&quot;
    at Object.&lt;anonymous&gt; (/home/runner/work/mcp-adr-analysis-server/mcp-adr-analysis-server/tests/utils/memory-entity-manager.test.ts:545:27)</failure>
    </testcase>
    <testcase classname="MemoryEntityManager relationship management upsertRelationship should apply default values for optional fields" name="MemoryEntityManager relationship management upsertRelationship should apply default values for optional fields" time="0.013">
    </testcase>
    <testcase classname="MemoryEntityManager relationship management upsertRelationship should fail when source entity does not exist" name="MemoryEntityManager relationship management upsertRelationship should fail when source entity does not exist" time="0.014">
    </testcase>
    <testcase classname="MemoryEntityManager relationship management upsertRelationship should fail when target entity does not exist" name="MemoryEntityManager relationship management upsertRelationship should fail when target entity does not exist" time="0.011">
    </testcase>
    <testcase classname="MemoryEntityManager relationship management upsertRelationship should update entity relationships" name="MemoryEntityManager relationship management upsertRelationship should update entity relationships" time="0.01">
    </testcase>
    <testcase classname="MemoryEntityManager querying queryEntities should return all entities with default query" name="MemoryEntityManager querying queryEntities should return all entities with default query" time="0.025">
      <failure>Error: expect(received).toHaveLength(expected)

Expected length: 3
Received length: 111
Received array:  [{&quot;accessPattern&quot;: [Object], &quot;artifactData&quot;: [Object], &quot;confidence&quot;: 0.7, &quot;context&quot;: [Object], &quot;created&quot;: &quot;2024-01-01T00:00:00.000Z&quot;, &quot;description&quot;: &quot;REST API documentation&quot;, &quot;evolution&quot;: [Object], &quot;id&quot;: &quot;06b2cc87-f75f-4483-acc9-f092780111b8&quot;, &quot;lastModified&quot;: &quot;2024-01-01T00:00:00.000Z&quot;, &quot;relationships&quot;: [Array], &quot;relevance&quot;: 0.9, &quot;tags&quot;: [Array], &quot;title&quot;: &quot;API Documentation&quot;, &quot;type&quot;: &quot;knowledge_artifact&quot;, &quot;validation&quot;: [Object], &quot;version&quot;: 1}, {&quot;accessPattern&quot;: [Object], &quot;confidence&quot;: 0.9, &quot;context&quot;: [Object], &quot;created&quot;: &quot;2024-01-01T00:00:00.000Z&quot;, &quot;decisionData&quot;: [Object], &quot;description&quot;: &quot;Decision to use React for frontend&quot;, &quot;evolution&quot;: [Object], &quot;id&quot;: &quot;e88de8a8-1b29-4c78-bccf-31f9651d1c7d&quot;, &quot;lastModified&quot;: &quot;2024-01-01T00:00:00.000Z&quot;, &quot;relationships&quot;: [Array], &quot;relevance&quot;: 0.8, &quot;tags&quot;: [Array], &quot;title&quot;: &quot;React Architecture&quot;, &quot;type&quot;: &quot;architectural_decision&quot;, &quot;validation&quot;: [Object], &quot;version&quot;: 1}, {&quot;accessPattern&quot;: [Object], &quot;assessmentData&quot;: [Object], &quot;confidence&quot;: 0.8, &quot;context&quot;: [Object], &quot;created&quot;: &quot;2024-01-01T00:00:00.000Z&quot;, &quot;description&quot;: &quot;Concurrent deployment assessment 0&quot;, &quot;evolution&quot;: [Object], &quot;id&quot;: &quot;64a4a18b-8c8f-4635-8440-c022280e1064&quot;, &quot;lastModified&quot;: &quot;2024-01-01T00:00:00.000Z&quot;, &quot;relationships&quot;: [Array], &quot;relevance&quot;: 0.7, &quot;tags&quot;: [Array], &quot;title&quot;: &quot;Concurrent Test Deployment 0&quot;, &quot;type&quot;: &quot;deployment_assessment&quot;, &quot;validation&quot;: [Object], &quot;version&quot;: 1}, {&quot;accessPattern&quot;: [Object], &quot;assessmentData&quot;: [Object], &quot;confidence&quot;: 0.8, &quot;context&quot;: [Object], &quot;created&quot;: &quot;2024-01-01T00:00:00.000Z&quot;, &quot;description&quot;: &quot;Concurrent deployment assessment 1&quot;, &quot;evolution&quot;: [Object], &quot;id&quot;: &quot;21829709-ce34-4f52-87a8-e453d9909cfa&quot;, &quot;lastModified&quot;: &quot;2024-01-01T00:00:00.000Z&quot;, &quot;relationships&quot;: [Array], &quot;relevance&quot;: 0.7, &quot;tags&quot;: [Array], &quot;title&quot;: &quot;Concurrent Test Deployment 1&quot;, &quot;type&quot;: &quot;deployment_assessment&quot;, &quot;validation&quot;: [Object], &quot;version&quot;: 1}, {&quot;accessPattern&quot;: [Object], &quot;assessmentData&quot;: [Object], &quot;confidence&quot;: 0.8, &quot;context&quot;: [Object], &quot;created&quot;: &quot;2024-01-01T00:00:00.000Z&quot;, &quot;description&quot;: &quot;Concurrent deployment assessment 2&quot;, &quot;evolution&quot;: [Object], &quot;id&quot;: &quot;6dee0111-f264-4a5a-9d2d-e0c050934724&quot;, &quot;lastModified&quot;: &quot;2024-01-01T00:00:00.000Z&quot;, &quot;relationships&quot;: [Array], &quot;relevance&quot;: 0.7, &quot;tags&quot;: [Array], &quot;title&quot;: &quot;Concurrent Test Deployment 2&quot;, &quot;type&quot;: &quot;deployment_assessment&quot;, &quot;validation&quot;: [Object], &quot;version&quot;: 1}, {&quot;accessPattern&quot;: [Object], &quot;assessmentData&quot;: [Object], &quot;confidence&quot;: 0.8, &quot;context&quot;: [Object], &quot;created&quot;: &quot;2024-01-01T00:00:00.000Z&quot;, &quot;description&quot;: &quot;Concurrent deployment assessment 3&quot;, &quot;evolution&quot;: [Object], &quot;id&quot;: &quot;3c4cd109-61f5-4782-98af-115be4c9b1f8&quot;, &quot;lastModified&quot;: &quot;2024-01-01T00:00:00.000Z&quot;, &quot;relationships&quot;: [Array], &quot;relevance&quot;: 0.7, &quot;tags&quot;: [Array], &quot;title&quot;: &quot;Concurrent Test Deployment 3&quot;, &quot;type&quot;: &quot;deployment_assessment&quot;, &quot;validation&quot;: [Object], &quot;version&quot;: 1}, {&quot;accessPattern&quot;: [Object], &quot;assessmentData&quot;: [Object], &quot;confidence&quot;: 0.8, &quot;context&quot;: [Object], &quot;created&quot;: &quot;2024-01-01T00:00:00.000Z&quot;, &quot;description&quot;: &quot;Concurrent deployment assessment 4&quot;, &quot;evolution&quot;: [Object], &quot;id&quot;: &quot;2b9b0e0c-6f9e-4b2a-9d55-d3cf3edc42b9&quot;, &quot;lastModified&quot;: &quot;2024-01-01T00:00:00.000Z&quot;, &quot;relationships&quot;: [Array], &quot;relevance&quot;: 0.7, &quot;tags&quot;: [Array], &quot;title&quot;: &quot;Concurrent Test Deployment 4&quot;, &quot;type&quot;: &quot;deployment_assessment&quot;, &quot;validation&quot;: [Object], &quot;version&quot;: 1}, {&quot;accessPattern&quot;: [Object], &quot;assessmentData&quot;: [Object], &quot;confidence&quot;: 0.8, &quot;context&quot;: [Object], &quot;created&quot;: &quot;2024-01-01T00:00:00.000Z&quot;, &quot;description&quot;: &quot;Concurrent deployment assessment 5&quot;, &quot;evolution&quot;: [Object], &quot;id&quot;: &quot;f3375a27-2e90-4593-8804-ab551c60653a&quot;, &quot;lastModified&quot;: &quot;2024-01-01T00:00:00.000Z&quot;, &quot;relationships&quot;: [Array], &quot;relevance&quot;: 0.7, &quot;tags&quot;: [Array], &quot;title&quot;: &quot;Concurrent Test Deployment 5&quot;, &quot;type&quot;: &quot;deployment_assessment&quot;, &quot;validation&quot;: [Object], &quot;version&quot;: 1}, {&quot;accessPattern&quot;: [Object], &quot;assessmentData&quot;: [Object], &quot;confidence&quot;: 0.8, &quot;context&quot;: [Object], &quot;created&quot;: &quot;2024-01-01T00:00:00.000Z&quot;, &quot;description&quot;: &quot;Concurrent deployment assessment 6&quot;, &quot;evolution&quot;: [Object], &quot;id&quot;: &quot;4f44bbb3-93af-4801-ad8f-67c412328f6e&quot;, &quot;lastModified&quot;: &quot;2024-01-01T00:00:00.000Z&quot;, &quot;relationships&quot;: [Array], &quot;relevance&quot;: 0.7, &quot;tags&quot;: [Array], &quot;title&quot;: &quot;Concurrent Test Deployment 6&quot;, &quot;type&quot;: &quot;deployment_assessment&quot;, &quot;validation&quot;: [Object], &quot;version&quot;: 1}, {&quot;accessPattern&quot;: [Object], &quot;assessmentData&quot;: [Object], &quot;confidence&quot;: 0.8, &quot;context&quot;: [Object], &quot;created&quot;: &quot;2024-01-01T00:00:00.000Z&quot;, &quot;description&quot;: &quot;Concurrent deployment assessment 7&quot;, &quot;evolution&quot;: [Object], &quot;id&quot;: &quot;ad9f2d54-3586-47ec-9171-7cad6dfdcdfa&quot;, &quot;lastModified&quot;: &quot;2024-01-01T00:00:00.000Z&quot;, &quot;relationships&quot;: [Array], &quot;relevance&quot;: 0.7, &quot;tags&quot;: [Array], &quot;title&quot;: &quot;Concurrent Test Deployment 7&quot;, &quot;type&quot;: &quot;deployment_assessment&quot;, &quot;validation&quot;: [Object], &quot;version&quot;: 1}, …]
    at Object.&lt;anonymous&gt; (/home/runner/work/mcp-adr-analysis-server/mcp-adr-analysis-server/tests/utils/memory-entity-manager.test.ts:670:33)</failure>
    </testcase>
    <testcase classname="MemoryEntityManager querying queryEntities should filter by entity types" name="MemoryEntityManager querying queryEntities should filter by entity types" time="0.008">
    </testcase>
    <testcase classname="MemoryEntityManager querying queryEntities should filter by tags" name="MemoryEntityManager querying queryEntities should filter by tags" time="0.006">
    </testcase>
    <testcase classname="MemoryEntityManager querying queryEntities should filter by text query" name="MemoryEntityManager querying queryEntities should filter by text query" time="0.007">
      <failure>Error: expect(received).toHaveLength(expected)

Expected length: 1
Received length: 2
Received array:  [{&quot;accessPattern&quot;: {&quot;accessContext&quot;: [], &quot;accessCount&quot;: 1, &quot;lastAccessed&quot;: &quot;2024-01-01T00:00:00.000Z&quot;}, &quot;confidence&quot;: 0.9, &quot;context&quot;: {&quot;businessDomain&quot;: &quot;ecommerce&quot;, &quot;environmentalFactors&quot;: [&quot;web&quot;], &quot;projectPhase&quot;: &quot;design&quot;, &quot;stakeholders&quot;: [&quot;development-team&quot;], &quot;technicalStack&quot;: [&quot;react&quot;, &quot;typescript&quot;]}, &quot;created&quot;: &quot;2024-01-01T00:00:00.000Z&quot;, &quot;decisionData&quot;: {&quot;alternatives&quot;: [{&quot;description&quot;: &quot;Relational database with strong consistency&quot;, &quot;name&quot;: &quot;PostgreSQL&quot;, &quot;tradeoffs&quot;: &quot;Strong consistency vs horizontal scalability&quot;}, {&quot;description&quot;: &quot;Document database with flexible schema&quot;, &quot;name&quot;: &quot;MongoDB&quot;, &quot;tradeoffs&quot;: &quot;Flexibility vs consistency guarantees&quot;}], &quot;consequences&quot;: {&quot;negative&quot;: [&quot;More complex horizontal scaling&quot;, &quot;Higher operational overhead&quot;], &quot;positive&quot;: [&quot;Strong ACID compliance&quot;, &quot;Rich query capabilities&quot;, &quot;Excellent ecosystem support&quot;], &quot;risks&quot;: [&quot;Single point of failure if not properly clustered&quot;, &quot;Learning curve for team&quot;]}, &quot;context&quot;: &quot;We are building a microservices architecture and need to select a database technology for high-availability requirements.&quot;, &quot;decision&quot;: &quot;We will use PostgreSQL as our primary database technology for the microservices architecture.&quot;, &quot;implementationStatus&quot;: &quot;not_started&quot;, &quot;implementationTasks&quot;: [&quot;Setup database cluster&quot;, &quot;Configure connection pooling&quot;], &quot;reviewHistory&quot;: [], &quot;status&quot;: &quot;proposed&quot;}, &quot;description&quot;: &quot;Decision to use React for frontend&quot;, &quot;evolution&quot;: {&quot;origin&quot;: &quot;discovered&quot;, &quot;transformations&quot;: [{&quot;agent&quot;: &quot;MemoryEntityManager&quot;, &quot;description&quot;: &quot;Created architectural_decision entity&quot;, &quot;timestamp&quot;: &quot;2024-01-01T00:00:00.000Z&quot;, &quot;type&quot;: &quot;created&quot;}]}, &quot;id&quot;: &quot;77ea02c2-8c86-46de-9bb6-21f01cedc837&quot;, &quot;lastModified&quot;: &quot;2024-01-01T00:00:00.000Z&quot;, &quot;relationships&quot;: [], &quot;relevance&quot;: 0.8, &quot;tags&quot;: [&quot;frontend&quot;, &quot;react&quot;], &quot;title&quot;: &quot;React Architecture&quot;, &quot;type&quot;: &quot;architectural_decision&quot;, &quot;validation&quot;: {&quot;isVerified&quot;: false}, &quot;version&quot;: 1}, {&quot;accessPattern&quot;: {&quot;accessContext&quot;: [], &quot;accessCount&quot;: 1, &quot;lastAccessed&quot;: &quot;2024-01-01T00:00:00.000Z&quot;}, &quot;confidence&quot;: 0.9, &quot;context&quot;: {&quot;businessDomain&quot;: &quot;ecommerce&quot;, &quot;environmentalFactors&quot;: [&quot;web&quot;], &quot;projectPhase&quot;: &quot;design&quot;, &quot;stakeholders&quot;: [&quot;development-team&quot;], &quot;technicalStack&quot;: [&quot;react&quot;, &quot;typescript&quot;]}, &quot;created&quot;: &quot;2024-01-01T00:00:00.000Z&quot;, &quot;decisionData&quot;: {&quot;alternatives&quot;: [{&quot;description&quot;: &quot;Relational database with strong consistency&quot;, &quot;name&quot;: &quot;PostgreSQL&quot;, &quot;tradeoffs&quot;: &quot;Strong consistency vs horizontal scalability&quot;}, {&quot;description&quot;: &quot;Document database with flexible schema&quot;, &quot;name&quot;: &quot;MongoDB&quot;, &quot;tradeoffs&quot;: &quot;Flexibility vs consistency guarantees&quot;}], &quot;consequences&quot;: {&quot;negative&quot;: [&quot;More complex horizontal scaling&quot;, &quot;Higher operational overhead&quot;], &quot;positive&quot;: [&quot;Strong ACID compliance&quot;, &quot;Rich query capabilities&quot;, &quot;Excellent ecosystem support&quot;], &quot;risks&quot;: [&quot;Single point of failure if not properly clustered&quot;, &quot;Learning curve for team&quot;]}, &quot;context&quot;: &quot;We are building a microservices architecture and need to select a database technology for high-availability requirements.&quot;, &quot;decision&quot;: &quot;We will use PostgreSQL as our primary database technology for the microservices architecture.&quot;, &quot;implementationStatus&quot;: &quot;not_started&quot;, &quot;implementationTasks&quot;: [&quot;Setup database cluster&quot;, &quot;Configure connection pooling&quot;], &quot;reviewHistory&quot;: [], &quot;status&quot;: &quot;proposed&quot;}, &quot;description&quot;: &quot;Decision to use React for frontend&quot;, &quot;evolution&quot;: {&quot;origin&quot;: &quot;discovered&quot;, &quot;transformations&quot;: [{&quot;agent&quot;: &quot;MemoryEntityManager&quot;, &quot;description&quot;: &quot;Created architectural_decision entity&quot;, &quot;timestamp&quot;: &quot;2024-01-01T00:00:00.000Z&quot;, &quot;type&quot;: &quot;created&quot;}]}, &quot;id&quot;: &quot;f202e51e-2e62-4b89-a65c-767b9a48c18e&quot;, &quot;lastModified&quot;: &quot;2024-01-01T00:00:00.000Z&quot;, &quot;relationships&quot;: [], &quot;relevance&quot;: 0.8, &quot;tags&quot;: [&quot;frontend&quot;, &quot;react&quot;], &quot;title&quot;: &quot;React Architecture&quot;, &quot;type&quot;: &quot;architectural_decision&quot;, &quot;validation&quot;: {&quot;conflictResolution&quot;: undefined, &quot;isVerified&quot;: false, &quot;verificationMethod&quot;: undefined, &quot;verificationTimestamp&quot;: undefined}, &quot;version&quot;: 1}]
    at Object.&lt;anonymous&gt; (/home/runner/work/mcp-adr-analysis-server/mcp-adr-analysis-server/tests/utils/memory-entity-manager.test.ts:698:33)</failure>
    </testcase>
    <testcase classname="MemoryEntityManager querying queryEntities should filter by confidence threshold" name="MemoryEntityManager querying queryEntities should filter by confidence threshold" time="0.007">
      <failure>Error: expect(received).toHaveLength(expected)

Expected length: 1
Received length: 3
Received array:  [{&quot;accessPattern&quot;: {&quot;accessContext&quot;: [], &quot;accessCount&quot;: 1, &quot;lastAccessed&quot;: &quot;2024-01-01T00:00:00.000Z&quot;}, &quot;confidence&quot;: 0.9, &quot;context&quot;: {&quot;businessDomain&quot;: &quot;ecommerce&quot;, &quot;environmentalFactors&quot;: [&quot;web&quot;], &quot;projectPhase&quot;: &quot;design&quot;, &quot;stakeholders&quot;: [&quot;development-team&quot;], &quot;technicalStack&quot;: [&quot;react&quot;, &quot;typescript&quot;]}, &quot;created&quot;: &quot;2024-01-01T00:00:00.000Z&quot;, &quot;decisionData&quot;: {&quot;alternatives&quot;: [{&quot;description&quot;: &quot;Relational database with strong consistency&quot;, &quot;name&quot;: &quot;PostgreSQL&quot;, &quot;tradeoffs&quot;: &quot;Strong consistency vs horizontal scalability&quot;}, {&quot;description&quot;: &quot;Document database with flexible schema&quot;, &quot;name&quot;: &quot;MongoDB&quot;, &quot;tradeoffs&quot;: &quot;Flexibility vs consistency guarantees&quot;}], &quot;consequences&quot;: {&quot;negative&quot;: [&quot;More complex horizontal scaling&quot;, &quot;Higher operational overhead&quot;], &quot;positive&quot;: [&quot;Strong ACID compliance&quot;, &quot;Rich query capabilities&quot;, &quot;Excellent ecosystem support&quot;], &quot;risks&quot;: [&quot;Single point of failure if not properly clustered&quot;, &quot;Learning curve for team&quot;]}, &quot;context&quot;: &quot;We are building a microservices architecture and need to select a database technology for high-availability requirements.&quot;, &quot;decision&quot;: &quot;We will use PostgreSQL as our primary database technology for the microservices architecture.&quot;, &quot;implementationStatus&quot;: &quot;not_started&quot;, &quot;implementationTasks&quot;: [&quot;Setup database cluster&quot;, &quot;Configure connection pooling&quot;], &quot;reviewHistory&quot;: [], &quot;status&quot;: &quot;proposed&quot;}, &quot;description&quot;: &quot;Decision to use React for frontend&quot;, &quot;evolution&quot;: {&quot;origin&quot;: &quot;discovered&quot;, &quot;transformations&quot;: [{&quot;agent&quot;: &quot;MemoryEntityManager&quot;, &quot;description&quot;: &quot;Created architectural_decision entity&quot;, &quot;timestamp&quot;: &quot;2024-01-01T00:00:00.000Z&quot;, &quot;type&quot;: &quot;created&quot;}]}, &quot;id&quot;: &quot;77ea02c2-8c86-46de-9bb6-21f01cedc837&quot;, &quot;lastModified&quot;: &quot;2024-01-01T00:00:00.000Z&quot;, &quot;relationships&quot;: [], &quot;relevance&quot;: 0.8, &quot;tags&quot;: [&quot;frontend&quot;, &quot;react&quot;], &quot;title&quot;: &quot;React Architecture&quot;, &quot;type&quot;: &quot;architectural_decision&quot;, &quot;validation&quot;: {&quot;isVerified&quot;: false}, &quot;version&quot;: 1}, {&quot;accessPattern&quot;: {&quot;accessContext&quot;: [], &quot;accessCount&quot;: 1, &quot;lastAccessed&quot;: &quot;2024-01-01T00:00:00.000Z&quot;}, &quot;confidence&quot;: 0.9, &quot;context&quot;: {&quot;businessDomain&quot;: &quot;ecommerce&quot;, &quot;environmentalFactors&quot;: [&quot;web&quot;], &quot;projectPhase&quot;: &quot;design&quot;, &quot;stakeholders&quot;: [&quot;development-team&quot;], &quot;technicalStack&quot;: [&quot;react&quot;, &quot;typescript&quot;]}, &quot;created&quot;: &quot;2024-01-01T00:00:00.000Z&quot;, &quot;decisionData&quot;: {&quot;alternatives&quot;: [{&quot;description&quot;: &quot;Relational database with strong consistency&quot;, &quot;name&quot;: &quot;PostgreSQL&quot;, &quot;tradeoffs&quot;: &quot;Strong consistency vs horizontal scalability&quot;}, {&quot;description&quot;: &quot;Document database with flexible schema&quot;, &quot;name&quot;: &quot;MongoDB&quot;, &quot;tradeoffs&quot;: &quot;Flexibility vs consistency guarantees&quot;}], &quot;consequences&quot;: {&quot;negative&quot;: [&quot;More complex horizontal scaling&quot;, &quot;Higher operational overhead&quot;], &quot;positive&quot;: [&quot;Strong ACID compliance&quot;, &quot;Rich query capabilities&quot;, &quot;Excellent ecosystem support&quot;], &quot;risks&quot;: [&quot;Single point of failure if not properly clustered&quot;, &quot;Learning curve for team&quot;]}, &quot;context&quot;: &quot;We are building a microservices architecture and need to select a database technology for high-availability requirements.&quot;, &quot;decision&quot;: &quot;We will use PostgreSQL as our primary database technology for the microservices architecture.&quot;, &quot;implementationStatus&quot;: &quot;not_started&quot;, &quot;implementationTasks&quot;: [&quot;Setup database cluster&quot;, &quot;Configure connection pooling&quot;], &quot;reviewHistory&quot;: [], &quot;status&quot;: &quot;proposed&quot;}, &quot;description&quot;: &quot;Decision to use React for frontend&quot;, &quot;evolution&quot;: {&quot;origin&quot;: &quot;discovered&quot;, &quot;transformations&quot;: [{&quot;agent&quot;: &quot;MemoryEntityManager&quot;, &quot;description&quot;: &quot;Created architectural_decision entity&quot;, &quot;timestamp&quot;: &quot;2024-01-01T00:00:00.000Z&quot;, &quot;type&quot;: &quot;created&quot;}]}, &quot;id&quot;: &quot;f202e51e-2e62-4b89-a65c-767b9a48c18e&quot;, &quot;lastModified&quot;: &quot;2024-01-01T00:00:00.000Z&quot;, &quot;relationships&quot;: [], &quot;relevance&quot;: 0.8, &quot;tags&quot;: [&quot;frontend&quot;, &quot;react&quot;], &quot;title&quot;: &quot;React Architecture&quot;, &quot;type&quot;: &quot;architectural_decision&quot;, &quot;validation&quot;: {&quot;isVerified&quot;: false}, &quot;version&quot;: 1}, {&quot;accessPattern&quot;: {&quot;accessContext&quot;: [], &quot;accessCount&quot;: 1, &quot;lastAccessed&quot;: &quot;2024-01-01T00:00:00.000Z&quot;}, &quot;confidence&quot;: 0.9, &quot;context&quot;: {&quot;businessDomain&quot;: &quot;ecommerce&quot;, &quot;environmentalFactors&quot;: [&quot;web&quot;], &quot;projectPhase&quot;: &quot;design&quot;, &quot;stakeholders&quot;: [&quot;development-team&quot;], &quot;technicalStack&quot;: [&quot;react&quot;, &quot;typescript&quot;]}, &quot;created&quot;: &quot;2024-01-01T00:00:00.000Z&quot;, &quot;decisionData&quot;: {&quot;alternatives&quot;: [{&quot;description&quot;: &quot;Relational database with strong consistency&quot;, &quot;name&quot;: &quot;PostgreSQL&quot;, &quot;tradeoffs&quot;: &quot;Strong consistency vs horizontal scalability&quot;}, {&quot;description&quot;: &quot;Document database with flexible schema&quot;, &quot;name&quot;: &quot;MongoDB&quot;, &quot;tradeoffs&quot;: &quot;Flexibility vs consistency guarantees&quot;}], &quot;consequences&quot;: {&quot;negative&quot;: [&quot;More complex horizontal scaling&quot;, &quot;Higher operational overhead&quot;], &quot;positive&quot;: [&quot;Strong ACID compliance&quot;, &quot;Rich query capabilities&quot;, &quot;Excellent ecosystem support&quot;], &quot;risks&quot;: [&quot;Single point of failure if not properly clustered&quot;, &quot;Learning curve for team&quot;]}, &quot;context&quot;: &quot;We are building a microservices architecture and need to select a database technology for high-availability requirements.&quot;, &quot;decision&quot;: &quot;We will use PostgreSQL as our primary database technology for the microservices architecture.&quot;, &quot;implementationStatus&quot;: &quot;not_started&quot;, &quot;implementationTasks&quot;: [&quot;Setup database cluster&quot;, &quot;Configure connection pooling&quot;], &quot;reviewHistory&quot;: [], &quot;status&quot;: &quot;proposed&quot;}, &quot;description&quot;: &quot;Decision to use React for frontend&quot;, &quot;evolution&quot;: {&quot;origin&quot;: &quot;discovered&quot;, &quot;transformations&quot;: [{&quot;agent&quot;: &quot;MemoryEntityManager&quot;, &quot;description&quot;: &quot;Created architectural_decision entity&quot;, &quot;timestamp&quot;: &quot;2024-01-01T00:00:00.000Z&quot;, &quot;type&quot;: &quot;created&quot;}]}, &quot;id&quot;: &quot;7da296f8-4b24-4d74-8799-05eaab15b64e&quot;, &quot;lastModified&quot;: &quot;2024-01-01T00:00:00.000Z&quot;, &quot;relationships&quot;: [], &quot;relevance&quot;: 0.8, &quot;tags&quot;: [&quot;frontend&quot;, &quot;react&quot;], &quot;title&quot;: &quot;React Architecture&quot;, &quot;type&quot;: &quot;architectural_decision&quot;, &quot;validation&quot;: {&quot;conflictResolution&quot;: undefined, &quot;isVerified&quot;: false, &quot;verificationMethod&quot;: undefined, &quot;verificationTimestamp&quot;: undefined}, &quot;version&quot;: 1}]
    at Object.&lt;anonymous&gt; (/home/runner/work/mcp-adr-analysis-server/mcp-adr-analysis-server/tests/utils/memory-entity-manager.test.ts:707:33)</failure>
    </testcase>
    <testcase classname="MemoryEntityManager querying queryEntities should filter by context filters" name="MemoryEntityManager querying queryEntities should filter by context filters" time="0.007">
      <failure>Error: expect(received).toHaveLength(expected)

Expected length: 2
Received length: 5
Received array:  [{&quot;accessPattern&quot;: {&quot;accessContext&quot;: [], &quot;accessCount&quot;: 1, &quot;lastAccessed&quot;: &quot;2024-01-01T00:00:00.000Z&quot;}, &quot;artifactData&quot;: {&quot;actionableItems&quot;: [{&quot;action&quot;: &quot;Update documentation&quot;, &quot;dependencies&quot;: [], &quot;priority&quot;: &quot;medium&quot;, &quot;timeframe&quot;: &quot;1 week&quot;}], &quot;applicabilityScope&quot;: [&quot;backend&quot;, &quot;api&quot;], &quot;artifactType&quot;: &quot;documentation&quot;, &quot;content&quot;: &quot;Test content&quot;, &quot;format&quot;: &quot;markdown&quot;, &quot;keyInsights&quot;: [&quot;Key insight 1&quot;, &quot;Key insight 2&quot;], &quot;sourceReliability&quot;: 0.8}, &quot;confidence&quot;: 0.7, &quot;context&quot;: {&quot;businessDomain&quot;: &quot;ecommerce&quot;, &quot;environmentalFactors&quot;: [&quot;api-first&quot;], &quot;projectPhase&quot;: &quot;development&quot;, &quot;stakeholders&quot;: [&quot;development-team&quot;], &quot;technicalStack&quot;: [&quot;express&quot;, &quot;nodejs&quot;]}, &quot;created&quot;: &quot;2024-01-01T00:00:00.000Z&quot;, &quot;description&quot;: &quot;REST API documentation&quot;, &quot;evolution&quot;: {&quot;origin&quot;: &quot;discovered&quot;, &quot;transformations&quot;: [{&quot;agent&quot;: &quot;MemoryEntityManager&quot;, &quot;description&quot;: &quot;Created knowledge_artifact entity&quot;, &quot;timestamp&quot;: &quot;2024-01-01T00:00:00.000Z&quot;, &quot;type&quot;: &quot;created&quot;}]}, &quot;id&quot;: &quot;d0792fff-91b5-4574-b7ce-c8e19a1364dc&quot;, &quot;lastModified&quot;: &quot;2024-01-01T00:00:00.000Z&quot;, &quot;relationships&quot;: [], &quot;relevance&quot;: 0.9, &quot;tags&quot;: [&quot;backend&quot;, &quot;api&quot;], &quot;title&quot;: &quot;API Documentation&quot;, &quot;type&quot;: &quot;knowledge_artifact&quot;, &quot;validation&quot;: {&quot;conflictResolution&quot;: undefined, &quot;isVerified&quot;: false, &quot;verificationMethod&quot;: undefined, &quot;verificationTimestamp&quot;: undefined}, &quot;version&quot;: 1}, {&quot;accessPattern&quot;: {&quot;accessContext&quot;: [], &quot;accessCount&quot;: 1, &quot;lastAccessed&quot;: &quot;2024-01-01T00:00:00.000Z&quot;}, &quot;confidence&quot;: 0.9, &quot;context&quot;: {&quot;businessDomain&quot;: &quot;ecommerce&quot;, &quot;environmentalFactors&quot;: [&quot;web&quot;], &quot;projectPhase&quot;: &quot;design&quot;, &quot;stakeholders&quot;: [&quot;development-team&quot;], &quot;technicalStack&quot;: [&quot;react&quot;, &quot;typescript&quot;]}, &quot;created&quot;: &quot;2024-01-01T00:00:00.000Z&quot;, &quot;decisionData&quot;: {&quot;alternatives&quot;: [{&quot;description&quot;: &quot;Relational database with strong consistency&quot;, &quot;name&quot;: &quot;PostgreSQL&quot;, &quot;tradeoffs&quot;: &quot;Strong consistency vs horizontal scalability&quot;}, {&quot;description&quot;: &quot;Document database with flexible schema&quot;, &quot;name&quot;: &quot;MongoDB&quot;, &quot;tradeoffs&quot;: &quot;Flexibility vs consistency guarantees&quot;}], &quot;consequences&quot;: {&quot;negative&quot;: [&quot;More complex horizontal scaling&quot;, &quot;Higher operational overhead&quot;], &quot;positive&quot;: [&quot;Strong ACID compliance&quot;, &quot;Rich query capabilities&quot;, &quot;Excellent ecosystem support&quot;], &quot;risks&quot;: [&quot;Single point of failure if not properly clustered&quot;, &quot;Learning curve for team&quot;]}, &quot;context&quot;: &quot;We are building a microservices architecture and need to select a database technology for high-availability requirements.&quot;, &quot;decision&quot;: &quot;We will use PostgreSQL as our primary database technology for the microservices architecture.&quot;, &quot;implementationStatus&quot;: &quot;not_started&quot;, &quot;implementationTasks&quot;: [&quot;Setup database cluster&quot;, &quot;Configure connection pooling&quot;], &quot;reviewHistory&quot;: [], &quot;status&quot;: &quot;proposed&quot;}, &quot;description&quot;: &quot;Decision to use React for frontend&quot;, &quot;evolution&quot;: {&quot;origin&quot;: &quot;discovered&quot;, &quot;transformations&quot;: [{&quot;agent&quot;: &quot;MemoryEntityManager&quot;, &quot;description&quot;: &quot;Created architectural_decision entity&quot;, &quot;timestamp&quot;: &quot;2024-01-01T00:00:00.000Z&quot;, &quot;type&quot;: &quot;created&quot;}]}, &quot;id&quot;: &quot;77ea02c2-8c86-46de-9bb6-21f01cedc837&quot;, &quot;lastModified&quot;: &quot;2024-01-01T00:00:00.000Z&quot;, &quot;relationships&quot;: [], &quot;relevance&quot;: 0.8, &quot;tags&quot;: [&quot;frontend&quot;, &quot;react&quot;], &quot;title&quot;: &quot;React Architecture&quot;, &quot;type&quot;: &quot;architectural_decision&quot;, &quot;validation&quot;: {&quot;isVerified&quot;: false}, &quot;version&quot;: 1}, {&quot;accessPattern&quot;: {&quot;accessContext&quot;: [], &quot;accessCount&quot;: 1, &quot;lastAccessed&quot;: &quot;2024-01-01T00:00:00.000Z&quot;}, &quot;confidence&quot;: 0.9, &quot;context&quot;: {&quot;businessDomain&quot;: &quot;ecommerce&quot;, &quot;environmentalFactors&quot;: [&quot;web&quot;], &quot;projectPhase&quot;: &quot;design&quot;, &quot;stakeholders&quot;: [&quot;development-team&quot;], &quot;technicalStack&quot;: [&quot;react&quot;, &quot;typescript&quot;]}, &quot;created&quot;: &quot;2024-01-01T00:00:00.000Z&quot;, &quot;decisionData&quot;: {&quot;alternatives&quot;: [{&quot;description&quot;: &quot;Relational database with strong consistency&quot;, &quot;name&quot;: &quot;PostgreSQL&quot;, &quot;tradeoffs&quot;: &quot;Strong consistency vs horizontal scalability&quot;}, {&quot;description&quot;: &quot;Document database with flexible schema&quot;, &quot;name&quot;: &quot;MongoDB&quot;, &quot;tradeoffs&quot;: &quot;Flexibility vs consistency guarantees&quot;}], &quot;consequences&quot;: {&quot;negative&quot;: [&quot;More complex horizontal scaling&quot;, &quot;Higher operational overhead&quot;], &quot;positive&quot;: [&quot;Strong ACID compliance&quot;, &quot;Rich query capabilities&quot;, &quot;Excellent ecosystem support&quot;], &quot;risks&quot;: [&quot;Single point of failure if not properly clustered&quot;, &quot;Learning curve for team&quot;]}, &quot;context&quot;: &quot;We are building a microservices architecture and need to select a database technology for high-availability requirements.&quot;, &quot;decision&quot;: &quot;We will use PostgreSQL as our primary database technology for the microservices architecture.&quot;, &quot;implementationStatus&quot;: &quot;not_started&quot;, &quot;implementationTasks&quot;: [&quot;Setup database cluster&quot;, &quot;Configure connection pooling&quot;], &quot;reviewHistory&quot;: [], &quot;status&quot;: &quot;proposed&quot;}, &quot;description&quot;: &quot;Decision to use React for frontend&quot;, &quot;evolution&quot;: {&quot;origin&quot;: &quot;discovered&quot;, &quot;transformations&quot;: [{&quot;agent&quot;: &quot;MemoryEntityManager&quot;, &quot;description&quot;: &quot;Created architectural_decision entity&quot;, &quot;timestamp&quot;: &quot;2024-01-01T00:00:00.000Z&quot;, &quot;type&quot;: &quot;created&quot;}]}, &quot;id&quot;: &quot;f202e51e-2e62-4b89-a65c-767b9a48c18e&quot;, &quot;lastModified&quot;: &quot;2024-01-01T00:00:00.000Z&quot;, &quot;relationships&quot;: [], &quot;relevance&quot;: 0.8, &quot;tags&quot;: [&quot;frontend&quot;, &quot;react&quot;], &quot;title&quot;: &quot;React Architecture&quot;, &quot;type&quot;: &quot;architectural_decision&quot;, &quot;validation&quot;: {&quot;isVerified&quot;: false}, &quot;version&quot;: 1}, {&quot;accessPattern&quot;: {&quot;accessContext&quot;: [], &quot;accessCount&quot;: 1, &quot;lastAccessed&quot;: &quot;2024-01-01T00:00:00.000Z&quot;}, &quot;confidence&quot;: 0.9, &quot;context&quot;: {&quot;businessDomain&quot;: &quot;ecommerce&quot;, &quot;environmentalFactors&quot;: [&quot;web&quot;], &quot;projectPhase&quot;: &quot;design&quot;, &quot;stakeholders&quot;: [&quot;development-team&quot;], &quot;technicalStack&quot;: [&quot;react&quot;, &quot;typescript&quot;]}, &quot;created&quot;: &quot;2024-01-01T00:00:00.000Z&quot;, &quot;decisionData&quot;: {&quot;alternatives&quot;: [{&quot;description&quot;: &quot;Relational database with strong consistency&quot;, &quot;name&quot;: &quot;PostgreSQL&quot;, &quot;tradeoffs&quot;: &quot;Strong consistency vs horizontal scalability&quot;}, {&quot;description&quot;: &quot;Document database with flexible schema&quot;, &quot;name&quot;: &quot;MongoDB&quot;, &quot;tradeoffs&quot;: &quot;Flexibility vs consistency guarantees&quot;}], &quot;consequences&quot;: {&quot;negative&quot;: [&quot;More complex horizontal scaling&quot;, &quot;Higher operational overhead&quot;], &quot;positive&quot;: [&quot;Strong ACID compliance&quot;, &quot;Rich query capabilities&quot;, &quot;Excellent ecosystem support&quot;], &quot;risks&quot;: [&quot;Single point of failure if not properly clustered&quot;, &quot;Learning curve for team&quot;]}, &quot;context&quot;: &quot;We are building a microservices architecture and need to select a database technology for high-availability requirements.&quot;, &quot;decision&quot;: &quot;We will use PostgreSQL as our primary database technology for the microservices architecture.&quot;, &quot;implementationStatus&quot;: &quot;not_started&quot;, &quot;implementationTasks&quot;: [&quot;Setup database cluster&quot;, &quot;Configure connection pooling&quot;], &quot;reviewHistory&quot;: [], &quot;status&quot;: &quot;proposed&quot;}, &quot;description&quot;: &quot;Decision to use React for frontend&quot;, &quot;evolution&quot;: {&quot;origin&quot;: &quot;discovered&quot;, &quot;transformations&quot;: [{&quot;agent&quot;: &quot;MemoryEntityManager&quot;, &quot;description&quot;: &quot;Created architectural_decision entity&quot;, &quot;timestamp&quot;: &quot;2024-01-01T00:00:00.000Z&quot;, &quot;type&quot;: &quot;created&quot;}]}, &quot;id&quot;: &quot;7da296f8-4b24-4d74-8799-05eaab15b64e&quot;, &quot;lastModified&quot;: &quot;2024-01-01T00:00:00.000Z&quot;, &quot;relationships&quot;: [], &quot;relevance&quot;: 0.8, &quot;tags&quot;: [&quot;frontend&quot;, &quot;react&quot;], &quot;title&quot;: &quot;React Architecture&quot;, &quot;type&quot;: &quot;architectural_decision&quot;, &quot;validation&quot;: {&quot;isVerified&quot;: false}, &quot;version&quot;: 1}, {&quot;accessPattern&quot;: {&quot;accessContext&quot;: [], &quot;accessCount&quot;: 1, &quot;lastAccessed&quot;: &quot;2024-01-01T00:00:00.000Z&quot;}, &quot;confidence&quot;: 0.9, &quot;context&quot;: {&quot;businessDomain&quot;: &quot;ecommerce&quot;, &quot;environmentalFactors&quot;: [&quot;web&quot;], &quot;projectPhase&quot;: &quot;design&quot;, &quot;stakeholders&quot;: [&quot;development-team&quot;], &quot;technicalStack&quot;: [&quot;react&quot;, &quot;typescript&quot;]}, &quot;created&quot;: &quot;2024-01-01T00:00:00.000Z&quot;, &quot;decisionData&quot;: {&quot;alternatives&quot;: [{&quot;description&quot;: &quot;Relational database with strong consistency&quot;, &quot;name&quot;: &quot;PostgreSQL&quot;, &quot;tradeoffs&quot;: &quot;Strong consistency vs horizontal scalability&quot;}, {&quot;description&quot;: &quot;Document database with flexible schema&quot;, &quot;name&quot;: &quot;MongoDB&quot;, &quot;tradeoffs&quot;: &quot;Flexibility vs consistency guarantees&quot;}], &quot;consequences&quot;: {&quot;negative&quot;: [&quot;More complex horizontal scaling&quot;, &quot;Higher operational overhead&quot;], &quot;positive&quot;: [&quot;Strong ACID compliance&quot;, &quot;Rich query capabilities&quot;, &quot;Excellent ecosystem support&quot;], &quot;risks&quot;: [&quot;Single point of failure if not properly clustered&quot;, &quot;Learning curve for team&quot;]}, &quot;context&quot;: &quot;We are building a microservices architecture and need to select a database technology for high-availability requirements.&quot;, &quot;decision&quot;: &quot;We will use PostgreSQL as our primary database technology for the microservices architecture.&quot;, &quot;implementationStatus&quot;: &quot;not_started&quot;, &quot;implementationTasks&quot;: [&quot;Setup database cluster&quot;, &quot;Configure connection pooling&quot;], &quot;reviewHistory&quot;: [], &quot;status&quot;: &quot;proposed&quot;}, &quot;description&quot;: &quot;Decision to use React for frontend&quot;, &quot;evolution&quot;: {&quot;origin&quot;: &quot;discovered&quot;, &quot;transformations&quot;: [{&quot;agent&quot;: &quot;MemoryEntityManager&quot;, &quot;description&quot;: &quot;Created architectural_decision entity&quot;, &quot;timestamp&quot;: &quot;2024-01-01T00:00:00.000Z&quot;, &quot;type&quot;: &quot;created&quot;}]}, &quot;id&quot;: &quot;466db123-2c43-4312-8cf4-6e1f2587cb4e&quot;, &quot;lastModified&quot;: &quot;2024-01-01T00:00:00.000Z&quot;, &quot;relationships&quot;: [], &quot;relevance&quot;: 0.8, &quot;tags&quot;: [&quot;frontend&quot;, &quot;react&quot;], &quot;title&quot;: &quot;React Architecture&quot;, &quot;type&quot;: &quot;architectural_decision&quot;, &quot;validation&quot;: {&quot;conflictResolution&quot;: undefined, &quot;isVerified&quot;: false, &quot;verificationMethod&quot;: undefined, &quot;verificationTimestamp&quot;: undefined}, &quot;version&quot;: 1}]
    at Object.&lt;anonymous&gt; (/home/runner/work/mcp-adr-analysis-server/mcp-adr-analysis-server/tests/utils/memory-entity-manager.test.ts:718:33)</failure>
    </testcase>
    <testcase classname="MemoryEntityManager querying queryEntities should sort entities correctly" name="MemoryEntityManager querying queryEntities should sort entities correctly" time="0.014">
      <failure>Error: expect(received).toHaveLength(expected)

Expected length: 3
Received length: 57
Received array:  [{&quot;accessPattern&quot;: [Object], &quot;confidence&quot;: 0.9, &quot;context&quot;: [Object], &quot;created&quot;: &quot;2024-01-01T00:00:00.000Z&quot;, &quot;decisionData&quot;: [Object], &quot;description&quot;: &quot;Decision to use React for frontend&quot;, &quot;evolution&quot;: [Object], &quot;id&quot;: &quot;77ea02c2-8c86-46de-9bb6-21f01cedc837&quot;, &quot;lastModified&quot;: &quot;2024-01-01T00:00:00.000Z&quot;, &quot;relationships&quot;: [Array], &quot;relevance&quot;: 0.8, &quot;tags&quot;: [Array], &quot;title&quot;: &quot;React Architecture&quot;, &quot;type&quot;: &quot;architectural_decision&quot;, &quot;validation&quot;: [Object], &quot;version&quot;: 1}, {&quot;accessPattern&quot;: [Object], &quot;confidence&quot;: 0.9, &quot;context&quot;: [Object], &quot;created&quot;: &quot;2024-01-01T00:00:00.000Z&quot;, &quot;decisionData&quot;: [Object], &quot;description&quot;: &quot;Decision to use React for frontend&quot;, &quot;evolution&quot;: [Object], &quot;id&quot;: &quot;f202e51e-2e62-4b89-a65c-767b9a48c18e&quot;, &quot;lastModified&quot;: &quot;2024-01-01T00:00:00.000Z&quot;, &quot;relationships&quot;: [Array], &quot;relevance&quot;: 0.8, &quot;tags&quot;: [Array], &quot;title&quot;: &quot;React Architecture&quot;, &quot;type&quot;: &quot;architectural_decision&quot;, &quot;validation&quot;: [Object], &quot;version&quot;: 1}, {&quot;accessPattern&quot;: [Object], &quot;confidence&quot;: 0.9, &quot;context&quot;: [Object], &quot;created&quot;: &quot;2024-01-01T00:00:00.000Z&quot;, &quot;decisionData&quot;: [Object], &quot;description&quot;: &quot;Decision to use React for frontend&quot;, &quot;evolution&quot;: [Object], &quot;id&quot;: &quot;7da296f8-4b24-4d74-8799-05eaab15b64e&quot;, &quot;lastModified&quot;: &quot;2024-01-01T00:00:00.000Z&quot;, &quot;relationships&quot;: [Array], &quot;relevance&quot;: 0.8, &quot;tags&quot;: [Array], &quot;title&quot;: &quot;React Architecture&quot;, &quot;type&quot;: &quot;architectural_decision&quot;, &quot;validation&quot;: [Object], &quot;version&quot;: 1}, {&quot;accessPattern&quot;: [Object], &quot;confidence&quot;: 0.9, &quot;context&quot;: [Object], &quot;created&quot;: &quot;2024-01-01T00:00:00.000Z&quot;, &quot;decisionData&quot;: [Object], &quot;description&quot;: &quot;Decision to use React for frontend&quot;, &quot;evolution&quot;: [Object], &quot;id&quot;: &quot;466db123-2c43-4312-8cf4-6e1f2587cb4e&quot;, &quot;lastModified&quot;: &quot;2024-01-01T00:00:00.000Z&quot;, &quot;relationships&quot;: [Array], &quot;relevance&quot;: 0.8, &quot;tags&quot;: [Array], &quot;title&quot;: &quot;React Architecture&quot;, &quot;type&quot;: &quot;architectural_decision&quot;, &quot;validation&quot;: [Object], &quot;version&quot;: 1}, {&quot;accessPattern&quot;: [Object], &quot;confidence&quot;: 0.9, &quot;context&quot;: [Object], &quot;created&quot;: &quot;2024-01-01T00:00:00.000Z&quot;, &quot;decisionData&quot;: [Object], &quot;description&quot;: &quot;Decision to use React for frontend&quot;, &quot;evolution&quot;: [Object], &quot;id&quot;: &quot;8a0654e5-8e52-482d-9f21-002d791d35bc&quot;, &quot;lastModified&quot;: &quot;2024-01-01T00:00:00.000Z&quot;, &quot;relationships&quot;: [Array], &quot;relevance&quot;: 0.8, &quot;tags&quot;: [Array], &quot;title&quot;: &quot;React Architecture&quot;, &quot;type&quot;: &quot;architectural_decision&quot;, &quot;validation&quot;: [Object], &quot;version&quot;: 1}, {&quot;accessPattern&quot;: [Object], &quot;confidence&quot;: 0.8, &quot;context&quot;: [Object], &quot;created&quot;: &quot;2024-01-01T00:00:00.000Z&quot;, &quot;decisionData&quot;: [Object], &quot;description&quot;: &quot;Bulk operation test&quot;, &quot;evolution&quot;: [Object], &quot;id&quot;: &quot;10c34900-ff29-4981-9c7c-a1e045720b2e&quot;, &quot;lastModified&quot;: &quot;2024-01-01T00:00:00.000Z&quot;, &quot;relationships&quot;: [Array], &quot;relevance&quot;: 0.7, &quot;tags&quot;: [Array], &quot;title&quot;: &quot;Bulk Test 0&quot;, &quot;type&quot;: &quot;architectural_decision&quot;, &quot;validation&quot;: [Object], &quot;version&quot;: 1}, {&quot;accessPattern&quot;: [Object], &quot;confidence&quot;: 0.8, &quot;context&quot;: [Object], &quot;created&quot;: &quot;2024-01-01T00:00:00.000Z&quot;, &quot;decisionData&quot;: [Object], &quot;description&quot;: &quot;Bulk operation test&quot;, &quot;evolution&quot;: [Object], &quot;id&quot;: &quot;6cede7b7-5b1a-40ff-85fe-55b7a1bef8f3&quot;, &quot;lastModified&quot;: &quot;2024-01-01T00:00:00.000Z&quot;, &quot;relationships&quot;: [Array], &quot;relevance&quot;: 0.7, &quot;tags&quot;: [Array], &quot;title&quot;: &quot;Bulk Test 1&quot;, &quot;type&quot;: &quot;architectural_decision&quot;, &quot;validation&quot;: [Object], &quot;version&quot;: 1}, {&quot;accessPattern&quot;: [Object], &quot;confidence&quot;: 0.8, &quot;context&quot;: [Object], &quot;created&quot;: &quot;2024-01-01T00:00:00.000Z&quot;, &quot;decisionData&quot;: [Object], &quot;description&quot;: &quot;Bulk operation test&quot;, &quot;evolution&quot;: [Object], &quot;id&quot;: &quot;311ca364-47c7-4389-a2c0-323bb967c9dc&quot;, &quot;lastModified&quot;: &quot;2024-01-01T00:00:00.000Z&quot;, &quot;relationships&quot;: [Array], &quot;relevance&quot;: 0.7, &quot;tags&quot;: [Array], &quot;title&quot;: &quot;Bulk Test 2&quot;, &quot;type&quot;: &quot;architectural_decision&quot;, &quot;validation&quot;: [Object], &quot;version&quot;: 1}, {&quot;accessPattern&quot;: [Object], &quot;confidence&quot;: 0.8, &quot;context&quot;: [Object], &quot;created&quot;: &quot;2024-01-01T00:00:00.000Z&quot;, &quot;decisionData&quot;: [Object], &quot;description&quot;: &quot;Bulk operation test&quot;, &quot;evolution&quot;: [Object], &quot;id&quot;: &quot;52454564-c7fc-4d78-9fa3-6d950b2ea4d5&quot;, &quot;lastModified&quot;: &quot;2024-01-01T00:00:00.000Z&quot;, &quot;relationships&quot;: [Array], &quot;relevance&quot;: 0.7, &quot;tags&quot;: [Array], &quot;title&quot;: &quot;Bulk Test 3&quot;, &quot;type&quot;: &quot;architectural_decision&quot;, &quot;validation&quot;: [Object], &quot;version&quot;: 1}, {&quot;accessPattern&quot;: [Object], &quot;confidence&quot;: 0.8, &quot;context&quot;: [Object], &quot;created&quot;: &quot;2024-01-01T00:00:00.000Z&quot;, &quot;decisionData&quot;: [Object], &quot;description&quot;: &quot;Bulk operation test&quot;, &quot;evolution&quot;: [Object], &quot;id&quot;: &quot;54d9b84b-9571-406d-899e-67ba5f200b2f&quot;, &quot;lastModified&quot;: &quot;2024-01-01T00:00:00.000Z&quot;, &quot;relationships&quot;: [Array], &quot;relevance&quot;: 0.7, &quot;tags&quot;: [Array], &quot;title&quot;: &quot;Bulk Test 4&quot;, &quot;type&quot;: &quot;architectural_decision&quot;, &quot;validation&quot;: [Object], &quot;version&quot;: 1}, …]
    at Object.&lt;anonymous&gt; (/home/runner/work/mcp-adr-analysis-server/mcp-adr-analysis-server/tests/utils/memory-entity-manager.test.ts:729:33)</failure>
    </testcase>
    <testcase classname="MemoryEntityManager querying queryEntities should limit results" name="MemoryEntityManager querying queryEntities should limit results" time="0.008">
      <failure>Error: expect(received).toBe(expected) // Object.is equality

Expected: 3
Received: 58
    at Object.&lt;anonymous&gt; (/home/runner/work/mcp-adr-analysis-server/mcp-adr-analysis-server/tests/utils/memory-entity-manager.test.ts:740:35)</failure>
    </testcase>
    <testcase classname="MemoryEntityManager querying queryEntities should include aggregations" name="MemoryEntityManager querying queryEntities should include aggregations" time="0.007">
      <failure>Error: expect(received).toBe(expected) // Object.is equality

Expected: 1
Received: 57
    at Object.&lt;anonymous&gt; (/home/runner/work/mcp-adr-analysis-server/mcp-adr-analysis-server/tests/utils/memory-entity-manager.test.ts:749:70)</failure>
    </testcase>
    <testcase classname="MemoryEntityManager querying findRelatedEntities should find directly related entities" name="MemoryEntityManager querying findRelatedEntities should find directly related entities" time="0.013">
    </testcase>
    <testcase classname="MemoryEntityManager querying findRelatedEntities should find entities at multiple depths" name="MemoryEntityManager querying findRelatedEntities should find entities at multiple depths" time="0.012">
    </testcase>
    <testcase classname="MemoryEntityManager querying findRelatedEntities should respect maxDepth parameter" name="MemoryEntityManager querying findRelatedEntities should respect maxDepth parameter" time="0.013">
    </testcase>
    <testcase classname="MemoryEntityManager querying findRelatedEntities should filter by relationship types" name="MemoryEntityManager querying findRelatedEntities should filter by relationship types" time="0.013">
    </testcase>
    <testcase classname="MemoryEntityManager intelligence should initialize default intelligence" name="MemoryEntityManager intelligence should initialize default intelligence" time="0.003">
    </testcase>
    <testcase classname="MemoryEntityManager intelligence should update intelligence when entities are modified" name="MemoryEntityManager intelligence should update intelligence when entities are modified" time="0.005">
      <failure>Error: expect(received).toBe(expected) // Object.is equality

Expected: 1
Received: 62
    at Object.&lt;anonymous&gt; (/home/runner/work/mcp-adr-analysis-server/mcp-adr-analysis-server/tests/utils/memory-entity-manager.test.ts:860:9)</failure>
    </testcase>
    <testcase classname="MemoryEntityManager intelligence should generate recommendations based on current state" name="MemoryEntityManager intelligence should generate recommendations based on current state" time="0.006">
    </testcase>
    <testcase classname="MemoryEntityManager snapshots should create a memory snapshot" name="MemoryEntityManager snapshots should create a memory snapshot" time="0.006">
      <failure>Error: expect(received).toBe(expected) // Object.is equality

Expected: &quot;test-uuid-123&quot;
Received: &quot;d2f73620-5e6f-4e31-936c-62c236bd6cb6&quot;
    at Object.&lt;anonymous&gt; (/home/runner/work/mcp-adr-analysis-server/mcp-adr-analysis-server/tests/utils/memory-entity-manager.test.ts:905:27)</failure>
    </testcase>
    <testcase classname="MemoryEntityManager snapshots should include intelligence in snapshot" name="MemoryEntityManager snapshots should include intelligence in snapshot" time="0.006">
    </testcase>
    <testcase classname="MemoryEntityManager persistence should persist data when snapshot frequency is reached" name="MemoryEntityManager persistence should persist data when snapshot frequency is reached" time="0.008">
      <failure>Error: expect(jest.fn()).toHaveBeenCalledWith(...expected)

Expected: StringContaining &quot;entities.json&quot;, Any&lt;String&gt;

Number of calls: 0
    at Object.&lt;anonymous&gt; (/home/runner/work/mcp-adr-analysis-server/mcp-adr-analysis-server/tests/utils/memory-entity-manager.test.ts:953:32)</failure>
    </testcase>
    <testcase classname="MemoryEntityManager persistence should handle persistence errors gracefully" name="MemoryEntityManager persistence should handle persistence errors gracefully" time="0.004">
    </testcase>
    <testcase classname="MemoryEntityManager error handling should handle invalid entity data" name="MemoryEntityManager error handling should handle invalid entity data" time="0.002">
    </testcase>
    <testcase classname="MemoryEntityManager error handling should handle query errors gracefully" name="MemoryEntityManager error handling should handle query errors gracefully" time="0.002">
      <failure>Error: expect(received).rejects.toThrow()

Received promise resolved instead of rejected
Resolved to value: {&quot;aggregations&quot;: {&quot;byConfidence&quot;: {}, &quot;byTag&quot;: {}, &quot;byType&quot;: {}}, &quot;entities&quot;: [], &quot;queryTime&quot;: 0, &quot;relationships&quot;: [], &quot;totalCount&quot;: 0}
    at expect (/home/runner/work/mcp-adr-analysis-server/mcp-adr-analysis-server/node_modules/expect/build/index.js:2116:15)
    at Object.&lt;anonymous&gt; (/home/runner/work/mcp-adr-analysis-server/mcp-adr-analysis-server/tests/utils/memory-entity-manager.test.ts:998:13)
    at Promise.finally.completed (/home/runner/work/mcp-adr-analysis-server/mcp-adr-analysis-server/node_modules/jest-circus/build/jestAdapterInit.js:1556:28)
    at new Promise (&lt;anonymous&gt;)
    at callAsyncCircusFn (/home/runner/work/mcp-adr-analysis-server/mcp-adr-analysis-server/node_modules/jest-circus/build/jestAdapterInit.js:1496:10)
    at _callCircusTest (/home/runner/work/mcp-adr-analysis-server/mcp-adr-analysis-server/node_modules/jest-circus/build/jestAdapterInit.js:1006:40)
    at _runTest (/home/runner/work/mcp-adr-analysis-server/mcp-adr-analysis-server/node_modules/jest-circus/build/jestAdapterInit.js:946:3)
    at _runTestsForDescribeBlock (/home/runner/work/mcp-adr-analysis-server/mcp-adr-analysis-server/node_modules/jest-circus/build/jestAdapterInit.js:839:13)
    at _runTestsForDescribeBlock (/home/runner/work/mcp-adr-analysis-server/mcp-adr-analysis-server/node_modules/jest-circus/build/jestAdapterInit.js:829:11)
    at _runTestsForDescribeBlock (/home/runner/work/mcp-adr-analysis-server/mcp-adr-analysis-server/node_modules/jest-circus/build/jestAdapterInit.js:829:11)
    at run (/home/runner/work/mcp-adr-analysis-server/mcp-adr-analysis-server/node_modules/jest-circus/build/jestAdapterInit.js:757:3)
    at runAndTransformResultsToJestFormat (/home/runner/work/mcp-adr-analysis-server/mcp-adr-analysis-server/node_modules/jest-circus/build/jestAdapterInit.js:1917:21)
    at jestAdapter (/home/runner/work/mcp-adr-analysis-server/mcp-adr-analysis-server/node_modules/jest-circus/build/runner.js:101:19)
    at runTestInternal (/home/runner/work/mcp-adr-analysis-server/mcp-adr-analysis-server/node_modules/jest-runner/build/testWorker.js:275:16)
    at runTest (/home/runner/work/mcp-adr-analysis-server/mcp-adr-analysis-server/node_modules/jest-runner/build/testWorker.js:343:7)
    at Object.worker (/home/runner/work/mcp-adr-analysis-server/mcp-adr-analysis-server/node_modules/jest-runner/build/testWorker.js:497:12)</failure>
    </testcase>
    <testcase classname="MemoryEntityManager error handling should handle relationship creation with missing entities" name="MemoryEntityManager error handling should handle relationship creation with missing entities" time="0.002">
    </testcase>
  </testsuite>
  <testsuite name="MemoryRelationshipMapper" errors="0" failures="1" skipped="0" timestamp="2025-09-16T02:10:36" time="0.162" tests="5">
    <testcase classname="MemoryRelationshipMapper Cross-Tool Relationship Creation should link troubleshooting sessions to environment snapshots" name="MemoryRelationshipMapper Cross-Tool Relationship Creation should link troubleshooting sessions to environment snapshots" time="0.011">
    </testcase>
    <testcase classname="MemoryRelationshipMapper Cross-Tool Relationship Creation should link deployment assessments to ADR compliance" name="MemoryRelationshipMapper Cross-Tool Relationship Creation should link deployment assessments to ADR compliance" time="0.004">
    </testcase>
    <testcase classname="MemoryRelationshipMapper Cross-Tool Relationship Creation should detect and report conflicts between entities" name="MemoryRelationshipMapper Cross-Tool Relationship Creation should detect and report conflicts between entities" time="0.006">
      <failure>Error: expect(received).toBeGreaterThan(expected)

Expected: &gt; 0
Received:   0
    at Object.&lt;anonymous&gt; (/home/runner/work/mcp-adr-analysis-server/mcp-adr-analysis-server/tests/utils/memory-relationship-mapper.test.ts:693:39)</failure>
    </testcase>
    <testcase classname="MemoryRelationshipMapper Cross-Tool Relationship Creation should auto-create high-confidence relationships" name="MemoryRelationshipMapper Cross-Tool Relationship Creation should auto-create high-confidence relationships" time="0.005">
    </testcase>
    <testcase classname="MemoryRelationshipMapper Relationship Validation should validate relationship parameters" name="MemoryRelationshipMapper Relationship Validation should validate relationship parameters" time="0.002">
    </testcase>
  </testsuite>
  <testsuite name="Memory System Performance Tests" errors="0" failures="1" skipped="0" timestamp="2025-09-16T02:10:35" time="2.08" tests="6">
    <testcase classname="Memory System Performance Tests Entity Creation Performance should handle bulk entity creation efficiently" name="Memory System Performance Tests Entity Creation Performance should handle bulk entity creation efficiently" time="0.252">
    </testcase>
    <testcase classname="Memory System Performance Tests Entity Creation Performance should handle concurrent entity operations" name="Memory System Performance Tests Entity Creation Performance should handle concurrent entity operations" time="0.271">
    </testcase>
    <testcase classname="Memory System Performance Tests Query Performance should handle large-scale entity queries efficiently" name="Memory System Performance Tests Query Performance should handle large-scale entity queries efficiently" time="0.003">
    </testcase>
    <testcase classname="Memory System Performance Tests Relationship Performance should handle large-scale relationship creation efficiently" name="Memory System Performance Tests Relationship Performance should handle large-scale relationship creation efficiently" time="0.003">
    </testcase>
    <testcase classname="Memory System Performance Tests Migration Performance should handle large dataset migration efficiently" name="Memory System Performance Tests Migration Performance should handle large dataset migration efficiently" time="0.027">
      <failure>Error: expect(received).toBe(expected) // Object.is equality

Expected: 1000
Received: 0
    at Object.&lt;anonymous&gt; (/home/runner/work/mcp-adr-analysis-server/mcp-adr-analysis-server/tests/performance/memory-performance.test.ts:528:45)</failure>
    </testcase>
    <testcase classname="Memory System Performance Tests Memory Usage and Resource Management should manage memory efficiently during bulk operations" name="Memory System Performance Tests Memory Usage and Resource Management should manage memory efficiently during bulk operations" time="1.165">
    </testcase>
  </testsuite>
  <testsuite name="TestInfrastructure" errors="0" failures="0" skipped="0" timestamp="2025-09-16T02:10:37" time="6.478" tests="21">
    <testcase classname="TestInfrastructure Configuration Management should provide default configuration" name="TestInfrastructure Configuration Management should provide default configuration" time="0.004">
    </testcase>
    <testcase classname="TestInfrastructure Configuration Management should allow configuration updates" name="TestInfrastructure Configuration Management should allow configuration updates" time="0.001">
    </testcase>
    <testcase classname="TestInfrastructure Configuration Management should provide appropriate timeouts for different test types" name="TestInfrastructure Configuration Management should provide appropriate timeouts for different test types" time="0.001">
    </testcase>
    <testcase classname="TestInfrastructure Resource Tracking should track temporary directories" name="TestInfrastructure Resource Tracking should track temporary directories" time="0.003">
    </testcase>
    <testcase classname="TestInfrastructure Resource Tracking should track timers and intervals" name="TestInfrastructure Resource Tracking should track timers and intervals" time="0">
    </testcase>
    <testcase classname="TestInfrastructure Resource Tracking should enforce resource limits" name="TestInfrastructure Resource Tracking should enforce resource limits" time="0.019">
    </testcase>
    <testcase classname="TestInfrastructure Resource Tracking should record memory usage" name="TestInfrastructure Resource Tracking should record memory usage" time="0.002">
    </testcase>
    <testcase classname="TestInfrastructure Cleanup Operations should clean up temporary directories" name="TestInfrastructure Cleanup Operations should clean up temporary directories" time="0.017">
    </testcase>
    <testcase classname="TestInfrastructure Cleanup Operations should handle cleanup callbacks" name="TestInfrastructure Cleanup Operations should handle cleanup callbacks" time="0">
    </testcase>
    <testcase classname="TestInfrastructure Cleanup Operations should handle cleanup timeout gracefully" name="TestInfrastructure Cleanup Operations should handle cleanup timeout gracefully" time="5">
    </testcase>
    <testcase classname="TestInfrastructure Cleanup Operations should provide resource status information" name="TestInfrastructure Cleanup Operations should provide resource status information" time="0.002">
    </testcase>
    <testcase classname="TestInfrastructure Helper Functions should work with withTestInfrastructure helper" name="TestInfrastructure Helper Functions should work with withTestInfrastructure helper" time="0.001">
    </testcase>
    <testcase classname="TestInfrastructure Helper Functions should work with withTimeout helper" name="TestInfrastructure Helper Functions should work with withTimeout helper" time="0.101">
    </testcase>
    <testcase classname="TestInfrastructure Helper Functions should timeout slow operations with withTimeout helper" name="TestInfrastructure Helper Functions should timeout slow operations with withTimeout helper" time="0.202">
    </testcase>
    <testcase classname="TestInfrastructure Helper Functions should work with withResourceTracking helper" name="TestInfrastructure Helper Functions should work with withResourceTracking helper" time="0.001">
    </testcase>
    <testcase classname="TestInfrastructure Error Handling should handle cleanup errors gracefully" name="TestInfrastructure Error Handling should handle cleanup errors gracefully" time="0.001">
    </testcase>
    <testcase classname="TestInfrastructure Error Handling should handle force cleanup" name="TestInfrastructure Error Handling should handle force cleanup" time="1.002">
    </testcase>
    <testcase classname="TestInfrastructure Singleton Behavior should return the same instance" name="TestInfrastructure Singleton Behavior should return the same instance" time="0">
    </testcase>
    <testcase classname="TestInfrastructure Singleton Behavior should maintain state across getInstance calls" name="TestInfrastructure Singleton Behavior should maintain state across getInstance calls" time="0.002">
    </testcase>
    <testcase classname="Integration with Jest should work within Jest test environment" name="Integration with Jest should work within Jest test environment" time="0">
    </testcase>
    <testcase classname="Integration with Jest should handle Jest mocks and cleanup" name="Integration with Jest should handle Jest mocks and cleanup" time="0.002">
    </testcase>
  </testsuite>
  <testsuite name="Research Questions Utilities" errors="0" failures="0" skipped="0" timestamp="2025-09-16T02:10:43" time="2.818" tests="23">
    <testcase classname="Research Questions Utilities correlateProblemKnowledge should correlate problems with knowledge graph" name="Research Questions Utilities correlateProblemKnowledge should correlate problems with knowledge graph" time="0.003">
    </testcase>
    <testcase classname="Research Questions Utilities correlateProblemKnowledge should handle empty knowledge graph" name="Research Questions Utilities correlateProblemKnowledge should handle empty knowledge graph" time="0.004">
    </testcase>
    <testcase classname="Research Questions Utilities correlateProblemKnowledge should handle empty problems array" name="Research Questions Utilities correlateProblemKnowledge should handle empty problems array" time="0.001">
    </testcase>
    <testcase classname="Research Questions Utilities correlateProblemKnowledge should handle multiple problems" name="Research Questions Utilities correlateProblemKnowledge should handle multiple problems" time="0.001">
    </testcase>
    <testcase classname="Research Questions Utilities findRelevantAdrPatterns should find relevant ADR patterns" name="Research Questions Utilities findRelevantAdrPatterns should find relevant ADR patterns" time="0.004">
    </testcase>
    <testcase classname="Research Questions Utilities findRelevantAdrPatterns should handle custom ADR directory" name="Research Questions Utilities findRelevantAdrPatterns should handle custom ADR directory" time="0.001">
    </testcase>
    <testcase classname="Research Questions Utilities findRelevantAdrPatterns should handle minimal context" name="Research Questions Utilities findRelevantAdrPatterns should handle minimal context" time="0.001">
    </testcase>
    <testcase classname="Research Questions Utilities findRelevantAdrPatterns should handle context with all optional fields" name="Research Questions Utilities findRelevantAdrPatterns should handle context with all optional fields" time="0.001">
    </testcase>
    <testcase classname="Research Questions Utilities generateContextAwareQuestions should generate context-aware questions" name="Research Questions Utilities generateContextAwareQuestions should generate context-aware questions" time="1.329">
    </testcase>
    <testcase classname="Research Questions Utilities generateContextAwareQuestions should handle custom project path" name="Research Questions Utilities generateContextAwareQuestions should handle custom project path" time="0.006">
    </testcase>
    <testcase classname="Research Questions Utilities generateContextAwareQuestions should handle empty relevant knowledge" name="Research Questions Utilities generateContextAwareQuestions should handle empty relevant knowledge" time="1.312">
    </testcase>
    <testcase classname="Research Questions Utilities createResearchTaskTracking should create research task tracking" name="Research Questions Utilities createResearchTaskTracking should create research task tracking" time="0.002">
    </testcase>
    <testcase classname="Research Questions Utilities createResearchTaskTracking should handle empty progress array" name="Research Questions Utilities createResearchTaskTracking should handle empty progress array" time="0.001">
    </testcase>
    <testcase classname="Research Questions Utilities createResearchTaskTracking should handle progress with multiple statuses" name="Research Questions Utilities createResearchTaskTracking should handle progress with multiple statuses" time="0">
    </testcase>
    <testcase classname="Research Questions Utilities Interface Validation should validate ResearchProblem interface" name="Research Questions Utilities Interface Validation should validate ResearchProblem interface" time="0">
    </testcase>
    <testcase classname="Research Questions Utilities Interface Validation should validate KnowledgeGraph interface" name="Research Questions Utilities Interface Validation should validate KnowledgeGraph interface" time="0.001">
    </testcase>
    <testcase classname="Research Questions Utilities Interface Validation should validate ResearchContext interface" name="Research Questions Utilities Interface Validation should validate ResearchContext interface" time="0.001">
    </testcase>
    <testcase classname="Research Questions Utilities Interface Validation should validate ResearchQuestion interface" name="Research Questions Utilities Interface Validation should validate ResearchQuestion interface" time="0.001">
    </testcase>
    <testcase classname="Research Questions Utilities Error Handling should handle null inputs gracefully" name="Research Questions Utilities Error Handling should handle null inputs gracefully" time="0.02">
    </testcase>
    <testcase classname="Research Questions Utilities Error Handling should handle undefined inputs gracefully" name="Research Questions Utilities Error Handling should handle undefined inputs gracefully" time="0.001">
    </testcase>
    <testcase classname="Research Questions Utilities Error Handling should handle invalid context gracefully" name="Research Questions Utilities Error Handling should handle invalid context gracefully" time="0.001">
    </testcase>
    <testcase classname="Research Questions Utilities Edge Cases should handle very large knowledge graphs" name="Research Questions Utilities Edge Cases should handle very large knowledge graphs" time="0.001">
    </testcase>
    <testcase classname="Research Questions Utilities Edge Cases should handle special characters in inputs" name="Research Questions Utilities Edge Cases should handle special characters in inputs" time="0.001">
    </testcase>
  </testsuite>
  <testsuite name="Test Helper Utilities" errors="0" failures="0" skipped="0" timestamp="2025-09-16T02:10:46" time="0.982" tests="29">
    <testcase classname="Test Helper Utilities Test Type Decorators should execute unit tests with proper timeout" name="Test Helper Utilities Test Type Decorators should execute unit tests with proper timeout" time="0.004">
    </testcase>
[...]
    </testcase>
    <testcase classname="prompt-execution executePromptWithFallback should fallback to prompt-only when AI execution fails" name="prompt-execution executePromptWithFallback should fallback to prompt-only when AI execution fails" time="0.001">
    </testcase>
    <testcase classname="prompt-execution executePromptWithFallback should use prompt-only mode when forcePromptOnly is true" name="prompt-execution executePromptWithFallback should use prompt-only mode when forcePromptOnly is true" time="0.001">
    </testcase>
    <testcase classname="prompt-execution executePromptWithFallback should use prompt-only mode when AI is disabled" name="prompt-execution executePromptWithFallback should use prompt-only mode when AI is disabled" time="0.001">
    </testcase>
    <testcase classname="prompt-execution executePromptWithFallback should format prompt with context placeholders" name="prompt-execution executePromptWithFallback should format prompt with context placeholders" time="0.001">
    </testcase>
    <testcase classname="prompt-execution executePromptWithFallback should format prompt without context placeholders" name="prompt-execution executePromptWithFallback should format prompt without context placeholders" time="0.001">
    </testcase>
    <testcase classname="prompt-execution executeADRSuggestionPrompt should execute ADR suggestion prompt with default system prompt" name="prompt-execution executeADRSuggestionPrompt should execute ADR suggestion prompt with default system prompt" time="0.001">
    </testcase>
    <testcase classname="prompt-execution executeADRSuggestionPrompt should use custom system prompt when provided" name="prompt-execution executeADRSuggestionPrompt should use custom system prompt when provided" time="0">
    </testcase>
    <testcase classname="prompt-execution executeADRGenerationPrompt should execute ADR generation prompt with appropriate system prompt" name="prompt-execution executeADRGenerationPrompt should execute ADR generation prompt with appropriate system prompt" time="0">
    </testcase>
    <testcase classname="prompt-execution executeEcosystemAnalysisPrompt should execute ecosystem analysis prompt" name="prompt-execution executeEcosystemAnalysisPrompt should execute ecosystem analysis prompt" time="0.001">
    </testcase>
    <testcase classname="prompt-execution executeResearchPrompt should execute research prompt with higher temperature" name="prompt-execution executeResearchPrompt should execute research prompt with higher temperature" time="0.001">
    </testcase>
    <testcase classname="prompt-execution isAIExecutionAvailable should return true when AI executor is available" name="prompt-execution isAIExecutionAvailable should return true when AI executor is available" time="0.001">
    </testcase>
    <testcase classname="prompt-execution isAIExecutionAvailable should return false when AI executor is not available" name="prompt-execution isAIExecutionAvailable should return false when AI executor is not available" time="0">
    </testcase>
    <testcase classname="prompt-execution isAIExecutionAvailable should return false when getAIExecutor throws error" name="prompt-execution isAIExecutionAvailable should return false when getAIExecutor throws error" time="0.001">
    </testcase>
    <testcase classname="prompt-execution getAIExecutionStatus should return complete status when AI is enabled" name="prompt-execution getAIExecutionStatus should return complete status when AI is enabled" time="0.001">
    </testcase>
    <testcase classname="prompt-execution getAIExecutionStatus should return status with reason when API key is missing" name="prompt-execution getAIExecutionStatus should return status with reason when API key is missing" time="0">
    </testcase>
    <testcase classname="prompt-execution getAIExecutionStatus should return status with reason when execution mode is not full" name="prompt-execution getAIExecutionStatus should return status with reason when execution mode is not full" time="0.001">
    </testcase>
    <testcase classname="prompt-execution getAIExecutionStatus should handle configuration errors" name="prompt-execution getAIExecutionStatus should handle configuration errors" time="0">
    </testcase>
    <testcase classname="prompt-execution getAIExecutionInfo should return execution info when available" name="prompt-execution getAIExecutionInfo should return execution info when available" time="0.001">
    </testcase>
    <testcase classname="prompt-execution getAIExecutionInfo should return limited info when not available" name="prompt-execution getAIExecutionInfo should return limited info when not available" time="0.001">
    </testcase>
    <testcase classname="prompt-execution formatMCPResponse should format AI-generated response with metadata" name="prompt-execution formatMCPResponse should format AI-generated response with metadata" time="0.001">
    </testcase>
    <testcase classname="prompt-execution formatMCPResponse should format AI-generated response without usage info" name="prompt-execution formatMCPResponse should format AI-generated response without usage info" time="0.001">
    </testcase>
    <testcase classname="prompt-execution formatMCPResponse should format prompt-only response without metadata" name="prompt-execution formatMCPResponse should format prompt-only response without metadata" time="0">
    </testcase>
  </testsuite>
  <testsuite name="interactive-approval" errors="0" failures="0" skipped="0" timestamp="2025-09-16T02:10:56" time="0.135" tests="14">
    <testcase classname="interactive-approval handleInteractiveApproval should return proceed true for empty items array" name="interactive-approval handleInteractiveApproval should return proceed true for empty items array" time="0.008">
    </testcase>
    <testcase classname="interactive-approval handleInteractiveApproval should handle non-interactive mode with auto-reject errors" name="interactive-approval handleInteractiveApproval should handle non-interactive mode with auto-reject errors" time="0.001">
    </testcase>
    <testcase classname="interactive-approval handleInteractiveApproval should auto-approve info items when option is set" name="interactive-approval handleInteractiveApproval should auto-approve info items when option is set" time="0.001">
    </testcase>
    <testcase classname="interactive-approval handleInteractiveApproval should proceed when no files are rejected in non-interactive mode" name="interactive-approval handleInteractiveApproval should proceed when no files are rejected in non-interactive mode" time="0.001">
    </testcase>
    <testcase classname="interactive-approval batchApproval should apply action to items with same severity" name="interactive-approval batchApproval should apply action to items with same severity" time="0.001">
    </testcase>
    <testcase classname="interactive-approval batchApproval should apply action to items with same issue type" name="interactive-approval batchApproval should apply action to items with same issue type" time="0.001">
    </testcase>
    <testcase classname="interactive-approval batchApproval should return only original action if reference item not found" name="interactive-approval batchApproval should return only original action if reference item not found" time="0.001">
    </testcase>
    <testcase classname="interactive-approval batchApproval should handle multiple criteria filters" name="interactive-approval batchApproval should handle multiple criteria filters" time="0.001">
    </testcase>
    <testcase classname="interactive-approval batchApproval should include target and reason in batch actions" name="interactive-approval batchApproval should include target and reason in batch actions" time="0.001">
    </testcase>
    <testcase classname="interactive-approval saveApprovalPreferences should save approval preferences to file" name="interactive-approval saveApprovalPreferences should save approval preferences to file" time="0.002">
    </testcase>
    <testcase classname="interactive-approval saveApprovalPreferences should use default config path when not specified" name="interactive-approval saveApprovalPreferences should use default config path when not specified" time="0.001">
    </testcase>
    <testcase classname="interactive-approval saveApprovalPreferences should handle file write errors gracefully" name="interactive-approval saveApprovalPreferences should handle file write errors gracefully" time="0.001">
    </testcase>
    <testcase classname="interactive-approval saveApprovalPreferences should handle non-Error exceptions" name="interactive-approval saveApprovalPreferences should handle non-Error exceptions" time="0.001">
    </testcase>
    <testcase classname="interactive-approval saveApprovalPreferences should create preferences with timestamp and mapped actions" name="interactive-approval saveApprovalPreferences should create preferences with timestamp and mapped actions" time="0.002">
    </testcase>
  </testsuite>
  <testsuite name="Version Management" errors="0" failures="0" skipped="0" timestamp="2025-09-16T02:10:56" time="0.112" tests="3">
    <testcase classname="Version Management should return correct version from package.json" name="Version Management should return correct version from package.json" time="0.003">
    </testcase>
    <testcase classname="Version Management should use generic fallback version when package.json not found" name="Version Management should use generic fallback version when package.json not found" time="0.006">
    </testcase>
    <testcase classname="Version Management should be future-proof for version updates" name="Version Management should be future-proof for version updates" time="0.002">
    </testcase>
  </testsuite>
  <testsuite name="Simple Memory Migration Test" errors="0" failures="0" skipped="0" timestamp="2025-09-16T02:10:56" time="0.132" tests="3">
    <testcase classname="Simple Memory Migration Test should instantiate migration manager successfully" name="Simple Memory Migration Test should instantiate migration manager successfully" time="0.005">
    </testcase>
    <testcase classname="Simple Memory Migration Test should handle missing data sources gracefully" name="Simple Memory Migration Test should handle missing data sources gracefully" time="0.004">
    </testcase>
    <testcase classname="Simple Memory Migration Test should create migration manager with correct configuration" name="Simple Memory Migration Test should create migration manager with correct configuration" time="0.001">
    </testcase>
  </testsuite>
  <testsuite name="environment-analysis-tool" errors="0" failures="0" skipped="0" timestamp="2025-09-16T02:10:36" time="49.751" tests="30">
    <testcase classname="environment-analysis-tool analyzeEnvironment specs analysis should perform environment specs analysis with default parameters" name="environment-analysis-tool analyzeEnvironment specs analysis should perform environment specs analysis with default parameters" time="2.261">
    </testcase>
    <testcase classname="environment-analysis-tool analyzeEnvironment specs analysis should handle specs analysis with knowledge enhancement enabled" name="environment-analysis-tool analyzeEnvironment specs analysis should handle specs analysis with knowledge enhancement enabled" time="2.137">
    </testcase>
    <testcase classname="environment-analysis-tool analyzeEnvironment specs analysis should handle specs analysis with knowledge enhancement disabled" name="environment-analysis-tool analyzeEnvironment specs analysis should handle specs analysis with knowledge enhancement disabled" time="1.962">
    </testcase>
    <testcase classname="environment-analysis-tool analyzeEnvironment specs analysis should handle custom project path and ADR directory" name="environment-analysis-tool analyzeEnvironment specs analysis should handle custom project path and ADR directory" time="0.008">
    </testcase>
    <testcase classname="environment-analysis-tool analyzeEnvironment containerization analysis should perform containerization detection analysis" name="environment-analysis-tool analyzeEnvironment containerization analysis should perform containerization detection analysis" time="1.121">
    </testcase>
    <testcase classname="environment-analysis-tool analyzeEnvironment containerization analysis should include containerization knowledge enhancement when enabled" name="environment-analysis-tool analyzeEnvironment containerization analysis should include containerization knowledge enhancement when enabled" time="1.309">
    </testcase>
    <testcase classname="environment-analysis-tool analyzeEnvironment containerization analysis should provide expected containerization output information" name="environment-analysis-tool analyzeEnvironment containerization analysis should provide expected containerization output information" time="1.276">
    </testcase>
    <testcase classname="environment-analysis-tool analyzeEnvironment requirements analysis should perform requirements analysis from ADRs" name="environment-analysis-tool analyzeEnvironment requirements analysis should perform requirements analysis from ADRs" time="0.003">
    </testcase>
    <testcase classname="environment-analysis-tool analyzeEnvironment requirements analysis should include requirements knowledge enhancement" name="environment-analysis-tool analyzeEnvironment requirements analysis should include requirements knowledge enhancement" time="0.002">
    </testcase>
    <testcase classname="environment-analysis-tool analyzeEnvironment requirements analysis should provide expected requirements output information" name="environment-analysis-tool analyzeEnvironment requirements analysis should provide expected requirements output information" time="0.002">
    </testcase>
    <testcase classname="environment-analysis-tool analyzeEnvironment compliance analysis should perform compliance assessment with required parameters" name="environment-analysis-tool analyzeEnvironment compliance analysis should perform compliance assessment with required parameters" time="0.003">
    </testcase>
    <testcase classname="environment-analysis-tool analyzeEnvironment compliance analysis should include compliance knowledge enhancement" name="environment-analysis-tool analyzeEnvironment compliance analysis should include compliance knowledge enhancement" time="0.002">
    </testcase>
    <testcase classname="environment-analysis-tool analyzeEnvironment compliance analysis should provide expected compliance output information" name="environment-analysis-tool analyzeEnvironment compliance analysis should provide expected compliance output information" time="0.002">
    </testcase>
    <testcase classname="environment-analysis-tool analyzeEnvironment compliance analysis should throw error when currentEnvironment is missing" name="environment-analysis-tool analyzeEnvironment compliance analysis should throw error when currentEnvironment is missing" time="0.024">
    </testcase>
    <testcase classname="environment-analysis-tool analyzeEnvironment compliance analysis should throw error when requirements is missing" name="environment-analysis-tool analyzeEnvironment compliance analysis should throw error when requirements is missing" time="0.001">
    </testcase>
    <testcase classname="environment-analysis-tool analyzeEnvironment comprehensive analysis should perform comprehensive environment analysis" name="environment-analysis-tool analyzeEnvironment comprehensive analysis should perform comprehensive environment analysis" time="3.941">
    </testcase>
    <testcase classname="environment-analysis-tool analyzeEnvironment comprehensive analysis should include all analysis types in comprehensive mode" name="environment-analysis-tool analyzeEnvironment comprehensive analysis should include all analysis types in comprehensive mode" time="4.157">
    </testcase>
    <testcase classname="environment-analysis-tool analyzeEnvironment comprehensive analysis should include comprehensive knowledge enhancement" name="environment-analysis-tool analyzeEnvironment comprehensive analysis should include comprehensive knowledge enhancement" time="3.416">
    </testcase>
    <testcase classname="environment-analysis-tool analyzeEnvironment comprehensive analysis should provide comprehensive workflow guidance" name="environment-analysis-tool analyzeEnvironment comprehensive analysis should provide comprehensive workflow guidance" time="3.067">
    </testcase>
    <testcase classname="environment-analysis-tool analyzeEnvironment comprehensive analysis should provide expected comprehensive outcomes" name="environment-analysis-tool analyzeEnvironment comprehensive analysis should provide expected comprehensive outcomes" time="3.018">
    </testcase>
    <testcase classname="environment-analysis-tool analyzeEnvironment error handling should throw error for unknown analysis type" name="environment-analysis-tool analyzeEnvironment error handling should throw error for unknown analysis type" time="0.001">
    </testcase>
    <testcase classname="environment-analysis-tool analyzeEnvironment error handling should handle analysis errors gracefully" name="environment-analysis-tool analyzeEnvironment error handling should handle analysis errors gracefully" time="0.006">
    </testcase>
    <testcase classname="environment-analysis-tool analyzeEnvironment default parameters should use default parameters when not specified" name="environment-analysis-tool analyzeEnvironment default parameters should use default parameters when not specified" time="3.198">
    </testcase>
    <testcase classname="environment-analysis-tool analyzeEnvironment default parameters should use default project path and ADR directory" name="environment-analysis-tool analyzeEnvironment default parameters should use default project path and ADR directory" time="2.232">
    </testcase>
    <testcase classname="environment-analysis-tool analyzeEnvironment default parameters should enable knowledge enhancement and enhanced mode by default" name="environment-analysis-tool analyzeEnvironment default parameters should enable knowledge enhancement and enhanced mode by default" time="1.965">
    </testcase>
    <testcase classname="environment-analysis-tool analyzeEnvironment knowledge enhancement scenarios should handle knowledge generation success" name="environment-analysis-tool analyzeEnvironment knowledge enhancement scenarios should handle knowledge generation success" time="1.952">
    </testcase>
    <testcase classname="environment-analysis-tool analyzeEnvironment knowledge enhancement scenarios should handle knowledge generation disabled" name="environment-analysis-tool analyzeEnvironment knowledge enhancement scenarios should handle knowledge generation disabled" time="2.059">
    </testcase>
    <testcase classname="environment-analysis-tool analyzeEnvironment knowledge enhancement scenarios should handle mixed enhancement settings" name="environment-analysis-tool analyzeEnvironment knowledge enhancement scenarios should handle mixed enhancement settings" time="1.059">
    </testcase>
    <testcase classname="environment-analysis-tool analyzeEnvironment analysis type variations should handle all valid analysis types" name="environment-analysis-tool analyzeEnvironment analysis type variations should handle all valid analysis types" time="6.214">
    </testcase>
    <testcase classname="environment-analysis-tool analyzeEnvironment analysis type variations should provide different content for different analysis types" name="environment-analysis-tool analyzeEnvironment analysis type variations should provide different content for different analysis types" time="3.237">
    </testcase>
  </testsuite>
</testsuites>