<?xml version="1.0" encoding="UTF-8"?>
<testsuites name="jest tests" tests="1944" failures="74" errors="0" time="88.995">
  <testsuite name="Smart Score Tool" errors="0" failures="17" skipped="0" timestamp="2025-09-15T15:34:39" time="0.622" tests="86">
    <testcase classname="Smart Score Tool Schema Validation should reject invalid operation" name="Smart Score Tool Schema Validation should reject invalid operation" time="0.052">
    </testcase>
    <testcase classname="Smart Score Tool Schema Validation should reject missing required fields" name="Smart Score Tool Schema Validation should reject missing required fields" time="0.006">
    </testcase>
    <testcase classname="Smart Score Tool Schema Validation should validate basic recalculate_scores input" name="Smart Score Tool Schema Validation should validate basic recalculate_scores input" time="0.002">
    </testcase>
    <testcase classname="Smart Score Tool Schema Validation should validate sync_scores input" name="Smart Score Tool Schema Validation should validate sync_scores input" time="0.002">
    </testcase>
    <testcase classname="Smart Score Tool Schema Validation should validate diagnose_scores input" name="Smart Score Tool Schema Validation should validate diagnose_scores input" time="0.001">
    </testcase>
    <testcase classname="Smart Score Tool Schema Validation should validate optimize_weights input" name="Smart Score Tool Schema Validation should validate optimize_weights input" time="0.002">
    </testcase>
    <testcase classname="Smart Score Tool Schema Validation should validate reset_scores input" name="Smart Score Tool Schema Validation should validate reset_scores input" time="0.001">
    </testcase>
    <testcase classname="Smart Score Tool Schema Validation should validate get_score_trends input" name="Smart Score Tool Schema Validation should validate get_score_trends input" time="0.002">
    </testcase>
    <testcase classname="Smart Score Tool Schema Validation should validate get_intent_scores input" name="Smart Score Tool Schema Validation should validate get_intent_scores input" time="0.001">
    </testcase>
    <testcase classname="Smart Score Tool Schema Validation should reject get_intent_scores without intentId" name="Smart Score Tool Schema Validation should reject get_intent_scores without intentId" time="0.002">
    </testcase>
    <testcase classname="Smart Score Tool Schema Validation should use default values for optional parameters" name="Smart Score Tool Schema Validation should use default values for optional parameters" time="0.001">
    </testcase>
    <testcase classname="Smart Score Tool calculateOptimalWeights Function Integration should detect backend API project type" name="Smart Score Tool calculateOptimalWeights Function Integration should detect backend API project type" time="0.001">
    </testcase>
    <testcase classname="Smart Score Tool calculateOptimalWeights Function Integration should detect frontend project type" name="Smart Score Tool calculateOptimalWeights Function Integration should detect frontend project type" time="0.001">
    </testcase>
    <testcase classname="Smart Score Tool calculateOptimalWeights Function Integration should detect library project type" name="Smart Score Tool calculateOptimalWeights Function Integration should detect library project type" time="0.001">
    </testcase>
    <testcase classname="Smart Score Tool calculateOptimalWeights Function Integration should detect testing setup" name="Smart Score Tool calculateOptimalWeights Function Integration should detect testing setup" time="0.001">
    </testcase>
    <testcase classname="Smart Score Tool calculateOptimalWeights Function Integration should detect CI/CD setup" name="Smart Score Tool calculateOptimalWeights Function Integration should detect CI/CD setup" time="0.001">
    </testcase>
    <testcase classname="Smart Score Tool calculateOptimalWeights Function Integration should handle package.json read errors gracefully" name="Smart Score Tool calculateOptimalWeights Function Integration should handle package.json read errors gracefully" time="0">
    </testcase>
    <testcase classname="Smart Score Tool calculateOptimalWeights Function Integration should apply custom weights correctly" name="Smart Score Tool calculateOptimalWeights Function Integration should apply custom weights correctly" time="0.001">
    </testcase>
    <testcase classname="Smart Score Tool calculateOptimalWeights Function Integration should handle CI file access errors gracefully" name="Smart Score Tool calculateOptimalWeights Function Integration should handle CI file access errors gracefully" time="0.001">
    </testcase>
    <testcase classname="Smart Score Tool Error Handling should handle invalid operation names" name="Smart Score Tool Error Handling should handle invalid operation names" time="0.001">
    </testcase>
    <testcase classname="Smart Score Tool Error Handling should handle missing required fields" name="Smart Score Tool Error Handling should handle missing required fields" time="0.001">
    </testcase>
    <testcase classname="Smart Score Tool Error Handling should handle invalid component names" name="Smart Score Tool Error Handling should handle invalid component names" time="0.001">
    </testcase>
    <testcase classname="Smart Score Tool Error Handling should handle invalid analysis mode" name="Smart Score Tool Error Handling should handle invalid analysis mode" time="0.002">
    </testcase>
    <testcase classname="Smart Score Tool Error Handling should handle missing intentId for get_intent_scores" name="Smart Score Tool Error Handling should handle missing intentId for get_intent_scores" time="0.001">
    </testcase>
    <testcase classname="Smart Score Tool Error Handling should handle file system errors during weight optimization" name="Smart Score Tool Error Handling should handle file system errors during weight optimization" time="0.001">
    </testcase>
    <testcase classname="Smart Score Tool triggerSourceToolUpdates Coverage should handle unknown tool gracefully" name="Smart Score Tool triggerSourceToolUpdates Coverage should handle unknown tool gracefully" time="0.001">
    </testcase>
    <testcase classname="Smart Score Tool triggerSourceToolUpdates Coverage should attempt to import and call manage_todo tool" name="Smart Score Tool triggerSourceToolUpdates Coverage should attempt to import and call manage_todo tool" time="0.001">
    </testcase>
    <testcase classname="Smart Score Tool triggerSourceToolUpdates Coverage should attempt to import and call smart_git_push tool" name="Smart Score Tool triggerSourceToolUpdates Coverage should attempt to import and call smart_git_push tool" time="0.001">
    </testcase>
    <testcase classname="Smart Score Tool Edge Cases and File Operations should handle empty project directory" name="Smart Score Tool Edge Cases and File Operations should handle empty project directory" time="0.001">
    </testcase>
    <testcase classname="Smart Score Tool Edge Cases and File Operations should handle malformed package.json" name="Smart Score Tool Edge Cases and File Operations should handle malformed package.json" time="0.001">
    </testcase>
    <testcase classname="Smart Score Tool Edge Cases and File Operations should handle missing package.json" name="Smart Score Tool Edge Cases and File Operations should handle missing package.json" time="0.001">
    </testcase>
    <testcase classname="Smart Score Tool Edge Cases and File Operations should handle backup creation during reset" name="Smart Score Tool Edge Cases and File Operations should handle backup creation during reset" time="0.001">
    </testcase>
    <testcase classname="Smart Score Tool Edge Cases and File Operations should handle backup failure gracefully" name="Smart Score Tool Edge Cases and File Operations should handle backup failure gracefully" time="0.002">
    </testcase>
    <testcase classname="Smart Score Tool Code Coverage for Switch Statements should cover all operation types" name="Smart Score Tool Code Coverage for Switch Statements should cover all operation types" time="0.006">
    </testcase>
    <testcase classname="Smart Score Tool Code Coverage for Switch Statements should cover project types in weight calculation" name="Smart Score Tool Code Coverage for Switch Statements should cover project types in weight calculation" time="0.002">
    </testcase>
    <testcase classname="Smart Score Tool Code Coverage for Switch Statements should cover tool types in triggerSourceToolUpdates" name="Smart Score Tool Code Coverage for Switch Statements should cover tool types in triggerSourceToolUpdates" time="0.003">
    </testcase>
    <testcase classname="Smart Score Tool Path and File System Operations should use path.join for file paths" name="Smart Score Tool Path and File System Operations should use path.join for file paths" time="0.001">
    </testcase>
    <testcase classname="Smart Score Tool Path and File System Operations should check for CI files existence" name="Smart Score Tool Path and File System Operations should check for CI files existence" time="0.001">
    </testcase>
    <testcase classname="Smart Score Tool Path and File System Operations should handle directory creation" name="Smart Score Tool Path and File System Operations should handle directory creation" time="0.001">
    </testcase>
    <testcase classname="Smart Score Tool Schema Validation Edge Cases should validate component array values" name="Smart Score Tool Schema Validation Edge Cases should validate component array values" time="0.002">
    </testcase>
    <testcase classname="Smart Score Tool Schema Validation Edge Cases should validate weight optimization modes" name="Smart Score Tool Schema Validation Edge Cases should validate weight optimization modes" time="0.001">
    </testcase>
    <testcase classname="Smart Score Tool Schema Validation Edge Cases should validate reset component options" name="Smart Score Tool Schema Validation Edge Cases should validate reset component options" time="0.006">
    </testcase>
    <testcase classname="Smart Score Tool Advanced Weight Calculation Tests should handle package.json with different project configurations" name="Smart Score Tool Advanced Weight Calculation Tests should handle package.json with different project configurations" time="0.007">
    </testcase>
    <testcase classname="Smart Score Tool Advanced Weight Calculation Tests should handle different CI configurations" name="Smart Score Tool Advanced Weight Calculation Tests should handle different CI configurations" time="0.001">
    </testcase>
    <testcase classname="Smart Score Tool Advanced Weight Calculation Tests should normalize custom weights correctly" name="Smart Score Tool Advanced Weight Calculation Tests should normalize custom weights correctly" time="0.001">
    </testcase>
    <testcase classname="Smart Score Tool Advanced Weight Calculation Tests should handle weight optimization with previewOnly=false" name="Smart Score Tool Advanced Weight Calculation Tests should handle weight optimization with previewOnly=false" time="0.001">
    </testcase>
    <testcase classname="Smart Score Tool Extended Error Scenarios should handle JSON parsing errors in package.json" name="Smart Score Tool Extended Error Scenarios should handle JSON parsing errors in package.json" time="0.001">
    </testcase>
    <testcase classname="Smart Score Tool Extended Error Scenarios should handle file write errors during reset" name="Smart Score Tool Extended Error Scenarios should handle file write errors during reset" time="0.001">
    </testcase>
    <testcase classname="Smart Score Tool Extended Error Scenarios should handle directory creation errors" name="Smart Score Tool Extended Error Scenarios should handle directory creation errors" time="0.001">
    </testcase>
    <testcase classname="Smart Score Tool Comprehensive Operation Coverage should test recalculate with different component combinations" name="Smart Score Tool Comprehensive Operation Coverage should test recalculate with different component combinations" time="0.003">
    </testcase>
    <testcase classname="Smart Score Tool Comprehensive Operation Coverage should test sync_scores with different trigger tool combinations" name="Smart Score Tool Comprehensive Operation Coverage should test sync_scores with different trigger tool combinations" time="0.005">
    </testcase>
    <testcase classname="Smart Score Tool Comprehensive Operation Coverage should test diagnose_scores with all option combinations" name="Smart Score Tool Comprehensive Operation Coverage should test diagnose_scores with all option combinations" time="0.004">
    </testcase>
    <testcase classname="Smart Score Tool Comprehensive Operation Coverage should test optimize_weights with all analysis modes" name="Smart Score Tool Comprehensive Operation Coverage should test optimize_weights with all analysis modes" time="0.001">
    </testcase>
    <testcase classname="Smart Score Tool Comprehensive Operation Coverage should test reset_scores with all components and options" name="Smart Score Tool Comprehensive Operation Coverage should test reset_scores with all components and options" time="0.007">
    </testcase>
    <testcase classname="Smart Score Tool String and Content Processing should handle empty string inputs" name="Smart Score Tool String and Content Processing should handle empty string inputs" time="0.001">
    </testcase>
    <testcase classname="Smart Score Tool String and Content Processing should handle special characters in paths" name="Smart Score Tool String and Content Processing should handle special characters in paths" time="0.004">
    </testcase>
    <testcase classname="Smart Score Tool String and Content Processing should handle very long project paths" name="Smart Score Tool String and Content Processing should handle very long project paths" time="0.001">
    </testcase>
    <testcase classname="Smart Score Tool Boundary Conditions should handle maximum weight values" name="Smart Score Tool Boundary Conditions should handle maximum weight values" time="0.001">
    </testcase>
    <testcase classname="Smart Score Tool Boundary Conditions should handle minimum weight values" name="Smart Score Tool Boundary Conditions should handle minimum weight values" time="0.001">
    </testcase>
    <testcase classname="Smart Score Tool Boundary Conditions should handle equal weight distribution" name="Smart Score Tool Boundary Conditions should handle equal weight distribution" time="0.001">
    </testcase>
    <testcase classname="Smart Score Tool Complex Project Structures should handle monorepo structure detection" name="Smart Score Tool Complex Project Structures should handle monorepo structure detection" time="0.001">
    </testcase>
    <testcase classname="Smart Score Tool Complex Project Structures should handle TypeScript project configuration" name="Smart Score Tool Complex Project Structures should handle TypeScript project configuration" time="0">
    </testcase>
    <testcase classname="Smart Score Tool Complex Project Structures should exercise comprehensive edge case coverage" name="Smart Score Tool Complex Project Structures should exercise comprehensive edge case coverage" time="0.002">
    </testcase>
    <testcase classname="Smart Score Tool Successful Operation Execution Coverage should successfully execute recalculate_scores operation" name="Smart Score Tool Successful Operation Execution Coverage should successfully execute recalculate_scores operation" time="0.001">
      <failure>McpAdrError: Smart score operation failed: healthScoring.getProjectHealthScore is not a function
    at smartScore (/home/runner/work/mcp-adr-analysis-server/mcp-adr-analysis-server/src/tools/smart-score-tool.ts:946:11)
    at Object.&lt;anonymous&gt; (/home/runner/work/mcp-adr-analysis-server/mcp-adr-analysis-server/tests/tools/smart-score-tool.test.ts:1476:22)</failure>
    </testcase>
    <testcase classname="Smart Score Tool Successful Operation Execution Coverage should successfully execute sync_scores operation" name="Smart Score Tool Successful Operation Execution Coverage should successfully execute sync_scores operation" time="0.001">
      <failure>McpAdrError: Smart score operation failed: Failed to get synchronized scores: healthScoring.getProjectHealthScore is not a function
    at smartScore (/home/runner/work/mcp-adr-analysis-server/mcp-adr-analysis-server/src/tools/smart-score-tool.ts:946:11)
    at Object.&lt;anonymous&gt; (/home/runner/work/mcp-adr-analysis-server/mcp-adr-analysis-server/tests/tools/smart-score-tool.test.ts:1497:22)</failure>
    </testcase>
    <testcase classname="Smart Score Tool Successful Operation Execution Coverage should successfully execute diagnose_scores operation" name="Smart Score Tool Successful Operation Execution Coverage should successfully execute diagnose_scores operation" time="0.002">
      <failure>McpAdrError: Smart score operation failed: Failed to get project health scores for diagnosis: healthScoring.getProjectHealthScore is not a function
    at smartScore (/home/runner/work/mcp-adr-analysis-server/mcp-adr-analysis-server/src/tools/smart-score-tool.ts:946:11)
    at Object.&lt;anonymous&gt; (/home/runner/work/mcp-adr-analysis-server/mcp-adr-analysis-server/tests/tools/smart-score-tool.test.ts:1518:22)</failure>
    </testcase>
    <testcase classname="Smart Score Tool Successful Operation Execution Coverage should successfully execute optimize_weights operation with preview" name="Smart Score Tool Successful Operation Execution Coverage should successfully execute optimize_weights operation with preview" time="0.002">
    </testcase>
    <testcase classname="Smart Score Tool Successful Operation Execution Coverage should successfully execute optimize_weights operation with application" name="Smart Score Tool Successful Operation Execution Coverage should successfully execute optimize_weights operation with application" time="0.001">
    </testcase>
    <testcase classname="Smart Score Tool Successful Operation Execution Coverage should successfully execute reset_scores operation" name="Smart Score Tool Successful Operation Execution Coverage should successfully execute reset_scores operation" time="0.002">
      <failure>McpAdrError: Smart score operation failed: Failed to reset project health scores: resetScoring.getProjectHealthScore is not a function
    at smartScore (/home/runner/work/mcp-adr-analysis-server/mcp-adr-analysis-server/src/tools/smart-score-tool.ts:946:11)
    at Object.&lt;anonymous&gt; (/home/runner/work/mcp-adr-analysis-server/mcp-adr-analysis-server/tests/tools/smart-score-tool.test.ts:1582:22)</failure>
    </testcase>
    <testcase classname="Smart Score Tool Successful Operation Execution Coverage should successfully execute get_score_trends operation" name="Smart Score Tool Successful Operation Execution Coverage should successfully execute get_score_trends operation" time="0.001">
      <failure>McpAdrError: Smart score operation failed: kgManager.getProjectScoreTrends is not a function
    at smartScore (/home/runner/work/mcp-adr-analysis-server/mcp-adr-analysis-server/src/tools/smart-score-tool.ts:946:11)
    at Object.&lt;anonymous&gt; (/home/runner/work/mcp-adr-analysis-server/mcp-adr-analysis-server/tests/tools/smart-score-tool.test.ts:1599:22)</failure>
    </testcase>
    <testcase classname="Smart Score Tool Successful Operation Execution Coverage should successfully execute get_intent_scores operation" name="Smart Score Tool Successful Operation Execution Coverage should successfully execute get_intent_scores operation" time="0.001">
      <failure>McpAdrError: Smart score operation failed: kgManager.getIntentScoreTrends is not a function
    at smartScore (/home/runner/work/mcp-adr-analysis-server/mcp-adr-analysis-server/src/tools/smart-score-tool.ts:946:11)
    at Object.&lt;anonymous&gt; (/home/runner/work/mcp-adr-analysis-server/mcp-adr-analysis-server/tests/tools/smart-score-tool.test.ts:1618:22)</failure>
    </testcase>
    <testcase classname="Smart Score Tool Advanced Scenario Coverage should handle recalculate_scores without source updates" name="Smart Score Tool Advanced Scenario Coverage should handle recalculate_scores without source updates" time="0.001">
      <failure>McpAdrError: Smart score operation failed: healthScoring.getProjectHealthScore is not a function
    at smartScore (/home/runner/work/mcp-adr-analysis-server/mcp-adr-analysis-server/src/tools/smart-score-tool.ts:946:11)
    at Object.&lt;anonymous&gt; (/home/runner/work/mcp-adr-analysis-server/mcp-adr-analysis-server/tests/tools/smart-score-tool.test.ts:1639:22)</failure>
    </testcase>
    <testcase classname="Smart Score Tool Advanced Scenario Coverage should handle sync_scores without trigger tools" name="Smart Score Tool Advanced Scenario Coverage should handle sync_scores without trigger tools" time="0.001">
      <failure>McpAdrError: Smart score operation failed: Failed to get synchronized scores: healthScoring.getProjectHealthScore is not a function
    at smartScore (/home/runner/work/mcp-adr-analysis-server/mcp-adr-analysis-server/src/tools/smart-score-tool.ts:946:11)
    at Object.&lt;anonymous&gt; (/home/runner/work/mcp-adr-analysis-server/mcp-adr-analysis-server/tests/tools/smart-score-tool.test.ts:1653:22)</failure>
    </testcase>
    <testcase classname="Smart Score Tool Advanced Scenario Coverage should handle diagnose_scores with low confidence scores" name="Smart Score Tool Advanced Scenario Coverage should handle diagnose_scores with low confidence scores" time="0.002">
      <failure>McpAdrError: Smart score operation failed: Failed to get project health scores for diagnosis: healthScoring.getProjectHealthScore is not a function
    at smartScore (/home/runner/work/mcp-adr-analysis-server/mcp-adr-analysis-server/src/tools/smart-score-tool.ts:946:11)
    at Object.&lt;anonymous&gt; (/home/runner/work/mcp-adr-analysis-server/mcp-adr-analysis-server/tests/tools/smart-score-tool.test.ts:1686:22)</failure>
    </testcase>
    <testcase classname="Smart Score Tool Advanced Scenario Coverage should handle diagnose_scores with excellent scores" name="Smart Score Tool Advanced Scenario Coverage should handle diagnose_scores with excellent scores" time="0.001">
      <failure>McpAdrError: Smart score operation failed: Failed to get project health scores for diagnosis: healthScoring.getProjectHealthScore is not a function
    at smartScore (/home/runner/work/mcp-adr-analysis-server/mcp-adr-analysis-server/src/tools/smart-score-tool.ts:946:11)
    at Object.&lt;anonymous&gt; (/home/runner/work/mcp-adr-analysis-server/mcp-adr-analysis-server/tests/tools/smart-score-tool.test.ts:1723:22)</failure>
    </testcase>
    <testcase classname="Smart Score Tool Advanced Scenario Coverage should handle reset_scores without history preservation" name="Smart Score Tool Advanced Scenario Coverage should handle reset_scores without history preservation" time="0.002">
      <failure>McpAdrError: Smart score operation failed: Failed to reset project health scores: resetScoring.getProjectHealthScore is not a function
    at smartScore (/home/runner/work/mcp-adr-analysis-server/mcp-adr-analysis-server/src/tools/smart-score-tool.ts:946:11)
    at Object.&lt;anonymous&gt; (/home/runner/work/mcp-adr-analysis-server/mcp-adr-analysis-server/tests/tools/smart-score-tool.test.ts:1741:22)</failure>
    </testcase>
    <testcase classname="Smart Score Tool Advanced Scenario Coverage should handle backup creation failure during reset" name="Smart Score Tool Advanced Scenario Coverage should handle backup creation failure during reset" time="0.002">
      <failure>McpAdrError: Smart score operation failed: Failed to reset project health scores: resetScoring.getProjectHealthScore is not a function
    at smartScore (/home/runner/work/mcp-adr-analysis-server/mcp-adr-analysis-server/src/tools/smart-score-tool.ts:946:11)
    at Object.&lt;anonymous&gt; (/home/runner/work/mcp-adr-analysis-server/mcp-adr-analysis-server/tests/tools/smart-score-tool.test.ts:1758:22)</failure>
    </testcase>
    <testcase classname="Smart Score Tool Weight Calculation Edge Cases should handle desktop app project type" name="Smart Score Tool Weight Calculation Edge Cases should handle desktop app project type" time="0.001">
    </testcase>
    <testcase classname="Smart Score Tool Weight Calculation Edge Cases should handle weight normalization when sum != 1.0" name="Smart Score Tool Weight Calculation Edge Cases should handle weight normalization when sum != 1.0" time="0.001">
    </testcase>
    <testcase classname="Smart Score Tool Weight Calculation Edge Cases should handle project with testing but no CI" name="Smart Score Tool Weight Calculation Edge Cases should handle project with testing but no CI" time="0.001">
    </testcase>
    <testcase classname="Smart Score Tool Weight Calculation Edge Cases should handle project with CI but no testing" name="Smart Score Tool Weight Calculation Edge Cases should handle project with CI but no testing" time="0.001">
    </testcase>
    <testcase classname="Smart Score Tool Tool Integration Coverage should handle manage_todo tool errors gracefully" name="Smart Score Tool Tool Integration Coverage should handle manage_todo tool errors gracefully" time="0.001">
      <failure>McpAdrError: Smart score operation failed: healthScoring.getProjectHealthScore is not a function
    at smartScore (/home/runner/work/mcp-adr-analysis-server/mcp-adr-analysis-server/src/tools/smart-score-tool.ts:946:11)
    at Object.&lt;anonymous&gt; (/home/runner/work/mcp-adr-analysis-server/mcp-adr-analysis-server/tests/tools/smart-score-tool.test.ts:1871:22)</failure>
    </testcase>
    <testcase classname="Smart Score Tool Tool Integration Coverage should handle smart_git_push tool errors gracefully" name="Smart Score Tool Tool Integration Coverage should handle smart_git_push tool errors gracefully" time="0.002">
      <failure>McpAdrError: Smart score operation failed: Failed to get synchronized scores: healthScoring.getProjectHealthScore is not a function
    at smartScore (/home/runner/work/mcp-adr-analysis-server/mcp-adr-analysis-server/src/tools/smart-score-tool.ts:946:11)
    at Object.&lt;anonymous&gt; (/home/runner/work/mcp-adr-analysis-server/mcp-adr-analysis-server/tests/tools/smart-score-tool.test.ts:1887:22)</failure>
    </testcase>
    <testcase classname="Smart Score Tool Tool Integration Coverage should handle TODO analysis parsing edge cases" name="Smart Score Tool Tool Integration Coverage should handle TODO analysis parsing edge cases" time="0.001">
      <failure>McpAdrError: Smart score operation failed: Failed to get synchronized scores: healthScoring.getProjectHealthScore is not a function
    at smartScore (/home/runner/work/mcp-adr-analysis-server/mcp-adr-analysis-server/src/tools/smart-score-tool.ts:946:11)
    at Object.&lt;anonymous&gt; (/home/runner/work/mcp-adr-analysis-server/mcp-adr-analysis-server/tests/tools/smart-score-tool.test.ts:1909:22)</failure>
    </testcase>
    <testcase classname="Smart Score Tool Tool Integration Coverage should handle empty score trends" name="Smart Score Tool Tool Integration Coverage should handle empty score trends" time="0.001">
      <failure>McpAdrError: Smart score operation failed: kgManager.getProjectScoreTrends is not a function
    at smartScore (/home/runner/work/mcp-adr-analysis-server/mcp-adr-analysis-server/src/tools/smart-score-tool.ts:946:11)
    at Object.&lt;anonymous&gt; (/home/runner/work/mcp-adr-analysis-server/mcp-adr-analysis-server/tests/tools/smart-score-tool.test.ts:1928:22)</failure>
    </testcase>
    <testcase classname="Smart Score Tool Tool Integration Coverage should handle empty intent score trends" name="Smart Score Tool Tool Integration Coverage should handle empty intent score trends" time="0.001">
      <failure>McpAdrError: Smart score operation failed: kgManager.getIntentScoreTrends is not a function
    at smartScore (/home/runner/work/mcp-adr-analysis-server/mcp-adr-analysis-server/src/tools/smart-score-tool.ts:946:11)
    at Object.&lt;anonymous&gt; (/home/runner/work/mcp-adr-analysis-server/mcp-adr-analysis-server/tests/tools/smart-score-tool.test.ts:1956:22)</failure>
    </testcase>
  </testsuite>
  <testsuite name="Troubleshoot Guided Workflow Tool" errors="0" failures="0" skipped="0" timestamp="2025-09-15T15:34:39" time="0.188" tests="40">
    <testcase classname="Troubleshoot Guided Workflow Tool Schema Validation should validate analyze_failure operation input" name="Troubleshoot Guided Workflow Tool Schema Validation should validate analyze_failure operation input" time="0.004">
    </testcase>
    <testcase classname="Troubleshoot Guided Workflow Tool Schema Validation should validate generate_test_plan operation input" name="Troubleshoot Guided Workflow Tool Schema Validation should validate generate_test_plan operation input" time="0.002">
    </testcase>
    <testcase classname="Troubleshoot Guided Workflow Tool Schema Validation should validate full_workflow operation input" name="Troubleshoot Guided Workflow Tool Schema Validation should validate full_workflow operation input" time="0">
    </testcase>
    <testcase classname="Troubleshoot Guided Workflow Tool Schema Validation should reject invalid operation" name="Troubleshoot Guided Workflow Tool Schema Validation should reject invalid operation" time="0.032">
    </testcase>
    <testcase classname="Troubleshoot Guided Workflow Tool Schema Validation should reject analyze_failure without failure info" name="Troubleshoot Guided Workflow Tool Schema Validation should reject analyze_failure without failure info" time="0.002">
    </testcase>
    <testcase classname="Troubleshoot Guided Workflow Tool Schema Validation should reject generate_test_plan without failure info" name="Troubleshoot Guided Workflow Tool Schema Validation should reject generate_test_plan without failure info" time="0.001">
    </testcase>
    <testcase classname="Troubleshoot Guided Workflow Tool Schema Validation should use default values for optional parameters" name="Troubleshoot Guided Workflow Tool Schema Validation should use default values for optional parameters" time="0">
    </testcase>
    <testcase classname="Troubleshoot Guided Workflow Tool Schema Validation should handle invalid failure type" name="Troubleshoot Guided Workflow Tool Schema Validation should handle invalid failure type" time="0.001">
    </testcase>
    <testcase classname="Troubleshoot Guided Workflow Tool Failure Analysis Operation should analyze test failure correctly" name="Troubleshoot Guided Workflow Tool Failure Analysis Operation should analyze test failure correctly" time="0.004">
    </testcase>
    <testcase classname="Troubleshoot Guided Workflow Tool Failure Analysis Operation should analyze deployment failure correctly" name="Troubleshoot Guided Workflow Tool Failure Analysis Operation should analyze deployment failure correctly" time="0.001">
    </testcase>
    <testcase classname="Troubleshoot Guided Workflow Tool Failure Analysis Operation should analyze build failure correctly" name="Troubleshoot Guided Workflow Tool Failure Analysis Operation should analyze build failure correctly" time="0.001">
    </testcase>
    <testcase classname="Troubleshoot Guided Workflow Tool Failure Analysis Operation should analyze runtime error correctly" name="Troubleshoot Guided Workflow Tool Failure Analysis Operation should analyze runtime error correctly" time="0.001">
    </testcase>
    <testcase classname="Troubleshoot Guided Workflow Tool Failure Analysis Operation should analyze performance issue correctly" name="Troubleshoot Guided Workflow Tool Failure Analysis Operation should analyze performance issue correctly" time="0.001">
    </testcase>
    <testcase classname="Troubleshoot Guided Workflow Tool Failure Analysis Operation should analyze security issue correctly" name="Troubleshoot Guided Workflow Tool Failure Analysis Operation should analyze security issue correctly" time="0.004">
    </testcase>
    <testcase classname="Troubleshoot Guided Workflow Tool Failure Analysis Operation should handle minimal failure information" name="Troubleshoot Guided Workflow Tool Failure Analysis Operation should handle minimal failure information" time="0">
    </testcase>
    <testcase classname="Troubleshoot Guided Workflow Tool Failure Analysis Operation should handle failure without context" name="Troubleshoot Guided Workflow Tool Failure Analysis Operation should handle failure without context" time="0">
    </testcase>
    <testcase classname="Troubleshoot Guided Workflow Tool Test Plan Generation Operation should generate AI-powered test plan successfully" name="Troubleshoot Guided Workflow Tool Test Plan Generation Operation should generate AI-powered test plan successfully" time="0.004">
    </testcase>
    <testcase classname="Troubleshoot Guided Workflow Tool Test Plan Generation Operation should handle AI API errors and fallback to template" name="Troubleshoot Guided Workflow Tool Test Plan Generation Operation should handle AI API errors and fallback to template" time="0.001">
    </testcase>
    <testcase classname="Troubleshoot Guided Workflow Tool Test Plan Generation Operation should use fallback when AI is disabled" name="Troubleshoot Guided Workflow Tool Test Plan Generation Operation should use fallback when AI is disabled" time="0.001">
    </testcase>
    <testcase classname="Troubleshoot Guided Workflow Tool Test Plan Generation Operation should handle invalid AI response" name="Troubleshoot Guided Workflow Tool Test Plan Generation Operation should handle invalid AI response" time="0.001">
    </testcase>
    <testcase classname="Troubleshoot Guided Workflow Tool Test Plan Generation Operation should handle AI API HTTP errors" name="Troubleshoot Guided Workflow Tool Test Plan Generation Operation should handle AI API HTTP errors" time="0.001">
    </testcase>
    <testcase classname="Troubleshoot Guided Workflow Tool Test Plan Generation Operation should handle empty AI response" name="Troubleshoot Guided Workflow Tool Test Plan Generation Operation should handle empty AI response" time="0.001">
    </testcase>
    <testcase classname="Troubleshoot Guided Workflow Tool Fallback Test Plan Generation should generate fallback plan for test failure" name="Troubleshoot Guided Workflow Tool Fallback Test Plan Generation should generate fallback plan for test failure" time="0.001">
    </testcase>
    <testcase classname="Troubleshoot Guided Workflow Tool Fallback Test Plan Generation should generate fallback plan for deployment failure" name="Troubleshoot Guided Workflow Tool Fallback Test Plan Generation should generate fallback plan for deployment failure" time="0">
    </testcase>
    <testcase classname="Troubleshoot Guided Workflow Tool Fallback Test Plan Generation should generate fallback plan for build failure" name="Troubleshoot Guided Workflow Tool Fallback Test Plan Generation should generate fallback plan for build failure" time="0.001">
    </testcase>
    <testcase classname="Troubleshoot Guided Workflow Tool Fallback Test Plan Generation should generate fallback plan for runtime error" name="Troubleshoot Guided Workflow Tool Fallback Test Plan Generation should generate fallback plan for runtime error" time="0.001">
    </testcase>
    <testcase classname="Troubleshoot Guided Workflow Tool Fallback Test Plan Generation should generate fallback plan for unknown failure type" name="Troubleshoot Guided Workflow Tool Fallback Test Plan Generation should generate fallback plan for unknown failure type" time="0">
    </testcase>
    <testcase classname="Troubleshoot Guided Workflow Tool Full Workflow Operation should execute full troubleshooting workflow" name="Troubleshoot Guided Workflow Tool Full Workflow Operation should execute full troubleshooting workflow" time="0">
    </testcase>
    <testcase classname="Troubleshoot Guided Workflow Tool Full Workflow Operation should handle full workflow with minimal input" name="Troubleshoot Guided Workflow Tool Full Workflow Operation should handle full workflow with minimal input" time="0">
    </testcase>
    <testcase classname="Troubleshoot Guided Workflow Tool Error Handling should handle Zod validation errors" name="Troubleshoot Guided Workflow Tool Error Handling should handle Zod validation errors" time="0.001">
    </testcase>
    <testcase classname="Troubleshoot Guided Workflow Tool Error Handling should handle unknown operation gracefully" name="Troubleshoot Guided Workflow Tool Error Handling should handle unknown operation gracefully" time="0.001">
    </testcase>
    <testcase classname="Troubleshoot Guided Workflow Tool Error Handling should handle missing required failure info" name="Troubleshoot Guided Workflow Tool Error Handling should handle missing required failure info" time="0">
    </testcase>
    <testcase classname="Troubleshoot Guided Workflow Tool Error Handling should handle general errors in analysis" name="Troubleshoot Guided Workflow Tool Error Handling should handle general errors in analysis" time="0.001">
    </testcase>
    <testcase classname="Troubleshoot Guided Workflow Tool AI Test Plan Formatting should format complex AI test plan correctly" name="Troubleshoot Guided Workflow Tool AI Test Plan Formatting should format complex AI test plan correctly" time="0.001">
    </testcase>
    <testcase classname="Troubleshoot Guided Workflow Tool AI Test Plan Formatting should handle AI test plan with missing sections" name="Troubleshoot Guided Workflow Tool AI Test Plan Formatting should handle AI test plan with missing sections" time="0.001">
    </testcase>
    <testcase classname="Troubleshoot Guided Workflow Tool Integration and Edge Cases should handle failure with all optional fields populated" name="Troubleshoot Guided Workflow Tool Integration and Edge Cases should handle failure with all optional fields populated" time="0.003">
    </testcase>
    <testcase classname="Troubleshoot Guided Workflow Tool Integration and Edge Cases should handle non-reproducible failure correctly" name="Troubleshoot Guided Workflow Tool Integration and Edge Cases should handle non-reproducible failure correctly" time="0.001">
    </testcase>
    <testcase classname="Troubleshoot Guided Workflow Tool Integration and Edge Cases should handle custom project paths correctly" name="Troubleshoot Guided Workflow Tool Integration and Edge Cases should handle custom project paths correctly" time="0">
    </testcase>
    <testcase classname="Troubleshoot Guided Workflow Tool Integration and Edge Cases should handle very long error messages" name="Troubleshoot Guided Workflow Tool Integration and Edge Cases should handle very long error messages" time="0">
    </testcase>
    <testcase classname="Troubleshoot Guided Workflow Tool Integration and Edge Cases should handle empty arrays gracefully" name="Troubleshoot Guided Workflow Tool Integration and Edge Cases should handle empty arrays gracefully" time="0.001">
    </testcase>
  </testsuite>
  <testsuite name="Rule Generation Prompts" errors="0" failures="0" skipped="0" timestamp="2025-09-15T15:34:39" time="0.278" tests="41">
    <testcase classname="Rule Generation Prompts generateRuleExtractionPrompt should generate rule extraction prompt with ADR files and existing rules" name="Rule Generation Prompts generateRuleExtractionPrompt should generate rule extraction prompt with ADR files and existing rules" time="0.002">
    </testcase>
    <testcase classname="Rule Generation Prompts generateRuleExtractionPrompt should generate rule extraction prompt without existing rules" name="Rule Generation Prompts generateRuleExtractionPrompt should generate rule extraction prompt without existing rules" time="0">
    </testcase>
    <testcase classname="Rule Generation Prompts generateRuleExtractionPrompt should include rule categories and output format" name="Rule Generation Prompts generateRuleExtractionPrompt should include rule categories and output format" time="0.001">
    </testcase>
    <testcase classname="Rule Generation Prompts generateRuleExtractionPrompt should truncate long ADR content" name="Rule Generation Prompts generateRuleExtractionPrompt should truncate long ADR content" time="0.001">
    </testcase>
    <testcase classname="Rule Generation Prompts generateRuleExtractionPrompt should handle empty ADR files array" name="Rule Generation Prompts generateRuleExtractionPrompt should handle empty ADR files array" time="0">
    </testcase>
    <testcase classname="Rule Generation Prompts generateRuleExtractionPrompt should handle ADRs without categories" name="Rule Generation Prompts generateRuleExtractionPrompt should handle ADRs without categories" time="0">
    </testcase>
    <testcase classname="Rule Generation Prompts generateRuleExtractionPrompt should include extraction guidelines" name="Rule Generation Prompts generateRuleExtractionPrompt should include extraction guidelines" time="0.001">
    </testcase>
    <testcase classname="Rule Generation Prompts generatePatternBasedRulePrompt should generate pattern-based rule prompt with all parameters" name="Rule Generation Prompts generatePatternBasedRulePrompt should generate pattern-based rule prompt with all parameters" time="0.001">
    </testcase>
    <testcase classname="Rule Generation Prompts generatePatternBasedRulePrompt should generate pattern-based rule prompt without existing rules" name="Rule Generation Prompts generatePatternBasedRulePrompt should generate pattern-based rule prompt without existing rules" time="0">
    </testcase>
    <testcase classname="Rule Generation Prompts generatePatternBasedRulePrompt should include pattern analysis requirements" name="Rule Generation Prompts generatePatternBasedRulePrompt should include pattern analysis requirements" time="0.001">
    </testcase>
    <testcase classname="Rule Generation Prompts generatePatternBasedRulePrompt should include output format with pattern count" name="Rule Generation Prompts generatePatternBasedRulePrompt should include output format with pattern count" time="0">
    </testcase>
    <testcase classname="Rule Generation Prompts generatePatternBasedRulePrompt should handle empty code patterns array" name="Rule Generation Prompts generatePatternBasedRulePrompt should handle empty code patterns array" time="0">
    </testcase>
    <testcase classname="Rule Generation Prompts generatePatternBasedRulePrompt should include generation guidelines" name="Rule Generation Prompts generatePatternBasedRulePrompt should include generation guidelines" time="0.001">
    </testcase>
    <testcase classname="Rule Generation Prompts generateCodeValidationPrompt should generate code validation prompt with default file type" name="Rule Generation Prompts generateCodeValidationPrompt should generate code validation prompt with default file type" time="0.001">
    </testcase>
    <testcase classname="Rule Generation Prompts generateCodeValidationPrompt should generate code validation prompt with custom validation type" name="Rule Generation Prompts generateCodeValidationPrompt should generate code validation prompt with custom validation type" time="0">
    </testcase>
    <testcase classname="Rule Generation Prompts generateCodeValidationPrompt should include validation requirements" name="Rule Generation Prompts generateCodeValidationPrompt should include validation requirements" time="0.001">
    </testcase>
    <testcase classname="Rule Generation Prompts generateCodeValidationPrompt should include output format with file name and rule count" name="Rule Generation Prompts generateCodeValidationPrompt should include output format with file name and rule count" time="0.004">
    </testcase>
    <testcase classname="Rule Generation Prompts generateCodeValidationPrompt should truncate long code content" name="Rule Generation Prompts generateCodeValidationPrompt should truncate long code content" time="0">
    </testcase>
    <testcase classname="Rule Generation Prompts generateCodeValidationPrompt should handle empty rules array" name="Rule Generation Prompts generateCodeValidationPrompt should handle empty rules array" time="0.001">
    </testcase>
    <testcase classname="Rule Generation Prompts generateCodeValidationPrompt should include validation guidelines" name="Rule Generation Prompts generateCodeValidationPrompt should include validation guidelines" time="0">
    </testcase>
    <testcase classname="Rule Generation Prompts generateCodeValidationPrompt should handle different validation types" name="Rule Generation Prompts generateCodeValidationPrompt should handle different validation types" time="0.001">
    </testcase>
    <testcase classname="Rule Generation Prompts generateRuleDeviationReportPrompt should generate rule deviation report with default summary type" name="Rule Generation Prompts generateRuleDeviationReportPrompt should generate rule deviation report with default summary type" time="0.001">
    </testcase>
    <testcase classname="Rule Generation Prompts generateRuleDeviationReportPrompt should generate rule deviation report with custom report type" name="Rule Generation Prompts generateRuleDeviationReportPrompt should generate rule deviation report with custom report type" time="0">
    </testcase>
    <testcase classname="Rule Generation Prompts generateRuleDeviationReportPrompt should include rule definitions" name="Rule Generation Prompts generateRuleDeviationReportPrompt should include rule definitions" time="0.001">
    </testcase>
    <testcase classname="Rule Generation Prompts generateRuleDeviationReportPrompt should include report requirements" name="Rule Generation Prompts generateRuleDeviationReportPrompt should include report requirements" time="0">
    </testcase>
    <testcase classname="Rule Generation Prompts generateRuleDeviationReportPrompt should include output format with metadata" name="Rule Generation Prompts generateRuleDeviationReportPrompt should include output format with metadata" time="0.001">
    </testcase>
    <testcase classname="Rule Generation Prompts generateRuleDeviationReportPrompt should handle empty validation results" name="Rule Generation Prompts generateRuleDeviationReportPrompt should handle empty validation results" time="0.001">
    </testcase>
    <testcase classname="Rule Generation Prompts generateRuleDeviationReportPrompt should handle empty rules array" name="Rule Generation Prompts generateRuleDeviationReportPrompt should handle empty rules array" time="0">
    </testcase>
    <testcase classname="Rule Generation Prompts generateRuleDeviationReportPrompt should include report guidelines" name="Rule Generation Prompts generateRuleDeviationReportPrompt should include report guidelines" time="0.001">
    </testcase>
    <testcase classname="Rule Generation Prompts generateRuleDeviationReportPrompt should handle different report types" name="Rule Generation Prompts generateRuleDeviationReportPrompt should handle different report types" time="0">
    </testcase>
    <testcase classname="Rule Generation Prompts generateRuleDeviationReportPrompt should display violation details correctly" name="Rule Generation Prompts generateRuleDeviationReportPrompt should display violation details correctly" time="0.001">
    </testcase>
    <testcase classname="Rule Generation Prompts Edge Cases and Error Handling should handle very long content in ADR files" name="Rule Generation Prompts Edge Cases and Error Handling should handle very long content in ADR files" time="0">
    </testcase>
    <testcase classname="Rule Generation Prompts Edge Cases and Error Handling should handle special characters in content" name="Rule Generation Prompts Edge Cases and Error Handling should handle special characters in content" time="0.001">
    </testcase>
    <testcase classname="Rule Generation Prompts Edge Cases and Error Handling should handle empty strings in various fields" name="Rule Generation Prompts Edge Cases and Error Handling should handle empty strings in various fields" time="0">
    </testcase>
    <testcase classname="Rule Generation Prompts Edge Cases and Error Handling should handle null and undefined values gracefully" name="Rule Generation Prompts Edge Cases and Error Handling should handle null and undefined values gracefully" time="0.001">
    </testcase>
    <testcase classname="Rule Generation Prompts Edge Cases and Error Handling should handle very large rule arrays" name="Rule Generation Prompts Edge Cases and Error Handling should handle very large rule arrays" time="0">
    </testcase>
    <testcase classname="Rule Generation Prompts Edge Cases and Error Handling should handle complex nested data structures" name="Rule Generation Prompts Edge Cases and Error Handling should handle complex nested data structures" time="0.001">
    </testcase>
    <testcase classname="Rule Generation Prompts Content Validation should include all required sections in rule extraction prompt" name="Rule Generation Prompts Content Validation should include all required sections in rule extraction prompt" time="0">
    </testcase>
    <testcase classname="Rule Generation Prompts Content Validation should include all required sections in pattern-based prompt" name="Rule Generation Prompts Content Validation should include all required sections in pattern-based prompt" time="0.001">
    </testcase>
    <testcase classname="Rule Generation Prompts Content Validation should include all required sections in code validation prompt" name="Rule Generation Prompts Content Validation should include all required sections in code validation prompt" time="0">
    </testcase>
    <testcase classname="Rule Generation Prompts Content Validation should include all required sections in deviation report prompt" name="Rule Generation Prompts Content Validation should include all required sections in deviation report prompt" time="0.001">
    </testcase>
  </testsuite>
  <testsuite name="JSON-First TODO Management Tool (v2)" errors="0" failures="4" skipped="3" timestamp="2025-09-15T15:34:39" time="1.332" tests="34">
    <testcase classname="JSON-First TODO Management Tool (v2) Task Creation should create a new task with basic properties" name="JSON-First TODO Management Tool (v2) Task Creation should create a new task with basic properties" time="0.03">
    </testcase>
    <testcase classname="JSON-First TODO Management Tool (v2) Task Creation should create task with full properties" name="JSON-First TODO Management Tool (v2) Task Creation should create task with full properties" time="0.008">
    </testcase>
    <testcase classname="JSON-First TODO Management Tool (v2) Task Creation should use default values for optional fields" name="JSON-First TODO Management Tool (v2) Task Creation should use default values for optional fields" time="0.007">
    </testcase>
    <testcase classname="JSON-First TODO Management Tool (v2) Task Updates should update task status" name="JSON-First TODO Management Tool (v2) Task Updates should update task status" time="0.014">
    </testcase>
    <testcase classname="JSON-First TODO Management Tool (v2) Task Updates should update multiple task properties" name="JSON-First TODO Management Tool (v2) Task Updates should update multiple task properties" time="0.012">
    </testcase>
    <testcase classname="JSON-First TODO Management Tool (v2) Bulk Updates should update multiple tasks at once" name="JSON-First TODO Management Tool (v2) Bulk Updates should update multiple tasks at once" time="0.04">
    </testcase>
    <testcase classname="JSON-First TODO Management Tool (v2) Task Queries should get all tasks" name="JSON-First TODO Management Tool (v2) Task Queries should get all tasks" time="0.026">
    </testcase>
    <testcase classname="JSON-First TODO Management Tool (v2) Task Queries should filter tasks by priority" name="JSON-First TODO Management Tool (v2) Task Queries should filter tasks by priority" time="0.023">
    </testcase>
    <testcase classname="JSON-First TODO Management Tool (v2) Task Queries should filter tasks by assignee" name="JSON-First TODO Management Tool (v2) Task Queries should filter tasks by assignee" time="0.024">
    </testcase>
    <testcase classname="JSON-First TODO Management Tool (v2) Task Queries should limit results" name="JSON-First TODO Management Tool (v2) Task Queries should limit results" time="0.024">
    </testcase>
    <testcase classname="JSON-First TODO Management Tool (v2) Analytics should generate analytics report" name="JSON-First TODO Management Tool (v2) Analytics should generate analytics report" time="0.025">
    </testcase>
    <testcase classname="JSON-First TODO Management Tool (v2) Analytics should include velocity metrics when requested" name="JSON-First TODO Management Tool (v2) Analytics should include velocity metrics when requested" time="0.016">
    </testcase>
    <testcase classname="JSON-First TODO Management Tool (v2) Markdown Synchronization should sync JSON data to markdown" name="JSON-First TODO Management Tool (v2) Markdown Synchronization should sync JSON data to markdown" time="0.024">
    </testcase>
    <testcase classname="JSON-First TODO Management Tool (v2) Markdown Synchronization should import from markdown" name="JSON-First TODO Management Tool (v2) Markdown Synchronization should import from markdown" time="0.004">
    </testcase>
    <testcase classname="JSON-First TODO Management Tool (v2) Knowledge Graph Integration should sync with knowledge graph" name="JSON-First TODO Management Tool (v2) Knowledge Graph Integration should sync with knowledge graph" time="0.006">
    </testcase>
    <testcase classname="JSON-First TODO Management Tool (v2) ADR Integration should handle ADR task import with no ADRs" name="JSON-First TODO Management Tool (v2) ADR Integration should handle ADR task import with no ADRs" time="0.003">
    </testcase>
    <testcase classname="JSON-First TODO Management Tool (v2) ADR Integration should import tasks from ADR files when they exist" name="JSON-First TODO Management Tool (v2) ADR Integration should import tasks from ADR files when they exist" time="0.037">
    </testcase>
    <testcase classname="JSON-First TODO Management Tool (v2) ADR Integration should extract tasks from ADR decision and consequences sections" name="JSON-First TODO Management Tool (v2) ADR Integration should extract tasks from ADR decision and consequences sections" time="0.091">
    </testcase>
    <testcase classname="JSON-First TODO Management Tool (v2) ADR Integration should complete full JSON-first workflow: ADR import → JSON creation → Markdown sync" name="JSON-First TODO Management Tool (v2) ADR Integration should complete full JSON-first workflow: ADR import → JSON creation → Markdown sync" time="0.002">
      <failure>Error: expect(received).toContain(expected) // indexOf

Expected substring: &quot;ADR Task Import Completed&quot;
Received string:    &quot;⚠️ No ADRs found in directory: docs/adrs·
**Recommendations:**
ADR directory &apos;docs/adrs&apos; does not exist
Consider creating the directory and adding your first ADR
Use the generate_adr_from_decision tool to create new ADRs&quot;
    at Object.&lt;anonymous&gt; (/home/runner/work/mcp-adr-analysis-server/mcp-adr-analysis-server/tests/todo-management-tool-v2.test.ts:531:44)</failure>
    </testcase>
    <testcase classname="JSON-First TODO Management Tool (v2) Error Handling should handle invalid operation" name="JSON-First TODO Management Tool (v2) Error Handling should handle invalid operation" time="0.027">
    </testcase>
    <testcase classname="JSON-First TODO Management Tool (v2) Error Handling should handle missing required fields" name="JSON-First TODO Management Tool (v2) Error Handling should handle missing required fields" time="0.002">
    </testcase>
    <testcase classname="JSON-First TODO Management Tool (v2) Error Handling should handle invalid task ID in updates" name="JSON-First TODO Management Tool (v2) Error Handling should handle invalid task ID in updates" time="0.305">
    </testcase>
    <testcase classname="JSON-First TODO Management Tool (v2) Error Handling should handle partial task ID in updates" name="JSON-First TODO Management Tool (v2) Error Handling should handle partial task ID in updates" time="0.012">
    </testcase>
    <testcase classname="JSON-First TODO Management Tool (v2) Schema Validation should validate priority enum values" name="JSON-First TODO Management Tool (v2) Schema Validation should validate priority enum values" time="0.012">
    </testcase>
    <testcase classname="JSON-First TODO Management Tool (v2) Schema Validation should validate status enum values in updates" name="JSON-First TODO Management Tool (v2) Schema Validation should validate status enum values in updates" time="0.006">
    </testcase>
    <testcase classname="JSON-First TODO Management Tool (v2) Schema Validation should accept valid ISO date format for dueDate" name="JSON-First TODO Management Tool (v2) Schema Validation should accept valid ISO date format for dueDate" time="0.006">
    </testcase>
    <testcase classname="JSON-First TODO Management Tool (v2) Performance Tests should handle multiple tasks efficiently" name="JSON-First TODO Management Tool (v2) Performance Tests should handle multiple tasks efficiently" time="0.036">
    </testcase>
    <testcase classname="JSON-First TODO Management Tool (v2) Performance Tests should handle analytics on many tasks efficiently" name="JSON-First TODO Management Tool (v2) Performance Tests should handle analytics on many tasks efficiently" time="0.045">
    </testcase>
    <testcase classname="JSON-First TODO Management Tool (v2) Scoring Integration Tests should validate scoring system integration in todo-data.json" name="JSON-First TODO Management Tool (v2) Scoring Integration Tests should validate scoring system integration in todo-data.json" time="0.002">
      <failure>Error: expect(received).toContain(expected) // indexOf

Expected substring: &quot;ADR Task Import Completed&quot;
Received string:    &quot;⚠️ No ADRs found in directory: docs/adrs·
**Recommendations:**
ADR directory &apos;docs/adrs&apos; does not exist
Consider creating the directory and adding your first ADR
Use the generate_adr_from_decision tool to create new ADRs&quot;
    at Object.&lt;anonymous&gt; (/home/runner/work/mcp-adr-analysis-server/mcp-adr-analysis-server/tests/todo-management-tool-v2.test.ts:766:44)</failure>
    </testcase>
    <testcase classname="JSON-First TODO Management Tool (v2) Scoring Integration Tests should validate project health scoring integration" name="JSON-First TODO Management Tool (v2) Scoring Integration Tests should validate project health scoring integration" time="0.003">
      <failure>McpAdrError: TODO management failed: Project path /home/runner/work/mcp-adr-analysis-server/sample-project does not exist
    at manageTodoV2 (/home/runner/work/mcp-adr-analysis-server/mcp-adr-analysis-server/src/tools/todo-management-tool-v2.ts:1979:11)
    at Object.&lt;anonymous&gt; (/home/runner/work/mcp-adr-analysis-server/mcp-adr-analysis-server/tests/todo-management-tool-v2.test.ts:831:28)</failure>
    </testcase>
    <testcase classname="JSON-First TODO Management Tool (v2) Complete Scoring Ecosystem Validation should create project-health-scores.json through direct scoring operations" name="JSON-First TODO Management Tool (v2) Complete Scoring Ecosystem Validation should create project-health-scores.json through direct scoring operations" time="0">
      <skipped/>
    </testcase>
    <testcase classname="JSON-First TODO Management Tool (v2) Complete Scoring Ecosystem Validation should create knowledge-graph-snapshots.json through KG operations" name="JSON-First TODO Management Tool (v2) Complete Scoring Ecosystem Validation should create knowledge-graph-snapshots.json through KG operations" time="0">
      <skipped/>
    </testcase>
    <testcase classname="JSON-First TODO Management Tool (v2) Complete Scoring Ecosystem Validation should validate complete cache ecosystem after all operations" name="JSON-First TODO Management Tool (v2) Complete Scoring Ecosystem Validation should validate complete cache ecosystem after all operations" time="0">
      <failure>Error: Cache directory not found: /home/runner/work/mcp-adr-analysis-server/sample-project/.mcp-adr-cache
    at Object.&lt;anonymous&gt; (/home/runner/work/mcp-adr-analysis-server/mcp-adr-analysis-server/tests/todo-management-tool-v2.test.ts:1001:15)
    at Promise.finally.completed (/home/runner/work/mcp-adr-analysis-server/mcp-adr-analysis-server/node_modules/jest-circus/build/jestAdapterInit.js:1556:28)
    at new Promise (&lt;anonymous&gt;)
    at callAsyncCircusFn (/home/runner/work/mcp-adr-analysis-server/mcp-adr-analysis-server/node_modules/jest-circus/build/jestAdapterInit.js:1496:10)
    at _callCircusTest (/home/runner/work/mcp-adr-analysis-server/mcp-adr-analysis-server/node_modules/jest-circus/build/jestAdapterInit.js:1006:40)
    at _runTest (/home/runner/work/mcp-adr-analysis-server/mcp-adr-analysis-server/node_modules/jest-circus/build/jestAdapterInit.js:946:3)
    at _runTestsForDescribeBlock (/home/runner/work/mcp-adr-analysis-server/mcp-adr-analysis-server/node_modules/jest-circus/build/jestAdapterInit.js:839:13)
    at _runTestsForDescribeBlock (/home/runner/work/mcp-adr-analysis-server/mcp-adr-analysis-server/node_modules/jest-circus/build/jestAdapterInit.js:829:11)
    at _runTestsForDescribeBlock (/home/runner/work/mcp-adr-analysis-server/mcp-adr-analysis-server/node_modules/jest-circus/build/jestAdapterInit.js:829:11)
    at run (/home/runner/work/mcp-adr-analysis-server/mcp-adr-analysis-server/node_modules/jest-circus/build/jestAdapterInit.js:757:3)
    at runAndTransformResultsToJestFormat (/home/runner/work/mcp-adr-analysis-server/mcp-adr-analysis-server/node_modules/jest-circus/build/jestAdapterInit.js:1917:21)
    at jestAdapter (/home/runner/work/mcp-adr-analysis-server/mcp-adr-analysis-server/node_modules/jest-circus/build/runner.js:101:19)
    at runTestInternal (/home/runner/work/mcp-adr-analysis-server/mcp-adr-analysis-server/node_modules/jest-runner/build/testWorker.js:275:16)
    at runTest (/home/runner/work/mcp-adr-analysis-server/mcp-adr-analysis-server/node_modules/jest-runner/build/testWorker.js:343:7)
    at Object.worker (/home/runner/work/mcp-adr-analysis-server/mcp-adr-analysis-server/node_modules/jest-runner/build/testWorker.js:497:12)</failure>
    </testcase>
    <testcase classname="JSON-First TODO Management Tool (v2) Real-World Cache Validation Tests should write ALL cache files to sample-project/.mcp-adr-cache for complete validation" name="JSON-First TODO Management Tool (v2) Real-World Cache Validation Tests should write ALL cache files to sample-project/.mcp-adr-cache for complete validation" time="0">
      <skipped/>
    </testcase>
  </testsuite>
  <testsuite name="Cache System" errors="0" failures="0" skipped="0" timestamp="2025-09-15T15:34:40" time="0.351" tests="65">
    <testcase classname="Cache System initializeCache should generate valid cache initialization prompt" name="Cache System initializeCache should generate valid cache initialization prompt" time="0.005">
    </testcase>
    <testcase classname="Cache System initializeCache should include security validation instructions" name="Cache System initializeCache should include security validation instructions" time="0.007">
    </testcase>
    <testcase classname="Cache System initializeCache should include expected output format" name="Cache System initializeCache should include expected output format" time="0">
    </testcase>
    <testcase classname="Cache System initializeCache should include error response format" name="Cache System initializeCache should include error response format" time="0">
    </testcase>
    <testcase classname="Cache System initializeCache should handle errors gracefully" name="Cache System initializeCache should handle errors gracefully" time="0.001">
    </testcase>
    <testcase classname="Cache System setCache should generate valid cache set prompt" name="Cache System setCache should generate valid cache set prompt" time="0.001">
    </testcase>
    <testcase classname="Cache System setCache should include cache entry structure" name="Cache System setCache should include cache entry structure" time="0.001">
    </testcase>
    <testcase classname="Cache System setCache should use default options when not provided" name="Cache System setCache should use default options when not provided" time="0.001">
    </testcase>
    <testcase classname="Cache System setCache should include security validation for cache storage" name="Cache System setCache should include security validation for cache storage" time="0.001">
    </testcase>
    <testcase classname="Cache System setCache should include expected output format for storage" name="Cache System setCache should include expected output format for storage" time="0">
    </testcase>
    <testcase classname="Cache System setCache should handle special characters in cache key" name="Cache System setCache should handle special characters in cache key" time="0">
    </testcase>
    <testcase classname="Cache System setCache should handle large data objects" name="Cache System setCache should handle large data objects" time="0.001">
    </testcase>
    <testcase classname="Cache System setCache should handle errors in cache set operations" name="Cache System setCache should handle errors in cache set operations" time="0.001">
    </testcase>
    <testcase classname="Cache System getCache should generate valid cache get prompt" name="Cache System getCache should generate valid cache get prompt" time="0.001">
    </testcase>
    <testcase classname="Cache System getCache should include file existence check instructions" name="Cache System getCache should include file existence check instructions" time="0">
    </testcase>
    <testcase classname="Cache System getCache should include TTL validation logic" name="Cache System getCache should include TTL validation logic" time="0.001">
    </testcase>
    <testcase classname="Cache System getCache should include cache cleanup instructions" name="Cache System getCache should include cache cleanup instructions" time="0">
    </testcase>
    <testcase classname="Cache System getCache should include expected output formats" name="Cache System getCache should include expected output formats" time="0">
    </testcase>
    <testcase classname="Cache System getCache should include current time in context" name="Cache System getCache should include current time in context" time="0.001">
    </testcase>
    <testcase classname="Cache System getCache should handle errors in cache get operations" name="Cache System getCache should handle errors in cache get operations" time="0">
    </testcase>
    <testcase classname="Cache System hasValidCache should generate valid cache validity check prompt" name="Cache System hasValidCache should generate valid cache validity check prompt" time="0.001">
    </testcase>
    <testcase classname="Cache System hasValidCache should embed cache retrieval prompt" name="Cache System hasValidCache should embed cache retrieval prompt" time="0">
    </testcase>
    <testcase classname="Cache System hasValidCache should include validity determination logic" name="Cache System hasValidCache should include validity determination logic" time="0.001">
    </testcase>
    <testcase classname="Cache System hasValidCache should include expected output formats for validity" name="Cache System hasValidCache should include expected output formats for validity" time="0.001">
    </testcase>
    <testcase classname="Cache System hasValidCache should handle errors in validity checks" name="Cache System hasValidCache should handle errors in validity checks" time="0">
    </testcase>
    <testcase classname="Cache System invalidateCache should generate valid cache invalidation prompt" name="Cache System invalidateCache should generate valid cache invalidation prompt" time="0.001">
    </testcase>
    <testcase classname="Cache System invalidateCache should include file existence check for invalidation" name="Cache System invalidateCache should include file existence check for invalidation" time="0.001">
    </testcase>
    <testcase classname="Cache System invalidateCache should include security validation for deletion" name="Cache System invalidateCache should include security validation for deletion" time="0">
    </testcase>
    <testcase classname="Cache System invalidateCache should include expected output format for invalidation" name="Cache System invalidateCache should include expected output format for invalidation" time="0.001">
    </testcase>
    <testcase classname="Cache System invalidateCache should handle errors in cache invalidation" name="Cache System invalidateCache should handle errors in cache invalidation" time="0.001">
    </testcase>
    <testcase classname="Cache System clearCache should generate valid cache clear prompt" name="Cache System clearCache should generate valid cache clear prompt" time="0">
    </testcase>
    <testcase classname="Cache System clearCache should include directory listing instructions" name="Cache System clearCache should include directory listing instructions" time="0">
    </testcase>
    <testcase classname="Cache System clearCache should include system file preservation" name="Cache System clearCache should include system file preservation" time="0">
    </testcase>
    <testcase classname="Cache System clearCache should include expected output format for clearing" name="Cache System clearCache should include expected output format for clearing" time="0">
    </testcase>
    <testcase classname="Cache System clearCache should handle errors in cache clearing" name="Cache System clearCache should handle errors in cache clearing" time="0">
    </testcase>
    <testcase classname="Cache System getCacheStats should generate valid cache stats prompt" name="Cache System getCacheStats should generate valid cache stats prompt" time="0">
    </testcase>
    <testcase classname="Cache System getCacheStats should include comprehensive analysis instructions" name="Cache System getCacheStats should include comprehensive analysis instructions" time="0.001">
    </testcase>
    <testcase classname="Cache System getCacheStats should include expected statistics format" name="Cache System getCacheStats should include expected statistics format" time="0.001">
    </testcase>
    <testcase classname="Cache System getCacheStats should handle errors in stats collection" name="Cache System getCacheStats should handle errors in stats collection" time="0">
    </testcase>
    <testcase classname="Cache System cleanupCache should generate valid cache cleanup prompt" name="Cache System cleanupCache should generate valid cache cleanup prompt" time="0.001">
    </testcase>
    <testcase classname="Cache System cleanupCache should include expiration check logic" name="Cache System cleanupCache should include expiration check logic" time="0">
    </testcase>
    <testcase classname="Cache System cleanupCache should include metadata update instructions" name="Cache System cleanupCache should include metadata update instructions" time="0.001">
    </testcase>
    <testcase classname="Cache System cleanupCache should include expected cleanup output format" name="Cache System cleanupCache should include expected cleanup output format" time="0.003">
    </testcase>
    <testcase classname="Cache System cleanupCache should handle errors in cache cleanup" name="Cache System cleanupCache should handle errors in cache cleanup" time="0.001">
    </testcase>
    <testcase classname="Cache System getCachedOrGenerate should generate valid cache-or-generate prompt" name="Cache System getCachedOrGenerate should generate valid cache-or-generate prompt" time="0.001">
    </testcase>
    <testcase classname="Cache System getCachedOrGenerate should include cache retrieval step" name="Cache System getCachedOrGenerate should include cache retrieval step" time="0">
    </testcase>
    <testcase classname="Cache System getCachedOrGenerate should include data generation step" name="Cache System getCachedOrGenerate should include data generation step" time="0.001">
    </testcase>
    <testcase classname="Cache System getCachedOrGenerate should include both output formats" name="Cache System getCachedOrGenerate should include both output formats" time="0.001">
    </testcase>
    <testcase classname="Cache System getCachedOrGenerate should use default options when not provided" name="Cache System getCachedOrGenerate should use default options when not provided" time="0">
    </testcase>
    <testcase classname="Cache System getCachedOrGenerate should handle errors in cache-or-generate operations" name="Cache System getCachedOrGenerate should handle errors in cache-or-generate operations" time="0.001">
    </testcase>
    <testcase classname="Cache System Error Handling should throw McpAdrError with correct error codes" name="Cache System Error Handling should throw McpAdrError with correct error codes" time="0.002">
    </testcase>
    <testcase classname="Cache System Error Handling should include error handling in all prompts" name="Cache System Error Handling should include error handling in all prompts" time="0.001">
    </testcase>
    <testcase classname="Cache System Security Features should include security validation in all operations" name="Cache System Security Features should include security validation in all operations" time="0.001">
    </testcase>
    <testcase classname="Cache System Security Features should sanitize cache keys to prevent path traversal" name="Cache System Security Features should sanitize cache keys to prevent path traversal" time="0.001">
    </testcase>
    <testcase classname="Cache System Security Features should include path traversal prevention in all prompts" name="Cache System Security Features should include path traversal prevention in all prompts" time="0.001">
    </testcase>
    <testcase classname="Cache System Performance Considerations should handle large cache keys efficiently" name="Cache System Performance Considerations should handle large cache keys efficiently" time="0">
    </testcase>
    <testcase classname="Cache System Performance Considerations should include compression option in cache entries" name="Cache System Performance Considerations should include compression option in cache entries" time="0.001">
    </testcase>
    <testcase classname="Cache System Performance Considerations should include TTL in all cache operations" name="Cache System Performance Considerations should include TTL in all cache operations" time="0">
    </testcase>
    <testcase classname="Cache System Concurrency and Edge Cases should handle concurrent operations safely" name="Cache System Concurrency and Edge Cases should handle concurrent operations safely" time="0.001">
    </testcase>
    <testcase classname="Cache System Concurrency and Edge Cases should handle empty cache key gracefully" name="Cache System Concurrency and Edge Cases should handle empty cache key gracefully" time="0">
    </testcase>
    <testcase classname="Cache System Concurrency and Edge Cases should handle null/undefined data gracefully" name="Cache System Concurrency and Edge Cases should handle null/undefined data gracefully" time="0">
    </testcase>
    <testcase classname="Cache System Context and Metadata should include consistent context across operations" name="Cache System Context and Metadata should include consistent context across operations" time="0.002">
    </testcase>
    <testcase classname="Cache System Context and Metadata should include operation-specific context" name="Cache System Context and Metadata should include operation-specific context" time="0">
    </testcase>
    <testcase classname="Cache System Integration with Configuration should use default cache directory" name="Cache System Integration with Configuration should use default cache directory" time="0">
    </testcase>
    <testcase classname="Cache System Integration with Configuration should handle different cache configurations" name="Cache System Integration with Configuration should handle different cache configurations" time="0">
    </testcase>
  </testsuite>
  <testsuite name="MCP Planning Tool" errors="0" failures="0" skipped="0" timestamp="2025-09-15T15:34:40" time="0.749" tests="29">
    <testcase classname="MCP Planning Tool Schema Validation should validate create_project operation input" name="MCP Planning Tool Schema Validation should validate create_project operation input" time="0.019">
    </testcase>
    <testcase classname="MCP Planning Tool Schema Validation should reject invalid operation" name="MCP Planning Tool Schema Validation should reject invalid operation" time="0.038">
    </testcase>
    <testcase classname="MCP Planning Tool Schema Validation should reject create_project without required fields" name="MCP Planning Tool Schema Validation should reject create_project without required fields" time="0.002">
    </testcase>
    <testcase classname="MCP Planning Tool Schema Validation should validate manage_phases operation input" name="MCP Planning Tool Schema Validation should validate manage_phases operation input" time="0.004">
    </testcase>
    <testcase classname="MCP Planning Tool Schema Validation should validate track_progress operation input" name="MCP Planning Tool Schema Validation should validate track_progress operation input" time="0.003">
    </testcase>
    <testcase classname="MCP Planning Tool Create Project Operation should create project with basic structure" name="MCP Planning Tool Create Project Operation should create project with basic structure" time="0.004">
    </testcase>
    <testcase classname="MCP Planning Tool Create Project Operation should import from ADRs when requested" name="MCP Planning Tool Create Project Operation should import from ADRs when requested" time="0.005">
    </testcase>
    <testcase classname="MCP Planning Tool Create Project Operation should import from TODOs when requested" name="MCP Planning Tool Create Project Operation should import from TODOs when requested" time="0.005">
    </testcase>
    <testcase classname="MCP Planning Tool Create Project Operation should reject creating project when one already exists" name="MCP Planning Tool Create Project Operation should reject creating project when one already exists" time="0.004">
    </testcase>
    <testcase classname="MCP Planning Tool Manage Phases Operation should list existing phases" name="MCP Planning Tool Manage Phases Operation should list existing phases" time="0.003">
    </testcase>
    <testcase classname="MCP Planning Tool Manage Phases Operation should create new phase" name="MCP Planning Tool Manage Phases Operation should create new phase" time="0.003">
    </testcase>
    <testcase classname="MCP Planning Tool Manage Phases Operation should transition phase status" name="MCP Planning Tool Manage Phases Operation should transition phase status" time="0.005">
    </testcase>
    <testcase classname="MCP Planning Tool Manage Phases Operation should handle phase not found error" name="MCP Planning Tool Manage Phases Operation should handle phase not found error" time="0.003">
    </testcase>
[...]
    </testcase>
  </testsuite>
  <testsuite name="MCP ADR Analysis Server Components" errors="0" failures="0" skipped="0" timestamp="2025-09-15T15:36:02" time="0.135" tests="5">
    <testcase classname="MCP ADR Analysis Server Components File System Utilities should have file system utilities available" name="MCP ADR Analysis Server Components File System Utilities should have file system utilities available" time="0.011">
    </testcase>
    <testcase classname="MCP ADR Analysis Server Components Analysis Prompts should have analysis prompt generators available" name="MCP ADR Analysis Server Components Analysis Prompts should have analysis prompt generators available" time="0.009">
    </testcase>
    <testcase classname="MCP ADR Analysis Server Components Analysis Prompts should generate valid analysis context" name="MCP ADR Analysis Server Components Analysis Prompts should generate valid analysis context" time="0.002">
    </testcase>
    <testcase classname="Prompt Templates should load all prompt templates correctly" name="Prompt Templates should load all prompt templates correctly" time="0.013">
    </testcase>
    <testcase classname="Prompt Templates should have valid argument definitions" name="Prompt Templates should have valid argument definitions" time="0.011">
    </testcase>
  </testsuite>
  <testsuite name="Configuration Management" errors="0" failures="0" skipped="0" timestamp="2025-09-15T15:36:02" time="0.146" tests="9">
    <testcase classname="Configuration Management loadConfig should load default configuration" name="Configuration Management loadConfig should load default configuration" time="0.006">
    </testcase>
    <testcase classname="Configuration Management loadConfig should load configuration from environment variables" name="Configuration Management loadConfig should load configuration from environment variables" time="0.005">
    </testcase>
    <testcase classname="Configuration Management loadConfig should validate log level enum" name="Configuration Management loadConfig should validate log level enum" time="0.013">
    </testcase>
    <testcase classname="Configuration Management loadConfig should handle numeric environment variables" name="Configuration Management loadConfig should handle numeric environment variables" time="0.002">
    </testcase>
    <testcase classname="Configuration Management validateProjectPath should validate existing directory" name="Configuration Management validateProjectPath should validate existing directory" time="0.001">
    </testcase>
    <testcase classname="Configuration Management validateProjectPath should reject non-existent path" name="Configuration Management validateProjectPath should reject non-existent path" time="0.002">
    </testcase>
    <testcase classname="Configuration Management createLogger should create logger with correct log level" name="Configuration Management createLogger should create logger with correct log level" time="0.001">
    </testcase>
    <testcase classname="Configuration Management path helpers should get ADR directory path" name="Configuration Management path helpers should get ADR directory path" time="0.001">
    </testcase>
    <testcase classname="Configuration Management path helpers should get cache directory path" name="Configuration Management path helpers should get cache directory path" time="0.001">
    </testcase>
  </testsuite>
  <testsuite name="AIExecutor - Simplified Tests" errors="0" failures="0" skipped="0" timestamp="2025-09-15T15:36:02" time="0.137" tests="6">
    <testcase classname="AIExecutor - Simplified Tests should be importable without errors" name="AIExecutor - Simplified Tests should be importable without errors" time="0.032">
    </testcase>
    <testcase classname="AIExecutor - Simplified Tests should handle disabled AI execution gracefully" name="AIExecutor - Simplified Tests should handle disabled AI execution gracefully" time="0.017">
    </testcase>
    <testcase classname="AIExecutor - Simplified Tests should handle missing API key gracefully" name="AIExecutor - Simplified Tests should handle missing API key gracefully" time="0.001">
    </testcase>
    <testcase classname="AIExecutor - Simplified Tests should provide configuration management" name="AIExecutor - Simplified Tests should provide configuration management" time="0.001">
    </testcase>
    <testcase classname="AIExecutor - Simplified Tests should provide cache management" name="AIExecutor - Simplified Tests should provide cache management" time="0.002">
    </testcase>
    <testcase classname="AIExecutor - Simplified Tests should provide singleton functionality" name="AIExecutor - Simplified Tests should provide singleton functionality" time="0.001">
    </testcase>
  </testsuite>
  <testsuite name="Index.ts - Core Functionality" errors="0" failures="0" skipped="0" timestamp="2025-09-15T15:36:03" time="0.133" tests="9">
    <testcase classname="Index.ts - Core Functionality Basic Module Tests should pass basic test" name="Index.ts - Core Functionality Basic Module Tests should pass basic test" time="0.002">
    </testcase>
    <testcase classname="Index.ts - Core Functionality Basic Module Tests should have mocked dependencies" name="Index.ts - Core Functionality Basic Module Tests should have mocked dependencies" time="0.001">
    </testcase>
    <testcase classname="Index.ts - Core Functionality Coverage Tests should test basic functionality" name="Index.ts - Core Functionality Coverage Tests should test basic functionality" time="0.001">
    </testcase>
    <testcase classname="Index.ts - Core Functionality Coverage Tests should test path joining" name="Index.ts - Core Functionality Coverage Tests should test path joining" time="0">
    </testcase>
    <testcase classname="Index.ts - Core Functionality Coverage Tests should test config loading" name="Index.ts - Core Functionality Coverage Tests should test config loading" time="0.008">
    </testcase>
    <testcase classname="Index.ts - Core Functionality Coverage Tests should test logger creation" name="Index.ts - Core Functionality Coverage Tests should test logger creation" time="0.001">
    </testcase>
    <testcase classname="Index.ts - Core Functionality Coverage Tests should test knowledge graph manager" name="Index.ts - Core Functionality Coverage Tests should test knowledge graph manager" time="0.003">
    </testcase>
    <testcase classname="Index.ts - Core Functionality Coverage Tests should test masking config" name="Index.ts - Core Functionality Coverage Tests should test masking config" time="0.002">
    </testcase>
    <testcase classname="Index.ts - Core Functionality Coverage Tests should test server creation" name="Index.ts - Core Functionality Coverage Tests should test server creation" time="0.017">
    </testcase>
  </testsuite>
  <testsuite name="Type Definitions" errors="0" failures="0" skipped="0" timestamp="2025-09-15T15:36:03" time="0.13" tests="9">
    <testcase classname="Type Definitions AdrSchema should validate a valid ADR object" name="Type Definitions AdrSchema should validate a valid ADR object" time="0.003">
    </testcase>
    <testcase classname="Type Definitions AdrSchema should reject an invalid ADR object" name="Type Definitions AdrSchema should reject an invalid ADR object" time="0.001">
    </testcase>
    <testcase classname="Type Definitions DetectedTechnologySchema should validate a valid technology object" name="Type Definitions DetectedTechnologySchema should validate a valid technology object" time="0.002">
    </testcase>
    <testcase classname="Type Definitions DetectedPatternSchema should validate a valid pattern object" name="Type Definitions DetectedPatternSchema should validate a valid pattern object" time="0">
    </testcase>
    <testcase classname="Error Classes McpAdrError should create error with code and message" name="Error Classes McpAdrError should create error with code and message" time="0.001">
    </testcase>
    <testcase classname="Error Classes McpAdrError should create error with details" name="Error Classes McpAdrError should create error with details" time="0.001">
    </testcase>
    <testcase classname="Error Classes ValidationError should extend McpAdrError with validation code" name="Error Classes ValidationError should extend McpAdrError with validation code" time="0.001">
    </testcase>
    <testcase classname="Custom Jest Matchers should have custom ADR validation matcher" name="Custom Jest Matchers should have custom ADR validation matcher" time="0">
    </testcase>
    <testcase classname="Custom Jest Matchers should have custom schema validation matcher" name="Custom Jest Matchers should have custom schema validation matcher" time="0">
    </testcase>
  </testsuite>
  <testsuite name="Version Management" errors="0" failures="0" skipped="0" timestamp="2025-09-15T15:36:03" time="0.101" tests="3">
    <testcase classname="Version Management should return correct version from package.json" name="Version Management should return correct version from package.json" time="0.003">
    </testcase>
    <testcase classname="Version Management should use generic fallback version when package.json not found" name="Version Management should use generic fallback version when package.json not found" time="0.002">
    </testcase>
    <testcase classname="Version Management should be future-proof for version updates" name="Version Management should be future-proof for version updates" time="0.002">
    </testcase>
  </testsuite>
  <testsuite name="Smoke Test" errors="0" failures="0" skipped="0" timestamp="2025-09-15T15:36:03" time="0.114" tests="5">
    <testcase classname="Smoke Test should always pass - validates test environment" name="Smoke Test should always pass - validates test environment" time="0.002">
    </testcase>
    <testcase classname="Smoke Test should validate basic Jest functionality" name="Smoke Test should validate basic Jest functionality" time="0.001">
    </testcase>
    <testcase classname="Smoke Test should validate environment variables" name="Smoke Test should validate environment variables" time="0">
    </testcase>
    <testcase classname="Smoke Test should validate basic module imports work" name="Smoke Test should validate basic module imports work" time="0.006">
    </testcase>
    <testcase classname="Smoke Test should validate TypeScript compilation environment" name="Smoke Test should validate TypeScript compilation environment" time="0">
    </testcase>
  </testsuite>
  <testsuite name="environment-analysis-tool" errors="0" failures="0" skipped="0" timestamp="2025-09-15T15:35:17" time="50.406" tests="30">
    <testcase classname="environment-analysis-tool analyzeEnvironment specs analysis should perform environment specs analysis with default parameters" name="environment-analysis-tool analyzeEnvironment specs analysis should perform environment specs analysis with default parameters" time="2.434">
    </testcase>
    <testcase classname="environment-analysis-tool analyzeEnvironment specs analysis should handle specs analysis with knowledge enhancement enabled" name="environment-analysis-tool analyzeEnvironment specs analysis should handle specs analysis with knowledge enhancement enabled" time="2.492">
    </testcase>
    <testcase classname="environment-analysis-tool analyzeEnvironment specs analysis should handle specs analysis with knowledge enhancement disabled" name="environment-analysis-tool analyzeEnvironment specs analysis should handle specs analysis with knowledge enhancement disabled" time="2.214">
    </testcase>
    <testcase classname="environment-analysis-tool analyzeEnvironment specs analysis should handle custom project path and ADR directory" name="environment-analysis-tool analyzeEnvironment specs analysis should handle custom project path and ADR directory" time="0.007">
    </testcase>
    <testcase classname="environment-analysis-tool analyzeEnvironment containerization analysis should perform containerization detection analysis" name="environment-analysis-tool analyzeEnvironment containerization analysis should perform containerization detection analysis" time="1.046">
    </testcase>
    <testcase classname="environment-analysis-tool analyzeEnvironment containerization analysis should include containerization knowledge enhancement when enabled" name="environment-analysis-tool analyzeEnvironment containerization analysis should include containerization knowledge enhancement when enabled" time="0.961">
    </testcase>
    <testcase classname="environment-analysis-tool analyzeEnvironment containerization analysis should provide expected containerization output information" name="environment-analysis-tool analyzeEnvironment containerization analysis should provide expected containerization output information" time="1.104">
    </testcase>
    <testcase classname="environment-analysis-tool analyzeEnvironment requirements analysis should perform requirements analysis from ADRs" name="environment-analysis-tool analyzeEnvironment requirements analysis should perform requirements analysis from ADRs" time="0.002">
    </testcase>
    <testcase classname="environment-analysis-tool analyzeEnvironment requirements analysis should include requirements knowledge enhancement" name="environment-analysis-tool analyzeEnvironment requirements analysis should include requirements knowledge enhancement" time="0.001">
    </testcase>
    <testcase classname="environment-analysis-tool analyzeEnvironment requirements analysis should provide expected requirements output information" name="environment-analysis-tool analyzeEnvironment requirements analysis should provide expected requirements output information" time="0.001">
    </testcase>
    <testcase classname="environment-analysis-tool analyzeEnvironment compliance analysis should perform compliance assessment with required parameters" name="environment-analysis-tool analyzeEnvironment compliance analysis should perform compliance assessment with required parameters" time="0.002">
    </testcase>
    <testcase classname="environment-analysis-tool analyzeEnvironment compliance analysis should include compliance knowledge enhancement" name="environment-analysis-tool analyzeEnvironment compliance analysis should include compliance knowledge enhancement" time="0.001">
    </testcase>
    <testcase classname="environment-analysis-tool analyzeEnvironment compliance analysis should provide expected compliance output information" name="environment-analysis-tool analyzeEnvironment compliance analysis should provide expected compliance output information" time="0.001">
    </testcase>
    <testcase classname="environment-analysis-tool analyzeEnvironment compliance analysis should throw error when currentEnvironment is missing" name="environment-analysis-tool analyzeEnvironment compliance analysis should throw error when currentEnvironment is missing" time="0.014">
    </testcase>
    <testcase classname="environment-analysis-tool analyzeEnvironment compliance analysis should throw error when requirements is missing" name="environment-analysis-tool analyzeEnvironment compliance analysis should throw error when requirements is missing" time="0">
    </testcase>
    <testcase classname="environment-analysis-tool analyzeEnvironment comprehensive analysis should perform comprehensive environment analysis" name="environment-analysis-tool analyzeEnvironment comprehensive analysis should perform comprehensive environment analysis" time="2.924">
    </testcase>
    <testcase classname="environment-analysis-tool analyzeEnvironment comprehensive analysis should include all analysis types in comprehensive mode" name="environment-analysis-tool analyzeEnvironment comprehensive analysis should include all analysis types in comprehensive mode" time="3.223">
    </testcase>
    <testcase classname="environment-analysis-tool analyzeEnvironment comprehensive analysis should include comprehensive knowledge enhancement" name="environment-analysis-tool analyzeEnvironment comprehensive analysis should include comprehensive knowledge enhancement" time="3.475">
    </testcase>
    <testcase classname="environment-analysis-tool analyzeEnvironment comprehensive analysis should provide comprehensive workflow guidance" name="environment-analysis-tool analyzeEnvironment comprehensive analysis should provide comprehensive workflow guidance" time="3.383">
    </testcase>
    <testcase classname="environment-analysis-tool analyzeEnvironment comprehensive analysis should provide expected comprehensive outcomes" name="environment-analysis-tool analyzeEnvironment comprehensive analysis should provide expected comprehensive outcomes" time="3.408">
    </testcase>
    <testcase classname="environment-analysis-tool analyzeEnvironment error handling should throw error for unknown analysis type" name="environment-analysis-tool analyzeEnvironment error handling should throw error for unknown analysis type" time="0.001">
    </testcase>
    <testcase classname="environment-analysis-tool analyzeEnvironment error handling should handle analysis errors gracefully" name="environment-analysis-tool analyzeEnvironment error handling should handle analysis errors gracefully" time="0.008">
    </testcase>
    <testcase classname="environment-analysis-tool analyzeEnvironment default parameters should use default parameters when not specified" name="environment-analysis-tool analyzeEnvironment default parameters should use default parameters when not specified" time="3.539">
    </testcase>
    <testcase classname="environment-analysis-tool analyzeEnvironment default parameters should use default project path and ADR directory" name="environment-analysis-tool analyzeEnvironment default parameters should use default project path and ADR directory" time="2.25">
    </testcase>
    <testcase classname="environment-analysis-tool analyzeEnvironment default parameters should enable knowledge enhancement and enhanced mode by default" name="environment-analysis-tool analyzeEnvironment default parameters should enable knowledge enhancement and enhanced mode by default" time="2.262">
    </testcase>
    <testcase classname="environment-analysis-tool analyzeEnvironment knowledge enhancement scenarios should handle knowledge generation success" name="environment-analysis-tool analyzeEnvironment knowledge enhancement scenarios should handle knowledge generation success" time="2.376">
    </testcase>
    <testcase classname="environment-analysis-tool analyzeEnvironment knowledge enhancement scenarios should handle knowledge generation disabled" name="environment-analysis-tool analyzeEnvironment knowledge enhancement scenarios should handle knowledge generation disabled" time="2.325">
    </testcase>
    <testcase classname="environment-analysis-tool analyzeEnvironment knowledge enhancement scenarios should handle mixed enhancement settings" name="environment-analysis-tool analyzeEnvironment knowledge enhancement scenarios should handle mixed enhancement settings" time="1.218">
    </testcase>
    <testcase classname="environment-analysis-tool analyzeEnvironment analysis type variations should handle all valid analysis types" name="environment-analysis-tool analyzeEnvironment analysis type variations should handle all valid analysis types" time="6.698">
    </testcase>
    <testcase classname="environment-analysis-tool analyzeEnvironment analysis type variations should provide different content for different analysis types" name="environment-analysis-tool analyzeEnvironment analysis type variations should provide different content for different analysis types" time="2.891">
    </testcase>
  </testsuite>
</testsuites>