<?xml version="1.0" encoding="UTF-8"?>
<testsuites name="jest tests" tests="5" failures="0" errors="0" time="0.382">
  <testsuite name="Smoke Test" errors="0" failures="0" skipped="0" timestamp="2025-12-15T18:01:22" time="0.16" tests="5">
    <testcase classname="Smoke Test should always pass - validates test environment" name="Smoke Test should always pass - validates test environment" time="0.004">
    </testcase>
    <testcase classname="Smoke Test should validate basic Jest functionality" name="Smoke Test should validate basic Jest functionality" time="0.001">
    </testcase>
    <testcase classname="Smoke Test should validate environment variables" name="Smoke Test should validate environment variables" time="0.001">
    </testcase>
    <testcase classname="Smoke Test should validate basic module imports work" name="Smoke Test should validate basic module imports work" time="0.001">
    </testcase>
    <testcase classname="Smoke Test should validate TypeScript compilation environment" name="Smoke Test should validate TypeScript compilation environment" time="0.001">
    </testcase>
  </testsuite>
</testsuites>