<?xml version="1.0" encoding="UTF-8"?>
<testsuites name="jest tests" tests="10" failures="0" errors="0" time="0.508">
  <testsuite name="Gitleaks Detector" errors="0" failures="0" skipped="0" timestamp="2025-12-12T14:28:33" time="0.28" tests="10">
    <testcase classname="Gitleaks Detector analyzeSensitiveContent should return empty result when no secrets found" name="Gitleaks Detector analyzeSensitiveContent should return empty result when no secrets found" time="0.005">
    </testcase>
    <testcase classname="Gitleaks Detector analyzeSensitiveContent should parse gitleaks output when secrets are found" name="Gitleaks Detector analyzeSensitiveContent should parse gitleaks output when secrets are found" time="0.003">
    </testcase>
    <testcase classname="Gitleaks Detector analyzeSensitiveContent should handle gitleaks execution errors gracefully" name="Gitleaks Detector analyzeSensitiveContent should handle gitleaks execution errors gracefully" time="0.002">
    </testcase>
    <testcase classname="Gitleaks Detector analyzeSensitiveContent should categorize rules correctly" name="Gitleaks Detector analyzeSensitiveContent should categorize rules correctly" time="0.002">
    </testcase>
    <testcase classname="Gitleaks Detector analyzeSensitiveContent should clean up temporary files" name="Gitleaks Detector analyzeSensitiveContent should clean up temporary files" time="0.002">
    </testcase>
    <testcase classname="Gitleaks Detector isObviouslySensitive should identify sensitive file names" name="Gitleaks Detector isObviouslySensitive should identify sensitive file names" time="0.002">
    </testcase>
    <testcase classname="Gitleaks Detector isObviouslySensitive should not flag normal file names" name="Gitleaks Detector isObviouslySensitive should not flag normal file names" time="0.002">
    </testcase>
    <testcase classname="Gitleaks Detector severity mapping should assign critical severity to important services" name="Gitleaks Detector severity mapping should assign critical severity to important services" time="0.003">
    </testcase>
    <testcase classname="Gitleaks Detector suggestions generation should provide appropriate suggestions for different secret types" name="Gitleaks Detector suggestions generation should provide appropriate suggestions for different secret types" time="0.002">
    </testcase>
    <testcase classname="Gitleaks Detector recommendations should provide critical warnings for critical issues" name="Gitleaks Detector recommendations should provide critical warnings for critical issues" time="0.001">
    </testcase>
  </testsuite>
</testsuites>